[ 2014-11-14T10:11:46+08:00 ] 127.0.0.1 /TP001/Editor.php/Login/login
INFO: [ route_check ] --START--
INFO: Run CheckRoute Behavior [ RunTime:0.001463s ]
INFO: [ route_check ] --END-- [ RunTime:0.001698s ]
INFO: [ app_begin ] --START--
INFO: Run ReadHtmlCache Behavior [ RunTime:0.001617s ]
INFO: [ app_begin ] --END-- [ RunTime:0.001844s ]
INFO: [ view_template ] --START--
INFO: Run LocationTemplate Behavior [ RunTime:0.019301s ]
INFO: [ view_template ] --END-- [ RunTime:0.019487s ]
INFO: [ view_parse ] --START--
INFO: Run ParseTemplate Behavior [ RunTime:0.161701s ]
INFO: [ view_parse ] --END-- [ RunTime:0.161918s ]
INFO: [ view_filter ] --START--
INFO: Run ContentReplace Behavior [ RunTime:0.011537s ]
INFO: Run TokenBuild Behavior [ RunTime:0.005975s ]
INFO: Run WriteHtmlCache Behavior [ RunTime:0.001859s ]
INFO: Run ShowRuntime Behavior [ RunTime:0.001706s ]
INFO: [ view_filter ] --END-- [ RunTime:0.021541s ]
INFO: [ view_end ] --START--
INFO: Run ShowPageTrace Behavior [ RunTime:0.001782s ]
INFO: [ view_end ] --END-- [ RunTime:0.001948s ]

[ 2014-11-14T10:11:46+08:00 ] 127.0.0.1 /TP001/Editor.php/Public/code
INFO: [ route_check ] --START--
INFO: Run CheckRoute Behavior [ RunTime:0.001480s ]
INFO: [ route_check ] --END-- [ RunTime:0.001720s ]
INFO: [ app_begin ] --START--
INFO: Run ReadHtmlCache Behavior [ RunTime:0.001151s ]
INFO: [ app_begin ] --END-- [ RunTime:0.001362s ]

[ 2014-11-14T10:12:02+08:00 ] 127.0.0.1 /TP001/Editor.php/Login/doLogin
INFO: [ route_check ] --START--
INFO: Run CheckRoute Behavior [ RunTime:0.001198s ]
INFO: [ route_check ] --END-- [ RunTime:0.001368s ]
INFO: [ app_begin ] --START--
INFO: Run ReadHtmlCache Behavior [ RunTime:0.000764s ]
INFO: [ app_begin ] --END-- [ RunTime:0.000895s ]
SQL: SHOW COLUMNS FROM `emenu_user` [ RunTime:0.062318s ]
SQL: SELECT COUNT(*) AS tp_count FROM `emenu_user` WHERE ( `UserName` = 'Editor' ) AND ( `Password` = '123456' ) LIMIT 1   [ RunTime:0.001281s ]
INFO: [ view_template ] --START--
INFO: Run LocationTemplate Behavior [ RunTime:0.001239s ]
INFO: [ view_template ] --END-- [ RunTime:0.001435s ]
INFO: [ view_parse ] --START--
INFO: Run ParseTemplate Behavior [ RunTime:0.032592s ]
INFO: [ view_parse ] --END-- [ RunTime:0.032767s ]
INFO: [ view_filter ] --START--
INFO: Run ContentReplace Behavior [ RunTime:0.000796s ]
INFO: Run TokenBuild Behavior [ RunTime:0.000673s ]
INFO: Run WriteHtmlCache Behavior [ RunTime:0.000487s ]
INFO: Run ShowRuntime Behavior [ RunTime:0.000894s ]
INFO: [ view_filter ] --END-- [ RunTime:0.003238s ]
INFO: [ view_end ] --START--
INFO: Run ShowPageTrace Behavior [ RunTime:0.000964s ]
INFO: [ view_end ] --END-- [ RunTime:0.001132s ]

[ 2014-11-14T10:12:03+08:00 ] 127.0.0.1 /TP001/Editor.php/Index/index
INFO: [ route_check ] --START--
INFO: Run CheckRoute Behavior [ RunTime:0.001187s ]
INFO: [ route_check ] --END-- [ RunTime:0.001396s ]
INFO: [ app_begin ] --START--
INFO: Run ReadHtmlCache Behavior [ RunTime:0.000899s ]
INFO: [ app_begin ] --END-- [ RunTime:0.001051s ]
NOTIC: [8] Use of undefined constant username - assumed 'username' C:\wamp\www\TP001\Editor\Lib\Action\IndexAction.class.php 第 6 行.
INFO: [ view_template ] --START--
INFO: Run LocationTemplate Behavior [ RunTime:0.015112s ]
INFO: [ view_template ] --END-- [ RunTime:0.015284s ]
INFO: [ view_parse ] --START--
INFO: Run ParseTemplate Behavior [ RunTime:0.034012s ]
INFO: [ view_parse ] --END-- [ RunTime:0.034240s ]
INFO: [ view_filter ] --START--
INFO: Run ContentReplace Behavior [ RunTime:0.000699s ]
INFO: Run TokenBuild Behavior [ RunTime:0.000611s ]
INFO: Run WriteHtmlCache Behavior [ RunTime:0.000537s ]
INFO: Run ShowRuntime Behavior [ RunTime:0.000789s ]
INFO: [ view_filter ] --END-- [ RunTime:0.003004s ]
INFO: [ view_end ] --START--
INFO: Run ShowPageTrace Behavior [ RunTime:0.000851s ]
INFO: [ view_end ] --END-- [ RunTime:0.000976s ]

[ 2014-11-14T10:12:03+08:00 ] 127.0.0.1 /TP001/Editor.php/Index/index
INFO: [ route_check ] --START--
INFO: Run CheckRoute Behavior [ RunTime:0.001312s ]
INFO: [ route_check ] --END-- [ RunTime:0.001477s ]
INFO: [ app_begin ] --START--
INFO: Run ReadHtmlCache Behavior [ RunTime:0.001076s ]
INFO: [ app_begin ] --END-- [ RunTime:0.001217s ]
NOTIC: [8] Use of undefined constant username - assumed 'username' C:\wamp\www\TP001\Editor\Lib\Action\IndexAction.class.php 第 6 行.
INFO: [ view_template ] --START--
INFO: Run LocationTemplate Behavior [ RunTime:0.001096s ]
INFO: [ view_template ] --END-- [ RunTime:0.001248s ]
INFO: [ view_parse ] --START--
INFO: Run ParseTemplate Behavior [ RunTime:0.010851s ]
INFO: [ view_parse ] --END-- [ RunTime:0.011086s ]
INFO: [ view_filter ] --START--
INFO: Run ContentReplace Behavior [ RunTime:0.000893s ]
INFO: Run TokenBuild Behavior [ RunTime:0.000673s ]
INFO: Run WriteHtmlCache Behavior [ RunTime:0.000615s ]
INFO: Run ShowRuntime Behavior [ RunTime:0.001519s ]
INFO: [ view_filter ] --END-- [ RunTime:0.004154s ]
INFO: [ view_end ] --START--
INFO: Run ShowPageTrace Behavior [ RunTime:0.001846s ]
INFO: [ view_end ] --END-- [ RunTime:0.002073s ]

[ 2014-11-14T15:13:45+08:00 ] 127.0.0.1 /TP001/Editor.php/Index/index
INFO: [ route_check ] --START--
INFO: Run CheckRoute Behavior [ RunTime:0.003197s ]
INFO: [ route_check ] --END-- [ RunTime:0.003467s ]
INFO: [ app_begin ] --START--
INFO: Run ReadHtmlCache Behavior [ RunTime:0.012478s ]
INFO: [ app_begin ] --END-- [ RunTime:0.012893s ]
NOTIC: [8] Use of undefined constant username - assumed 'username' C:\wamp\www\TP001\Editor\Lib\Action\IndexAction.class.php 第 6 行.
INFO: [ view_template ] --START--
INFO: Run LocationTemplate Behavior [ RunTime:0.009108s ]
INFO: [ view_template ] --END-- [ RunTime:0.009478s ]
INFO: [ view_parse ] --START--
INFO: Run ParseTemplate Behavior [ RunTime:0.050794s ]
INFO: [ view_parse ] --END-- [ RunTime:0.051000s ]
INFO: [ view_filter ] --START--
INFO: Run ContentReplace Behavior [ RunTime:0.014386s ]
INFO: Run TokenBuild Behavior [ RunTime:0.001799s ]
INFO: Run WriteHtmlCache Behavior [ RunTime:0.001418s ]
INFO: Run ShowRuntime Behavior [ RunTime:0.001651s ]
INFO: [ view_filter ] --END-- [ RunTime:0.019597s ]
INFO: [ view_end ] --START--
INFO: Run ShowPageTrace Behavior [ RunTime:0.001743s ]
INFO: [ view_end ] --END-- [ RunTime:0.001886s ]

[ 2014-11-14T15:13:45+08:00 ] 127.0.0.1 /TP001/Editor.php/Index/index
INFO: [ route_check ] --START--
INFO: Run CheckRoute Behavior [ RunTime:0.001234s ]
INFO: [ route_check ] --END-- [ RunTime:0.001442s ]
INFO: [ app_begin ] --START--
INFO: Run ReadHtmlCache Behavior [ RunTime:0.001101s ]
INFO: [ app_begin ] --END-- [ RunTime:0.001447s ]
NOTIC: [8] Use of undefined constant username - assumed 'username' C:\wamp\www\TP001\Editor\Lib\Action\IndexAction.class.php 第 6 行.
INFO: [ view_template ] --START--
INFO: Run LocationTemplate Behavior [ RunTime:0.000807s ]
INFO: [ view_template ] --END-- [ RunTime:0.001048s ]
INFO: [ view_parse ] --START--
INFO: Run ParseTemplate Behavior [ RunTime:0.011990s ]
INFO: [ view_parse ] --END-- [ RunTime:0.012185s ]
INFO: [ view_filter ] --START--
INFO: Run ContentReplace Behavior [ RunTime:0.000583s ]
INFO: Run TokenBuild Behavior [ RunTime:0.000556s ]
INFO: Run WriteHtmlCache Behavior [ RunTime:0.000393s ]
INFO: Run ShowRuntime Behavior [ RunTime:0.000630s ]
INFO: [ view_filter ] --END-- [ RunTime:0.002447s ]
INFO: [ view_end ] --START--
INFO: Run ShowPageTrace Behavior [ RunTime:0.000698s ]
INFO: [ view_end ] --END-- [ RunTime:0.000833s ]

[ 2014-11-14T15:14:51+08:00 ] 127.0.0.1 /TP001/Editor.php/Index/index
INFO: [ route_check ] --START--
INFO: Run CheckRoute Behavior [ RunTime:0.001369s ]
INFO: [ route_check ] --END-- [ RunTime:0.001541s ]
INFO: [ app_begin ] --START--
INFO: Run ReadHtmlCache Behavior [ RunTime:0.000817s ]
INFO: [ app_begin ] --END-- [ RunTime:0.001000s ]
NOTIC: [8] Use of undefined constant username - assumed 'username' C:\wamp\www\TP001\Editor\Lib\Action\IndexAction.class.php 第 6 行.
INFO: [ view_template ] --START--
INFO: Run LocationTemplate Behavior [ RunTime:0.000777s ]
INFO: [ view_template ] --END-- [ RunTime:0.001108s ]
INFO: [ view_parse ] --START--
INFO: Run ParseTemplate Behavior [ RunTime:0.012392s ]
INFO: [ view_parse ] --END-- [ RunTime:0.012586s ]
INFO: [ view_filter ] --START--
INFO: Run ContentReplace Behavior [ RunTime:0.000627s ]
INFO: Run TokenBuild Behavior [ RunTime:0.000466s ]
INFO: Run WriteHtmlCache Behavior [ RunTime:0.000351s ]
INFO: Run ShowRuntime Behavior [ RunTime:0.000766s ]
INFO: [ view_filter ] --END-- [ RunTime:0.002531s ]
INFO: [ view_end ] --START--
INFO: Run ShowPageTrace Behavior [ RunTime:0.000747s ]
INFO: [ view_end ] --END-- [ RunTime:0.000838s ]

[ 2014-11-14T15:14:51+08:00 ] 127.0.0.1 /TP001/Editor.php/Index/index
INFO: [ route_check ] --START--
INFO: Run CheckRoute Behavior [ RunTime:0.000931s ]
INFO: [ route_check ] --END-- [ RunTime:0.001072s ]
INFO: [ app_begin ] --START--
INFO: Run ReadHtmlCache Behavior [ RunTime:0.000687s ]
INFO: [ app_begin ] --END-- [ RunTime:0.000802s ]
NOTIC: [8] Use of undefined constant username - assumed 'username' C:\wamp\www\TP001\Editor\Lib\Action\IndexAction.class.php 第 6 行.
INFO: [ view_template ] --START--
INFO: Run LocationTemplate Behavior [ RunTime:0.000973s ]
INFO: [ view_template ] --END-- [ RunTime:0.001137s ]
INFO: [ view_parse ] --START--
INFO: Run ParseTemplate Behavior [ RunTime:0.013030s ]
INFO: [ view_parse ] --END-- [ RunTime:0.013250s ]
INFO: [ view_filter ] --START--
INFO: Run ContentReplace Behavior [ RunTime:0.000623s ]
INFO: Run TokenBuild Behavior [ RunTime:0.000535s ]
INFO: Run WriteHtmlCache Behavior [ RunTime:0.000398s ]
INFO: Run ShowRuntime Behavior [ RunTime:0.000628s ]
INFO: [ view_filter ] --END-- [ RunTime:0.002478s ]
INFO: [ view_end ] --START--
INFO: Run ShowPageTrace Behavior [ RunTime:0.000703s ]
INFO: [ view_end ] --END-- [ RunTime:0.000809s ]

[ 2014-11-14T15:14:51+08:00 ] 127.0.0.1 /TP001/Editor.php/Index/index
INFO: [ route_check ] --START--
INFO: Run CheckRoute Behavior [ RunTime:0.001112s ]
INFO: [ route_check ] --END-- [ RunTime:0.001268s ]
INFO: [ app_begin ] --START--
INFO: Run ReadHtmlCache Behavior [ RunTime:0.000790s ]
INFO: [ app_begin ] --END-- [ RunTime:0.000936s ]
NOTIC: [8] Use of undefined constant username - assumed 'username' C:\wamp\www\TP001\Editor\Lib\Action\IndexAction.class.php 第 6 行.
INFO: [ view_template ] --START--
INFO: Run LocationTemplate Behavior [ RunTime:0.000627s ]
INFO: [ view_template ] --END-- [ RunTime:0.000741s ]
INFO: [ view_parse ] --START--
INFO: Run ParseTemplate Behavior [ RunTime:0.009192s ]
INFO: [ view_parse ] --END-- [ RunTime:0.009361s ]
INFO: [ view_filter ] --START--
INFO: Run ContentReplace Behavior [ RunTime:0.000615s ]
INFO: Run TokenBuild Behavior [ RunTime:0.000538s ]
INFO: Run WriteHtmlCache Behavior [ RunTime:0.000402s ]
INFO: Run ShowRuntime Behavior [ RunTime:0.000645s ]
INFO: [ view_filter ] --END-- [ RunTime:0.002493s ]
INFO: [ view_end ] --START--
INFO: Run ShowPageTrace Behavior [ RunTime:0.000763s ]
INFO: [ view_end ] --END-- [ RunTime:0.000881s ]

[ 2014-11-14T15:38:05+08:00 ] 127.0.0.1 /TP001/Editor.php/Index/index
INFO: [ route_check ] --START--
INFO: Run CheckRoute Behavior [ RunTime:0.001418s ]
INFO: [ route_check ] --END-- [ RunTime:0.001590s ]
INFO: [ app_begin ] --START--
INFO: Run ReadHtmlCache Behavior [ RunTime:0.000940s ]
INFO: [ app_begin ] --END-- [ RunTime:0.001083s ]
NOTIC: [8] Use of undefined constant username - assumed 'username' C:\wamp\www\TP001\Editor\Lib\Action\IndexAction.class.php 第 6 行.
INFO: [ view_template ] --START--
INFO: Run LocationTemplate Behavior [ RunTime:0.001082s ]
INFO: [ view_template ] --END-- [ RunTime:0.001209s ]
INFO: [ view_parse ] --START--
INFO: Run ParseTemplate Behavior [ RunTime:0.010805s ]
INFO: [ view_parse ] --END-- [ RunTime:0.010980s ]
INFO: [ view_filter ] --START--
INFO: Run ContentReplace Behavior [ RunTime:0.000750s ]
INFO: Run TokenBuild Behavior [ RunTime:0.000689s ]
INFO: Run WriteHtmlCache Behavior [ RunTime:0.000548s ]
INFO: Run ShowRuntime Behavior [ RunTime:0.000926s ]
INFO: [ view_filter ] --END-- [ RunTime:0.003234s ]
INFO: [ view_end ] --START--
INFO: Run ShowPageTrace Behavior [ RunTime:0.000897s ]
INFO: [ view_end ] --END-- [ RunTime:0.001016s ]

[ 2014-11-14T15:38:22+08:00 ] 127.0.0.1 /TP001/Editor.php/Index/index
INFO: [ route_check ] --START--
INFO: Run CheckRoute Behavior [ RunTime:0.002300s ]
INFO: [ route_check ] --END-- [ RunTime:0.002710s ]
INFO: [ app_begin ] --START--
INFO: Run ReadHtmlCache Behavior [ RunTime:0.000982s ]
INFO: [ app_begin ] --END-- [ RunTime:0.001181s ]
NOTIC: [8] Use of undefined constant username - assumed 'username' C:\wamp\www\TP001\Editor\Lib\Action\IndexAction.class.php 第 6 行.
INFO: [ view_template ] --START--
INFO: Run LocationTemplate Behavior [ RunTime:0.000835s ]
INFO: [ view_template ] --END-- [ RunTime:0.001007s ]
INFO: [ view_parse ] --START--
INFO: Run ParseTemplate Behavior [ RunTime:0.010677s ]
INFO: [ view_parse ] --END-- [ RunTime:0.010927s ]
INFO: [ view_filter ] --START--
INFO: Run ContentReplace Behavior [ RunTime:0.000590s ]
INFO: Run TokenBuild Behavior [ RunTime:0.000587s ]
INFO: Run WriteHtmlCache Behavior [ RunTime:0.000562s ]
INFO: Run ShowRuntime Behavior [ RunTime:0.000757s ]
INFO: [ view_filter ] --END-- [ RunTime:0.002846s ]
INFO: [ view_end ] --START--
INFO: Run ShowPageTrace Behavior [ RunTime:0.000878s ]
INFO: [ view_end ] --END-- [ RunTime:0.001037s ]

[ 2014-11-14T15:38:50+08:00 ] 127.0.0.1 /TP001/Editor.php/Index/index
INFO: [ route_check ] --START--
INFO: Run CheckRoute Behavior [ RunTime:0.001944s ]
INFO: [ route_check ] --END-- [ RunTime:0.002089s ]
INFO: [ app_begin ] --START--
INFO: Run ReadHtmlCache Behavior [ RunTime:0.002917s ]
INFO: [ app_begin ] --END-- [ RunTime:0.003072s ]
NOTIC: [8] Use of undefined constant username - assumed 'username' C:\wamp\www\TP001\Editor\Lib\Action\IndexAction.class.php 第 6 行.
INFO: [ view_template ] --START--
INFO: Run LocationTemplate Behavior [ RunTime:0.001453s ]
INFO: [ view_template ] --END-- [ RunTime:0.002021s ]
INFO: [ view_parse ] --START--
INFO: Run ParseTemplate Behavior [ RunTime:0.012607s ]
INFO: [ view_parse ] --END-- [ RunTime:0.012801s ]
INFO: [ view_filter ] --START--
INFO: Run ContentReplace Behavior [ RunTime:0.000723s ]
INFO: Run TokenBuild Behavior [ RunTime:0.001159s ]
INFO: Run WriteHtmlCache Behavior [ RunTime:0.000485s ]
INFO: Run ShowRuntime Behavior [ RunTime:0.000771s ]
INFO: [ view_filter ] --END-- [ RunTime:0.003423s ]
INFO: [ view_end ] --START--
INFO: Run ShowPageTrace Behavior [ RunTime:0.000844s ]
INFO: [ view_end ] --END-- [ RunTime:0.000997s ]

[ 2014-11-14T15:39:10+08:00 ] 127.0.0.1 /TP001/Editor.php/Index/index
INFO: [ route_check ] --START--
INFO: Run CheckRoute Behavior [ RunTime:0.001418s ]
INFO: [ route_check ] --END-- [ RunTime:0.001586s ]
INFO: [ app_begin ] --START--
INFO: Run ReadHtmlCache Behavior [ RunTime:0.001016s ]
INFO: [ app_begin ] --END-- [ RunTime:0.001176s ]
NOTIC: [8] Use of undefined constant username - assumed 'username' C:\wamp\www\TP001\Editor\Lib\Action\IndexAction.class.php 第 6 行.
INFO: [ view_template ] --START--
INFO: Run LocationTemplate Behavior [ RunTime:0.001183s ]
INFO: [ view_template ] --END-- [ RunTime:0.001316s ]
INFO: [ view_parse ] --START--
INFO: Run ParseTemplate Behavior [ RunTime:0.011366s ]
INFO: [ view_parse ] --END-- [ RunTime:0.011591s ]
INFO: [ view_filter ] --START--
INFO: Run ContentReplace Behavior [ RunTime:0.000886s ]
INFO: Run TokenBuild Behavior [ RunTime:0.000713s ]
INFO: Run WriteHtmlCache Behavior [ RunTime:0.000611s ]
INFO: Run ShowRuntime Behavior [ RunTime:0.001019s ]
INFO: [ view_filter ] --END-- [ RunTime:0.003639s ]
INFO: [ view_end ] --START--
INFO: Run ShowPageTrace Behavior [ RunTime:0.000969s ]
INFO: [ view_end ] --END-- [ RunTime:0.001061s ]

[ 2014-11-14T15:39:11+08:00 ] 127.0.0.1 /TP001/Editor.php/Index/index
INFO: [ route_check ] --START--
INFO: Run CheckRoute Behavior [ RunTime:0.001481s ]
INFO: [ route_check ] --END-- [ RunTime:0.001653s ]
INFO: [ app_begin ] --START--
INFO: Run ReadHtmlCache Behavior [ RunTime:0.001913s ]
INFO: [ app_begin ] --END-- [ RunTime:0.002071s ]
NOTIC: [8] Use of undefined constant username - assumed 'username' C:\wamp\www\TP001\Editor\Lib\Action\IndexAction.class.php 第 6 行.
INFO: [ view_template ] --START--
INFO: Run LocationTemplate Behavior [ RunTime:0.000841s ]
INFO: [ view_template ] --END-- [ RunTime:0.001010s ]
INFO: [ view_parse ] --START--
INFO: Run ParseTemplate Behavior [ RunTime:0.010454s ]
INFO: [ view_parse ] --END-- [ RunTime:0.010724s ]
INFO: [ view_filter ] --START--
INFO: Run ContentReplace Behavior [ RunTime:0.000587s ]
INFO: Run TokenBuild Behavior [ RunTime:0.000690s ]
INFO: Run WriteHtmlCache Behavior [ RunTime:0.000411s ]
INFO: Run ShowRuntime Behavior [ RunTime:0.000715s ]
INFO: [ view_filter ] --END-- [ RunTime:0.002735s ]
INFO: [ view_end ] --START--
INFO: Run ShowPageTrace Behavior [ RunTime:0.000983s ]
INFO: [ view_end ] --END-- [ RunTime:0.001145s ]

[ 2014-11-14T15:42:14+08:00 ] 127.0.0.1 /TP001/Editor.php/Index/index
INFO: [ route_check ] --START--
INFO: Run CheckRoute Behavior [ RunTime:0.001734s ]
INFO: [ route_check ] --END-- [ RunTime:0.001955s ]
INFO: [ app_begin ] --START--
INFO: Run ReadHtmlCache Behavior [ RunTime:0.001099s ]
INFO: [ app_begin ] --END-- [ RunTime:0.001281s ]
NOTIC: [8] Use of undefined constant username - assumed 'username' C:\wamp\www\TP001\Editor\Lib\Action\IndexAction.class.php 第 6 行.
INFO: [ view_template ] --START--
INFO: Run LocationTemplate Behavior [ RunTime:0.001881s ]
INFO: [ view_template ] --END-- [ RunTime:0.002102s ]
INFO: [ view_parse ] --START--
INFO: Run ParseTemplate Behavior [ RunTime:0.012843s ]
INFO: [ view_parse ] --END-- [ RunTime:0.013125s ]
INFO: [ view_filter ] --START--
INFO: Run ContentReplace Behavior [ RunTime:0.000830s ]
INFO: Run TokenBuild Behavior [ RunTime:0.000757s ]
INFO: Run WriteHtmlCache Behavior [ RunTime:0.000536s ]
INFO: Run ShowRuntime Behavior [ RunTime:0.000843s ]
INFO: [ view_filter ] --END-- [ RunTime:0.003338s ]
INFO: [ view_end ] --START--
INFO: Run ShowPageTrace Behavior [ RunTime:0.000932s ]
INFO: [ view_end ] --END-- [ RunTime:0.001051s ]

[ 2014-11-14T15:43:35+08:00 ] 127.0.0.1 /TP001/Editor.php/Index/index
INFO: [ route_check ] --START--
INFO: Run CheckRoute Behavior [ RunTime:0.000902s ]
INFO: [ route_check ] --END-- [ RunTime:0.001039s ]
INFO: [ app_begin ] --START--
INFO: Run ReadHtmlCache Behavior [ RunTime:0.000645s ]
INFO: [ app_begin ] --END-- [ RunTime:0.000756s ]
NOTIC: [8] Use of undefined constant username - assumed 'username' C:\wamp\www\TP001\Editor\Lib\Action\IndexAction.class.php 第 6 行.
INFO: [ view_template ] --START--
INFO: Run LocationTemplate Behavior [ RunTime:0.000626s ]
INFO: [ view_template ] --END-- [ RunTime:0.000743s ]
INFO: [ view_parse ] --START--
INFO: Run ParseTemplate Behavior [ RunTime:0.012006s ]
INFO: [ view_parse ] --END-- [ RunTime:0.012189s ]
INFO: [ view_filter ] --START--
INFO: Run ContentReplace Behavior [ RunTime:0.000577s ]
INFO: Run TokenBuild Behavior [ RunTime:0.000513s ]
INFO: Run WriteHtmlCache Behavior [ RunTime:0.000414s ]
INFO: Run ShowRuntime Behavior [ RunTime:0.000936s ]
INFO: [ view_filter ] --END-- [ RunTime:0.002777s ]
INFO: [ view_end ] --START--
INFO: Run ShowPageTrace Behavior [ RunTime:0.001075s ]
INFO: [ view_end ] --END-- [ RunTime:0.001226s ]

[ 2014-11-14T15:48:36+08:00 ] 127.0.0.1 /TP001/Editor.php/Index/index
INFO: [ route_check ] --START--
INFO: Run CheckRoute Behavior [ RunTime:0.001209s ]
INFO: [ route_check ] --END-- [ RunTime:0.001359s ]
INFO: [ app_begin ] --START--
INFO: Run ReadHtmlCache Behavior [ RunTime:0.001063s ]
INFO: [ app_begin ] --END-- [ RunTime:0.001255s ]
NOTIC: [8] Use of undefined constant username - assumed 'username' C:\wamp\www\TP001\Editor\Lib\Action\IndexAction.class.php 第 6 行.
INFO: [ view_template ] --START--
INFO: Run LocationTemplate Behavior [ RunTime:0.001108s ]
INFO: [ view_template ] --END-- [ RunTime:0.001231s ]
INFO: [ view_parse ] --START--
INFO: Run ParseTemplate Behavior [ RunTime:0.010167s ]
INFO: [ view_parse ] --END-- [ RunTime:0.010319s ]
INFO: [ view_filter ] --START--
INFO: Run ContentReplace Behavior [ RunTime:0.000661s ]
INFO: Run TokenBuild Behavior [ RunTime:0.000567s ]
INFO: Run WriteHtmlCache Behavior [ RunTime:0.000531s ]
INFO: Run ShowRuntime Behavior [ RunTime:0.000690s ]
INFO: [ view_filter ] --END-- [ RunTime:0.002708s ]
INFO: [ view_end ] --START--
INFO: Run ShowPageTrace Behavior [ RunTime:0.000714s ]
INFO: [ view_end ] --END-- [ RunTime:0.000812s ]

[ 2014-11-14T15:50:28+08:00 ] 127.0.0.1 /TP001/Editor.php/Index/index
INFO: [ route_check ] --START--
INFO: Run CheckRoute Behavior [ RunTime:0.000915s ]
INFO: [ route_check ] --END-- [ RunTime:0.001061s ]
INFO: [ app_begin ] --START--
INFO: Run ReadHtmlCache Behavior [ RunTime:0.000626s ]
INFO: [ app_begin ] --END-- [ RunTime:0.000732s ]
NOTIC: [8] Use of undefined constant username - assumed 'username' C:\wamp\www\TP001\Editor\Lib\Action\IndexAction.class.php 第 6 行.
INFO: [ view_template ] --START--
INFO: Run LocationTemplate Behavior [ RunTime:0.000610s ]
INFO: [ view_template ] --END-- [ RunTime:0.000727s ]
INFO: [ view_parse ] --START--
INFO: Run ParseTemplate Behavior [ RunTime:0.009560s ]
INFO: [ view_parse ] --END-- [ RunTime:0.009728s ]
INFO: [ view_filter ] --START--
INFO: Run ContentReplace Behavior [ RunTime:0.000542s ]
INFO: Run TokenBuild Behavior [ RunTime:0.000511s ]
INFO: Run WriteHtmlCache Behavior [ RunTime:0.000377s ]
INFO: Run ShowRuntime Behavior [ RunTime:0.000603s ]
INFO: [ view_filter ] --END-- [ RunTime:0.002322s ]
INFO: [ view_end ] --START--
INFO: Run ShowPageTrace Behavior [ RunTime:0.000661s ]
INFO: [ view_end ] --END-- [ RunTime:0.000762s ]

[ 2014-11-14T15:51:21+08:00 ] 127.0.0.1 /TP001/Editor.php/Index/index
INFO: [ route_check ] --START--
INFO: Run CheckRoute Behavior [ RunTime:0.002080s ]
INFO: [ route_check ] --END-- [ RunTime:0.002762s ]
INFO: [ app_begin ] --START--
INFO: Run ReadHtmlCache Behavior [ RunTime:0.000932s ]
INFO: [ app_begin ] --END-- [ RunTime:0.001062s ]
NOTIC: [8] Use of undefined constant username - assumed 'username' C:\wamp\www\TP001\Editor\Lib\Action\IndexAction.class.php 第 6 行.
INFO: [ view_template ] --START--
INFO: Run LocationTemplate Behavior [ RunTime:0.001177s ]
INFO: [ view_template ] --END-- [ RunTime:0.001313s ]
INFO: [ view_parse ] --START--
INFO: Run ParseTemplate Behavior [ RunTime:0.016102s ]
INFO: [ view_parse ] --END-- [ RunTime:0.016286s ]
INFO: [ view_filter ] --START--
INFO: Run ContentReplace Behavior [ RunTime:0.001062s ]
INFO: Run TokenBuild Behavior [ RunTime:0.000748s ]
INFO: Run WriteHtmlCache Behavior [ RunTime:0.000521s ]
INFO: Run ShowRuntime Behavior [ RunTime:0.000755s ]
INFO: [ view_filter ] --END-- [ RunTime:0.003529s ]
INFO: [ view_end ] --START--
INFO: Run ShowPageTrace Behavior [ RunTime:0.000929s ]
INFO: [ view_end ] --END-- [ RunTime:0.001030s ]

[ 2014-11-14T15:53:32+08:00 ] 127.0.0.1 /TP001/Editor.php/Index/index
INFO: [ route_check ] --START--
INFO: Run CheckRoute Behavior [ RunTime:0.001235s ]
INFO: [ route_check ] --END-- [ RunTime:0.001384s ]
INFO: [ app_begin ] --START--
INFO: Run ReadHtmlCache Behavior [ RunTime:0.000735s ]
INFO: [ app_begin ] --END-- [ RunTime:0.000845s ]
NOTIC: [8] Use of undefined constant username - assumed 'username' C:\wamp\www\TP001\Editor\Lib\Action\IndexAction.class.php 第 6 行.
INFO: [ view_template ] --START--
INFO: Run LocationTemplate Behavior [ RunTime:0.001534s ]
INFO: [ view_template ] --END-- [ RunTime:0.001690s ]
INFO: [ view_parse ] --START--
INFO: Run ParseTemplate Behavior [ RunTime:0.012352s ]
INFO: [ view_parse ] --END-- [ RunTime:0.012611s ]
INFO: [ view_filter ] --START--
INFO: Run ContentReplace Behavior [ RunTime:0.001018s ]
INFO: Run TokenBuild Behavior [ RunTime:0.000758s ]
INFO: Run WriteHtmlCache Behavior [ RunTime:0.001066s ]
INFO: Run ShowRuntime Behavior [ RunTime:0.001113s ]
INFO: [ view_filter ] --END-- [ RunTime:0.004385s ]
INFO: [ view_end ] --START--
INFO: Run ShowPageTrace Behavior [ RunTime:0.000918s ]
INFO: [ view_end ] --END-- [ RunTime:0.001030s ]

[ 2014-11-14T15:54:49+08:00 ] 127.0.0.1 /TP001/Editor.php/Index/index
INFO: [ route_check ] --START--
INFO: Run CheckRoute Behavior [ RunTime:0.001107s ]
INFO: [ route_check ] --END-- [ RunTime:0.001284s ]
INFO: [ app_begin ] --START--
INFO: Run ReadHtmlCache Behavior [ RunTime:0.001273s ]
INFO: [ app_begin ] --END-- [ RunTime:0.001547s ]
NOTIC: [8] Use of undefined constant username - assumed 'username' C:\wamp\www\TP001\Editor\Lib\Action\IndexAction.class.php 第 6 行.
INFO: [ view_template ] --START--
INFO: Run LocationTemplate Behavior [ RunTime:0.000677s ]
INFO: [ view_template ] --END-- [ RunTime:0.000800s ]
INFO: [ view_parse ] --START--
INFO: Run ParseTemplate Behavior [ RunTime:0.012707s ]
INFO: [ view_parse ] --END-- [ RunTime:0.012865s ]
INFO: [ view_filter ] --START--
INFO: Run ContentReplace Behavior [ RunTime:0.000482s ]
INFO: Run TokenBuild Behavior [ RunTime:0.000532s ]
INFO: Run WriteHtmlCache Behavior [ RunTime:0.002522s ]
INFO: Run ShowRuntime Behavior [ RunTime:0.000930s ]
INFO: [ view_filter ] --END-- [ RunTime:0.004809s ]
INFO: [ view_end ] --START--
INFO: Run ShowPageTrace Behavior [ RunTime:0.000796s ]
INFO: [ view_end ] --END-- [ RunTime:0.000895s ]

[ 2014-11-14T15:56:11+08:00 ] 127.0.0.1 /TP001/Editor.php/Index/index
INFO: [ route_check ] --START--
INFO: Run CheckRoute Behavior [ RunTime:0.001386s ]
INFO: [ route_check ] --END-- [ RunTime:0.001551s ]
INFO: [ app_begin ] --START--
INFO: Run ReadHtmlCache Behavior [ RunTime:0.001451s ]
INFO: [ app_begin ] --END-- [ RunTime:0.001737s ]
NOTIC: [8] Use of undefined constant username - assumed 'username' C:\wamp\www\TP001\Editor\Lib\Action\IndexAction.class.php 第 6 行.
INFO: [ view_template ] --START--
INFO: Run LocationTemplate Behavior [ RunTime:0.001142s ]
INFO: [ view_template ] --END-- [ RunTime:0.001317s ]
INFO: [ view_parse ] --START--
INFO: Run ParseTemplate Behavior [ RunTime:0.014686s ]
INFO: [ view_parse ] --END-- [ RunTime:0.014935s ]
INFO: [ view_filter ] --START--
INFO: Run ContentReplace Behavior [ RunTime:0.000776s ]
INFO: Run TokenBuild Behavior [ RunTime:0.000719s ]
INFO: Run WriteHtmlCache Behavior [ RunTime:0.000639s ]
INFO: Run ShowRuntime Behavior [ RunTime:0.000855s ]
INFO: [ view_filter ] --END-- [ RunTime:0.003321s ]
INFO: [ view_end ] --START--
INFO: Run ShowPageTrace Behavior [ RunTime:0.001069s ]
INFO: [ view_end ] --END-- [ RunTime:0.001273s ]

[ 2014-11-14T15:57:04+08:00 ] 127.0.0.1 /TP001/Editor.php/Index/index
INFO: [ route_check ] --START--
INFO: Run CheckRoute Behavior [ RunTime:0.001915s ]
INFO: [ route_check ] --END-- [ RunTime:0.002310s ]
INFO: [ app_begin ] --START--
INFO: Run ReadHtmlCache Behavior [ RunTime:0.001190s ]
INFO: [ app_begin ] --END-- [ RunTime:0.001372s ]
NOTIC: [8] Use of undefined constant username - assumed 'username' C:\wamp\www\TP001\Editor\Lib\Action\IndexAction.class.php 第 6 行.
INFO: [ view_template ] --START--
INFO: Run LocationTemplate Behavior [ RunTime:0.001083s ]
INFO: [ view_template ] --END-- [ RunTime:0.001209s ]
INFO: [ view_parse ] --START--
INFO: Run ParseTemplate Behavior [ RunTime:0.010699s ]
INFO: [ view_parse ] --END-- [ RunTime:0.010940s ]
INFO: [ view_filter ] --START--
INFO: Run ContentReplace Behavior [ RunTime:0.000631s ]
INFO: Run TokenBuild Behavior [ RunTime:0.000611s ]
INFO: Run WriteHtmlCache Behavior [ RunTime:0.000347s ]
INFO: Run ShowRuntime Behavior [ RunTime:0.000761s ]
INFO: [ view_filter ] --END-- [ RunTime:0.002743s ]
INFO: [ view_end ] --START--
INFO: Run ShowPageTrace Behavior [ RunTime:0.000850s ]
INFO: [ view_end ] --END-- [ RunTime:0.001014s ]

[ 2014-11-14T16:04:34+08:00 ] 127.0.0.1 /TP001/Editor.php/Index/index
INFO: [ route_check ] --START--
INFO: Run CheckRoute Behavior [ RunTime:0.001118s ]
INFO: [ route_check ] --END-- [ RunTime:0.001260s ]
INFO: [ app_begin ] --START--
INFO: Run ReadHtmlCache Behavior [ RunTime:0.000755s ]
INFO: [ app_begin ] --END-- [ RunTime:0.000856s ]
NOTIC: [8] Use of undefined constant username - assumed 'username' C:\wamp\www\TP001\Editor\Lib\Action\IndexAction.class.php 第 6 行.
INFO: [ view_template ] --START--
INFO: Run LocationTemplate Behavior [ RunTime:0.000971s ]
INFO: [ view_template ] --END-- [ RunTime:0.001090s ]
INFO: [ view_parse ] --START--
INFO: Run ParseTemplate Behavior [ RunTime:0.009559s ]
INFO: [ view_parse ] --END-- [ RunTime:0.009706s ]
INFO: [ view_filter ] --START--
INFO: Run ContentReplace Behavior [ RunTime:0.000684s ]
INFO: Run TokenBuild Behavior [ RunTime:0.000625s ]
INFO: Run WriteHtmlCache Behavior [ RunTime:0.000454s ]
INFO: Run ShowRuntime Behavior [ RunTime:0.000682s ]
INFO: [ view_filter ] --END-- [ RunTime:0.002711s ]
INFO: [ view_end ] --START--
INFO: Run ShowPageTrace Behavior [ RunTime:0.000716s ]
INFO: [ view_end ] --END-- [ RunTime:0.000806s ]

[ 2014-11-14T16:04:46+08:00 ] 127.0.0.1 /TP001/Editor.php/Index/index
INFO: [ route_check ] --START--
INFO: Run CheckRoute Behavior [ RunTime:0.001127s ]
INFO: [ route_check ] --END-- [ RunTime:0.001261s ]
INFO: [ app_begin ] --START--
INFO: Run ReadHtmlCache Behavior [ RunTime:0.000781s ]
INFO: [ app_begin ] --END-- [ RunTime:0.000912s ]
NOTIC: [8] Use of undefined constant username - assumed 'username' C:\wamp\www\TP001\Editor\Lib\Action\IndexAction.class.php 第 6 行.
INFO: [ view_template ] --START--
INFO: Run LocationTemplate Behavior [ RunTime:0.000719s ]
INFO: [ view_template ] --END-- [ RunTime:0.000844s ]
INFO: [ view_parse ] --START--
INFO: Run ParseTemplate Behavior [ RunTime:0.009905s ]
INFO: [ view_parse ] --END-- [ RunTime:0.010083s ]
INFO: [ view_filter ] --START--
INFO: Run ContentReplace Behavior [ RunTime:0.000709s ]
INFO: Run TokenBuild Behavior [ RunTime:0.000613s ]
INFO: Run WriteHtmlCache Behavior [ RunTime:0.000490s ]
INFO: Run ShowRuntime Behavior [ RunTime:0.000731s ]
INFO: [ view_filter ] --END-- [ RunTime:0.002868s ]
INFO: [ view_end ] --START--
INFO: Run ShowPageTrace Behavior [ RunTime:0.000848s ]
INFO: [ view_end ] --END-- [ RunTime:0.000965s ]

[ 2014-11-14T16:05:29+08:00 ] 127.0.0.1 /TP001/Editor.php/Index/index
INFO: [ route_check ] --START--
INFO: Run CheckRoute Behavior [ RunTime:0.001007s ]
INFO: [ route_check ] --END-- [ RunTime:0.001160s ]
INFO: [ app_begin ] --START--
INFO: Run ReadHtmlCache Behavior [ RunTime:0.000693s ]
INFO: [ app_begin ] --END-- [ RunTime:0.000816s ]
NOTIC: [8] Use of undefined constant username - assumed 'username' C:\wamp\www\TP001\Editor\Lib\Action\IndexAction.class.php 第 6 行.
INFO: [ view_template ] --START--
INFO: Run LocationTemplate Behavior [ RunTime:0.000728s ]
INFO: [ view_template ] --END-- [ RunTime:0.000845s ]
INFO: [ view_parse ] --START--
INFO: Run ParseTemplate Behavior [ RunTime:0.009927s ]
INFO: [ view_parse ] --END-- [ RunTime:0.010157s ]
INFO: [ view_filter ] --START--
INFO: Run ContentReplace Behavior [ RunTime:0.000615s ]
INFO: Run TokenBuild Behavior [ RunTime:0.000612s ]
INFO: Run WriteHtmlCache Behavior [ RunTime:0.000346s ]
INFO: Run ShowRuntime Behavior [ RunTime:0.000760s ]
INFO: [ view_filter ] --END-- [ RunTime:0.002724s ]
INFO: [ view_end ] --START--
INFO: Run ShowPageTrace Behavior [ RunTime:0.000844s ]
INFO: [ view_end ] --END-- [ RunTime:0.000940s ]

[ 2014-11-14T16:07:22+08:00 ] 127.0.0.1 /TP001/Editor.php/Index/index
INFO: [ route_check ] --START--
INFO: Run CheckRoute Behavior [ RunTime:0.003102s ]
INFO: [ route_check ] --END-- [ RunTime:0.003322s ]
INFO: [ app_begin ] --START--
INFO: Run ReadHtmlCache Behavior [ RunTime:0.000996s ]
INFO: [ app_begin ] --END-- [ RunTime:0.001156s ]
NOTIC: [8] Use of undefined constant username - assumed 'username' C:\wamp\www\TP001\Editor\Lib\Action\IndexAction.class.php 第 6 行.
INFO: [ view_template ] --START--
INFO: Run LocationTemplate Behavior [ RunTime:0.001020s ]
INFO: [ view_template ] --END-- [ RunTime:0.001122s ]
INFO: [ view_parse ] --START--
INFO: Run ParseTemplate Behavior [ RunTime:0.009246s ]
INFO: [ view_parse ] --END-- [ RunTime:0.009449s ]
INFO: [ view_filter ] --START--
INFO: Run ContentReplace Behavior [ RunTime:0.000603s ]
INFO: Run TokenBuild Behavior [ RunTime:0.000588s ]
INFO: Run WriteHtmlCache Behavior [ RunTime:0.000448s ]
INFO: Run ShowRuntime Behavior [ RunTime:0.000668s ]
INFO: [ view_filter ] --END-- [ RunTime:0.002566s ]
INFO: [ view_end ] --START--
INFO: Run ShowPageTrace Behavior [ RunTime:0.000720s ]
INFO: [ view_end ] --END-- [ RunTime:0.000942s ]

[ 2014-11-14T16:08:52+08:00 ] 127.0.0.1 /TP001/Editor.php/Index/index
INFO: [ route_check ] --START--
INFO: Run CheckRoute Behavior [ RunTime:0.001200s ]
INFO: [ route_check ] --END-- [ RunTime:0.001341s ]
INFO: [ app_begin ] --START--
INFO: Run ReadHtmlCache Behavior [ RunTime:0.000683s ]
INFO: [ app_begin ] --END-- [ RunTime:0.000779s ]
NOTIC: [8] Use of undefined constant username - assumed 'username' C:\wamp\www\TP001\Editor\Lib\Action\IndexAction.class.php 第 6 行.
INFO: [ view_template ] --START--
INFO: Run LocationTemplate Behavior [ RunTime:0.001691s ]
INFO: [ view_template ] --END-- [ RunTime:0.001839s ]
INFO: [ view_parse ] --START--
INFO: Run ParseTemplate Behavior [ RunTime:0.009926s ]
INFO: [ view_parse ] --END-- [ RunTime:0.010108s ]
INFO: [ view_filter ] --START--
INFO: Run ContentReplace Behavior [ RunTime:0.000629s ]
INFO: Run TokenBuild Behavior [ RunTime:0.000574s ]
INFO: Run WriteHtmlCache Behavior [ RunTime:0.000452s ]
INFO: Run ShowRuntime Behavior [ RunTime:0.000661s ]
INFO: [ view_filter ] --END-- [ RunTime:0.002568s ]
INFO: [ view_end ] --START--
INFO: Run ShowPageTrace Behavior [ RunTime:0.000704s ]
INFO: [ view_end ] --END-- [ RunTime:0.000794s ]

[ 2014-11-14T16:10:42+08:00 ] 127.0.0.1 /TP001/Editor.php/Index/index
INFO: [ route_check ] --START--
INFO: Run CheckRoute Behavior [ RunTime:0.001717s ]
INFO: [ route_check ] --END-- [ RunTime:0.001995s ]
INFO: [ app_begin ] --START--
INFO: Run ReadHtmlCache Behavior [ RunTime:0.003239s ]
INFO: [ app_begin ] --END-- [ RunTime:0.003393s ]
NOTIC: [8] Use of undefined constant username - assumed 'username' C:\wamp\www\TP001\Editor\Lib\Action\IndexAction.class.php 第 6 行.
INFO: [ view_template ] --START--
INFO: Run LocationTemplate Behavior [ RunTime:0.000975s ]
INFO: [ view_template ] --END-- [ RunTime:0.001079s ]
INFO: [ view_parse ] --START--
INFO: Run ParseTemplate Behavior [ RunTime:0.010580s ]
INFO: [ view_parse ] --END-- [ RunTime:0.010786s ]
INFO: [ view_filter ] --START--
INFO: Run ContentReplace Behavior [ RunTime:0.000731s ]
INFO: Run TokenBuild Behavior [ RunTime:0.000648s ]
INFO: Run WriteHtmlCache Behavior [ RunTime:0.000504s ]
INFO: Run ShowRuntime Behavior [ RunTime:0.000694s ]
INFO: [ view_filter ] --END-- [ RunTime:0.002870s ]
INFO: [ view_end ] --START--
INFO: Run ShowPageTrace Behavior [ RunTime:0.000799s ]
INFO: [ view_end ] --END-- [ RunTime:0.000959s ]

[ 2014-11-14T16:11:03+08:00 ] 127.0.0.1 /TP001/Editor.php/Index/index
INFO: [ route_check ] --START--
INFO: Run CheckRoute Behavior [ RunTime:0.001851s ]
INFO: [ route_check ] --END-- [ RunTime:0.002047s ]
INFO: [ app_begin ] --START--
INFO: Run ReadHtmlCache Behavior [ RunTime:0.001230s ]
INFO: [ app_begin ] --END-- [ RunTime:0.001414s ]
NOTIC: [8] Use of undefined constant username - assumed 'username' C:\wamp\www\TP001\Editor\Lib\Action\IndexAction.class.php 第 6 行.
INFO: [ view_template ] --START--
INFO: Run LocationTemplate Behavior [ RunTime:0.001145s ]
INFO: [ view_template ] --END-- [ RunTime:0.001323s ]
INFO: [ view_parse ] --START--
INFO: Run ParseTemplate Behavior [ RunTime:0.011163s ]
INFO: [ view_parse ] --END-- [ RunTime:0.011318s ]
INFO: [ view_filter ] --START--
INFO: Run ContentReplace Behavior [ RunTime:0.000681s ]
INFO: Run TokenBuild Behavior [ RunTime:0.000781s ]
INFO: Run WriteHtmlCache Behavior [ RunTime:0.000472s ]
INFO: Run ShowRuntime Behavior [ RunTime:0.000814s ]
INFO: [ view_filter ] --END-- [ RunTime:0.003105s ]
INFO: [ view_end ] --START--
INFO: Run ShowPageTrace Behavior [ RunTime:0.000837s ]
INFO: [ view_end ] --END-- [ RunTime:0.000954s ]

[ 2014-11-14T16:14:23+08:00 ] 127.0.0.1 /TP001/Editor.php/Index/index
INFO: [ route_check ] --START--
INFO: Run CheckRoute Behavior [ RunTime:0.001361s ]
INFO: [ route_check ] --END-- [ RunTime:0.001517s ]
INFO: [ app_begin ] --START--
INFO: Run ReadHtmlCache Behavior [ RunTime:0.000885s ]
INFO: [ app_begin ] --END-- [ RunTime:0.001017s ]
NOTIC: [8] Use of undefined constant username - assumed 'username' C:\wamp\www\TP001\Editor\Lib\Action\IndexAction.class.php 第 6 行.
INFO: [ view_template ] --START--
INFO: Run LocationTemplate Behavior [ RunTime:0.001226s ]
INFO: [ view_template ] --END-- [ RunTime:0.001346s ]
INFO: [ view_parse ] --START--
INFO: Run ParseTemplate Behavior [ RunTime:0.010864s ]
INFO: [ view_parse ] --END-- [ RunTime:0.011011s ]
INFO: [ view_filter ] --START--
INFO: Run ContentReplace Behavior [ RunTime:0.000790s ]
INFO: Run TokenBuild Behavior [ RunTime:0.000644s ]
INFO: Run WriteHtmlCache Behavior [ RunTime:0.000450s ]
INFO: Run ShowRuntime Behavior [ RunTime:0.000793s ]
INFO: [ view_filter ] --END-- [ RunTime:0.002929s ]
INFO: [ view_end ] --START--
INFO: Run ShowPageTrace Behavior [ RunTime:0.000832s ]
INFO: [ view_end ] --END-- [ RunTime:0.000924s ]

[ 2014-11-14T16:21:09+08:00 ] 127.0.0.1 /TP001/Editor.php/Index/index
INFO: [ route_check ] --START--
INFO: Run CheckRoute Behavior [ RunTime:0.001386s ]
INFO: [ route_check ] --END-- [ RunTime:0.001581s ]
INFO: [ app_begin ] --START--
INFO: Run ReadHtmlCache Behavior [ RunTime:0.000892s ]
INFO: [ app_begin ] --END-- [ RunTime:0.001027s ]
NOTIC: [8] Use of undefined constant username - assumed 'username' C:\wamp\www\TP001\Editor\Lib\Action\IndexAction.class.php 第 6 行.
INFO: [ view_template ] --START--
INFO: Run LocationTemplate Behavior [ RunTime:0.001121s ]
INFO: [ view_template ] --END-- [ RunTime:0.001252s ]
INFO: [ view_parse ] --START--
INFO: Run ParseTemplate Behavior [ RunTime:0.015220s ]
INFO: [ view_parse ] --END-- [ RunTime:0.015441s ]
INFO: [ view_filter ] --START--
INFO: Run ContentReplace Behavior [ RunTime:0.000830s ]
INFO: Run TokenBuild Behavior [ RunTime:0.000576s ]
INFO: Run WriteHtmlCache Behavior [ RunTime:0.000451s ]
INFO: Run ShowRuntime Behavior [ RunTime:0.000810s ]
INFO: [ view_filter ] --END-- [ RunTime:0.002938s ]
INFO: [ view_end ] --START--
INFO: Run ShowPageTrace Behavior [ RunTime:0.000775s ]
INFO: [ view_end ] --END-- [ RunTime:0.000932s ]

