[ 2014-10-26T00:15:45+08:00 ] 127.0.0.1 /TP001/Editor.php/Login/login
INFO: [ route_check ] --START--
INFO: Run CheckRoute Behavior [ RunTime:0.001897s ]
INFO: [ route_check ] --END-- [ RunTime:0.002101s ]
INFO: [ app_begin ] --START--
INFO: Run ReadHtmlCache Behavior [ RunTime:0.001182s ]
INFO: [ app_begin ] --END-- [ RunTime:0.001364s ]
INFO: [ view_template ] --START--
INFO: Run LocationTemplate Behavior [ RunTime:0.001572s ]
INFO: [ view_template ] --END-- [ RunTime:0.001762s ]
INFO: [ view_parse ] --START--
INFO: Run ParseTemplate Behavior [ RunTime:0.017774s ]
INFO: [ view_parse ] --END-- [ RunTime:0.017990s ]
INFO: [ view_filter ] --START--
INFO: Run ContentReplace Behavior [ RunTime:0.000718s ]
INFO: Run TokenBuild Behavior [ RunTime:0.000714s ]
INFO: Run WriteHtmlCache Behavior [ RunTime:0.000568s ]
INFO: Run ShowRuntime Behavior [ RunTime:0.000847s ]
INFO: [ view_filter ] --END-- [ RunTime:0.003168s ]
INFO: [ view_end ] --START--
INFO: Run ShowPageTrace Behavior [ RunTime:0.001070s ]
INFO: [ view_end ] --END-- [ RunTime:0.001223s ]

[ 2014-10-26T00:15:45+08:00 ] ERR: (ThinkException) 无法加载模块:Public
[ 2014-10-26T00:15:49+08:00 ] 127.0.0.1 /TP001/Editor.php/Login/login
INFO: [ route_check ] --START--
INFO: Run CheckRoute Behavior [ RunTime:0.001412s ]
INFO: [ route_check ] --END-- [ RunTime:0.001625s ]
INFO: [ app_begin ] --START--
INFO: Run ReadHtmlCache Behavior [ RunTime:0.001121s ]
INFO: [ app_begin ] --END-- [ RunTime:0.001315s ]
INFO: [ view_template ] --START--
INFO: Run LocationTemplate Behavior [ RunTime:0.000872s ]
INFO: [ view_template ] --END-- [ RunTime:0.001072s ]
INFO: [ view_parse ] --START--
INFO: Run ParseTemplate Behavior [ RunTime:0.013676s ]
INFO: [ view_parse ] --END-- [ RunTime:0.013911s ]
INFO: [ view_filter ] --START--
INFO: Run ContentReplace Behavior [ RunTime:0.000851s ]
INFO: Run TokenBuild Behavior [ RunTime:0.000883s ]
INFO: Run WriteHtmlCache Behavior [ RunTime:0.000643s ]
INFO: Run ShowRuntime Behavior [ RunTime:0.001172s ]
INFO: [ view_filter ] --END-- [ RunTime:0.004068s ]
INFO: [ view_end ] --START--
INFO: Run ShowPageTrace Behavior [ RunTime:0.000891s ]
INFO: [ view_end ] --END-- [ RunTime:0.001005s ]

[ 2014-10-26T00:15:49+08:00 ] ERR: (ThinkException) 无法加载模块:Public
[ 2014-10-26T00:15:50+08:00 ] 127.0.0.1 /TP001/Editor.php/Login/login
INFO: [ route_check ] --START--
INFO: Run CheckRoute Behavior [ RunTime:0.001306s ]
INFO: [ route_check ] --END-- [ RunTime:0.001501s ]
INFO: [ app_begin ] --START--
INFO: Run ReadHtmlCache Behavior [ RunTime:0.001024s ]
INFO: [ app_begin ] --END-- [ RunTime:0.001205s ]
INFO: [ view_template ] --START--
INFO: Run LocationTemplate Behavior [ RunTime:0.001035s ]
INFO: [ view_template ] --END-- [ RunTime:0.001217s ]
INFO: [ view_parse ] --START--
INFO: Run ParseTemplate Behavior [ RunTime:0.013006s ]
INFO: [ view_parse ] --END-- [ RunTime:0.013213s ]
INFO: [ view_filter ] --START--
INFO: Run ContentReplace Behavior [ RunTime:0.000744s ]
INFO: Run TokenBuild Behavior [ RunTime:0.000795s ]
INFO: Run WriteHtmlCache Behavior [ RunTime:0.000575s ]
INFO: Run ShowRuntime Behavior [ RunTime:0.000968s ]
INFO: [ view_filter ] --END-- [ RunTime:0.003553s ]
INFO: [ view_end ] --START--
INFO: Run ShowPageTrace Behavior [ RunTime:0.001057s ]
INFO: [ view_end ] --END-- [ RunTime:0.001226s ]

[ 2014-10-26T00:15:50+08:00 ] ERR: (ThinkException) 无法加载模块:Public
[ 2014-10-26T00:15:51+08:00 ] 127.0.0.1 /TP001/Editor.php/Login/login
INFO: [ route_check ] --START--
INFO: Run CheckRoute Behavior [ RunTime:0.001435s ]
INFO: [ route_check ] --END-- [ RunTime:0.001629s ]
INFO: [ app_begin ] --START--
INFO: Run ReadHtmlCache Behavior [ RunTime:0.001031s ]
INFO: [ app_begin ] --END-- [ RunTime:0.001209s ]
INFO: [ view_template ] --START--
INFO: Run LocationTemplate Behavior [ RunTime:0.000796s ]
INFO: [ view_template ] --END-- [ RunTime:0.001040s ]
INFO: [ view_parse ] --START--
INFO: Run ParseTemplate Behavior [ RunTime:0.013098s ]
INFO: [ view_parse ] --END-- [ RunTime:0.013307s ]
INFO: [ view_filter ] --START--
INFO: Run ContentReplace Behavior [ RunTime:0.000622s ]
INFO: Run TokenBuild Behavior [ RunTime:0.000483s ]
INFO: Run WriteHtmlCache Behavior [ RunTime:0.000650s ]
INFO: Run ShowRuntime Behavior [ RunTime:0.000757s ]
INFO: [ view_filter ] --END-- [ RunTime:0.002859s ]
INFO: [ view_end ] --START--
INFO: Run ShowPageTrace Behavior [ RunTime:0.000761s ]
INFO: [ view_end ] --END-- [ RunTime:0.000861s ]

[ 2014-10-26T00:15:51+08:00 ] ERR: (ThinkException) 无法加载模块:Public
[ 2014-10-26T00:15:59+08:00 ] ERR: (ThinkException) 无法加载模块:Public
[ 2014-10-26T00:17:18+08:00 ] 127.0.0.1 /TP001/Editor.php/Login/login
INFO: [ route_check ] --START--
INFO: Run CheckRoute Behavior [ RunTime:0.000837s ]
INFO: [ route_check ] --END-- [ RunTime:0.000973s ]
INFO: [ app_begin ] --START--
INFO: Run ReadHtmlCache Behavior [ RunTime:0.000837s ]
INFO: [ app_begin ] --END-- [ RunTime:0.000951s ]
INFO: [ view_template ] --START--
INFO: Run LocationTemplate Behavior [ RunTime:0.000541s ]
INFO: [ view_template ] --END-- [ RunTime:0.000647s ]
INFO: [ view_parse ] --START--
INFO: Run ParseTemplate Behavior [ RunTime:0.009360s ]
INFO: [ view_parse ] --END-- [ RunTime:0.009518s ]
INFO: [ view_filter ] --START--
INFO: Run ContentReplace Behavior [ RunTime:0.000509s ]
INFO: Run TokenBuild Behavior [ RunTime:0.000500s ]
INFO: Run WriteHtmlCache Behavior [ RunTime:0.000325s ]
INFO: Run ShowRuntime Behavior [ RunTime:0.000646s ]
INFO: [ view_filter ] --END-- [ RunTime:0.002288s ]
INFO: [ view_end ] --START--
INFO: Run ShowPageTrace Behavior [ RunTime:0.000691s ]
INFO: [ view_end ] --END-- [ RunTime:0.000791s ]

[ 2014-10-26T00:17:19+08:00 ] ERR: (ThinkException) 无法加载模块:Public
[ 2014-10-26T00:17:21+08:00 ] 127.0.0.1 /TP001/Editor.php/Login/login
INFO: [ route_check ] --START--
INFO: Run CheckRoute Behavior [ RunTime:0.001090s ]
INFO: [ route_check ] --END-- [ RunTime:0.001221s ]
INFO: [ app_begin ] --START--
INFO: Run ReadHtmlCache Behavior [ RunTime:0.000656s ]
INFO: [ app_begin ] --END-- [ RunTime:0.000779s ]
INFO: [ view_template ] --START--
INFO: Run LocationTemplate Behavior [ RunTime:0.000489s ]
INFO: [ view_template ] --END-- [ RunTime:0.000604s ]
INFO: [ view_parse ] --START--
INFO: Run ParseTemplate Behavior [ RunTime:0.008856s ]
INFO: [ view_parse ] --END-- [ RunTime:0.008991s ]
INFO: [ view_filter ] --START--
INFO: Run ContentReplace Behavior [ RunTime:0.000438s ]
INFO: Run TokenBuild Behavior [ RunTime:0.000471s ]
INFO: Run WriteHtmlCache Behavior [ RunTime:0.000357s ]
INFO: Run ShowRuntime Behavior [ RunTime:0.000587s ]
INFO: [ view_filter ] --END-- [ RunTime:0.002193s ]
INFO: [ view_end ] --START--
INFO: Run ShowPageTrace Behavior [ RunTime:0.000602s ]
INFO: [ view_end ] --END-- [ RunTime:0.000725s ]

[ 2014-10-26T00:17:21+08:00 ] ERR: (ThinkException) 无法加载模块:Public
[ 2014-10-26T00:17:22+08:00 ] 127.0.0.1 /TP001/Editor.php/Login/login
INFO: [ route_check ] --START--
INFO: Run CheckRoute Behavior [ RunTime:0.001288s ]
INFO: [ route_check ] --END-- [ RunTime:0.001470s ]
INFO: [ app_begin ] --START--
INFO: Run ReadHtmlCache Behavior [ RunTime:0.000926s ]
INFO: [ app_begin ] --END-- [ RunTime:0.001090s ]
INFO: [ view_template ] --START--
INFO: Run LocationTemplate Behavior [ RunTime:0.000820s ]
INFO: [ view_template ] --END-- [ RunTime:0.000992s ]
INFO: [ view_parse ] --START--
INFO: Run ParseTemplate Behavior [ RunTime:0.010732s ]
INFO: [ view_parse ] --END-- [ RunTime:0.010908s ]
INFO: [ view_filter ] --START--
INFO: Run ContentReplace Behavior [ RunTime:0.000729s ]
INFO: Run TokenBuild Behavior [ RunTime:0.000785s ]
INFO: Run WriteHtmlCache Behavior [ RunTime:0.000411s ]
INFO: Run ShowRuntime Behavior [ RunTime:0.000791s ]
INFO: [ view_filter ] --END-- [ RunTime:0.003113s ]
INFO: [ view_end ] --START--
INFO: Run ShowPageTrace Behavior [ RunTime:0.000753s ]
INFO: [ view_end ] --END-- [ RunTime:0.000866s ]

[ 2014-10-26T00:17:22+08:00 ] ERR: (ThinkException) 无法加载模块:Public
[ 2014-10-26T00:17:23+08:00 ] 127.0.0.1 /TP001/Editor.php/Login/login
INFO: [ route_check ] --START--
INFO: Run CheckRoute Behavior [ RunTime:0.001821s ]
INFO: [ route_check ] --END-- [ RunTime:0.002037s ]
INFO: [ app_begin ] --START--
INFO: Run ReadHtmlCache Behavior [ RunTime:0.000599s ]
INFO: [ app_begin ] --END-- [ RunTime:0.000779s ]
INFO: [ view_template ] --START--
INFO: Run LocationTemplate Behavior [ RunTime:0.000508s ]
INFO: [ view_template ] --END-- [ RunTime:0.000643s ]
INFO: [ view_parse ] --START--
INFO: Run ParseTemplate Behavior [ RunTime:0.009104s ]
INFO: [ view_parse ] --END-- [ RunTime:0.009255s ]
INFO: [ view_filter ] --START--
INFO: Run ContentReplace Behavior [ RunTime:0.000430s ]
INFO: Run TokenBuild Behavior [ RunTime:0.000481s ]
INFO: Run WriteHtmlCache Behavior [ RunTime:0.000329s ]
INFO: Run ShowRuntime Behavior [ RunTime:0.000584s ]
INFO: [ view_filter ] --END-- [ RunTime:0.002102s ]
INFO: [ view_end ] --START--
INFO: Run ShowPageTrace Behavior [ RunTime:0.000671s ]
INFO: [ view_end ] --END-- [ RunTime:0.000811s ]

[ 2014-10-26T00:17:24+08:00 ] ERR: (ThinkException) 无法加载模块:Public
[ 2014-10-26T00:17:59+08:00 ] ERR: (ThinkException) 无法加载模块:Public
[ 2014-10-26T00:17:59+08:00 ] ERR: (ThinkException) 无法加载模块:Public
[ 2014-10-26T00:18:06+08:00 ] ERR: (ThinkException) 无法加载模块:Public
[ 2014-10-26T00:19:05+08:00 ] 127.0.0.1 /TP001/Editor.php/Login/login
INFO: [ route_check ] --START--
INFO: Run CheckRoute Behavior [ RunTime:0.001985s ]
INFO: [ route_check ] --END-- [ RunTime:0.002243s ]
INFO: [ app_begin ] --START--
INFO: Run ReadHtmlCache Behavior [ RunTime:0.000600s ]
INFO: [ app_begin ] --END-- [ RunTime:0.000713s ]
INFO: [ view_template ] --START--
INFO: Run LocationTemplate Behavior [ RunTime:0.001345s ]
INFO: [ view_template ] --END-- [ RunTime:0.001494s ]
INFO: [ view_parse ] --START--
INFO: Run ParseTemplate Behavior [ RunTime:0.017042s ]
INFO: [ view_parse ] --END-- [ RunTime:0.017202s ]
INFO: [ view_filter ] --START--
INFO: Run ContentReplace Behavior [ RunTime:0.000890s ]
INFO: Run TokenBuild Behavior [ RunTime:0.000792s ]
INFO: Run WriteHtmlCache Behavior [ RunTime:0.000640s ]
INFO: Run ShowRuntime Behavior [ RunTime:0.000910s ]
INFO: [ view_filter ] --END-- [ RunTime:0.003554s ]
INFO: [ view_end ] --START--
INFO: Run ShowPageTrace Behavior [ RunTime:0.000977s ]
INFO: [ view_end ] --END-- [ RunTime:0.001092s ]

[ 2014-10-26T00:19:05+08:00 ] ERR: (ThinkException) 无法加载模块:Public
[ 2014-10-26T00:19:05+08:00 ] ERR: (ThinkException) 无法加载模块:Public
[ 2014-10-26T00:19:13+08:00 ] ERR: (ThinkException) 无法加载模块:Public
[ 2014-10-26T00:19:13+08:00 ] ERR: (ThinkException) 无法加载模块:Public
[ 2014-10-26T00:20:49+08:00 ] 127.0.0.1 /TP001/Editor.php/Login/login
INFO: [ route_check ] --START--
INFO: Run CheckRoute Behavior [ RunTime:0.001549s ]
INFO: [ route_check ] --END-- [ RunTime:0.001707s ]
INFO: [ app_begin ] --START--
INFO: Run ReadHtmlCache Behavior [ RunTime:0.000993s ]
INFO: [ app_begin ] --END-- [ RunTime:0.001167s ]
INFO: [ view_template ] --START--
INFO: Run LocationTemplate Behavior [ RunTime:0.000621s ]
INFO: [ view_template ] --END-- [ RunTime:0.000730s ]
INFO: [ view_parse ] --START--
INFO: Run ParseTemplate Behavior [ RunTime:0.013426s ]
INFO: [ view_parse ] --END-- [ RunTime:0.013574s ]
INFO: [ view_filter ] --START--
INFO: Run ContentReplace Behavior [ RunTime:0.000449s ]
INFO: Run TokenBuild Behavior [ RunTime:0.000558s ]
INFO: Run WriteHtmlCache Behavior [ RunTime:0.000328s ]
INFO: Run ShowRuntime Behavior [ RunTime:0.000809s ]
INFO: [ view_filter ] --END-- [ RunTime:0.002448s ]
INFO: [ view_end ] --START--
INFO: Run ShowPageTrace Behavior [ RunTime:0.000852s ]
INFO: [ view_end ] --END-- [ RunTime:0.000968s ]

[ 2014-10-26T00:20:49+08:00 ] ERR: (ThinkException) 无法加载模块:Public
[ 2014-10-26T00:20:56+08:00 ] ERR: (ThinkException) 无法加载模块:Public
[ 2014-10-26T00:20:56+08:00 ] ERR: (ThinkException) 无法加载模块:Public
[ 2014-10-26T00:21:34+08:00 ] 127.0.0.1 /TP001/Editor.php/Login/login
INFO: [ route_check ] --START--
INFO: Run CheckRoute Behavior [ RunTime:0.001087s ]
INFO: [ route_check ] --END-- [ RunTime:0.001244s ]
INFO: [ app_begin ] --START--
INFO: Run ReadHtmlCache Behavior [ RunTime:0.000928s ]
INFO: [ app_begin ] --END-- [ RunTime:0.001094s ]
INFO: [ view_template ] --START--
INFO: Run LocationTemplate Behavior [ RunTime:0.001128s ]
INFO: [ view_template ] --END-- [ RunTime:0.001256s ]
INFO: [ view_parse ] --START--
INFO: Run ParseTemplate Behavior [ RunTime:0.014268s ]
INFO: [ view_parse ] --END-- [ RunTime:0.014444s ]
INFO: [ view_filter ] --START--
INFO: Run ContentReplace Behavior [ RunTime:0.000708s ]
INFO: Run TokenBuild Behavior [ RunTime:0.000761s ]
INFO: Run WriteHtmlCache Behavior [ RunTime:0.000540s ]
INFO: Run ShowRuntime Behavior [ RunTime:0.000756s ]
INFO: [ view_filter ] --END-- [ RunTime:0.003106s ]
INFO: [ view_end ] --START--
INFO: Run ShowPageTrace Behavior [ RunTime:0.000800s ]
INFO: [ view_end ] --END-- [ RunTime:0.000936s ]

[ 2014-10-26T00:21:34+08:00 ] ERR: (ThinkException) 无法加载模块:Public
[ 2014-10-26T00:21:34+08:00 ] ERR: (ThinkException) 无法加载模块:Public
[ 2014-10-26T00:21:38+08:00 ] 127.0.0.1 /TP001/Editor.php/Login/login
INFO: [ route_check ] --START--
INFO: Run CheckRoute Behavior [ RunTime:0.002017s ]
INFO: [ route_check ] --END-- [ RunTime:0.002306s ]
INFO: [ app_begin ] --START--
INFO: Run ReadHtmlCache Behavior [ RunTime:0.001515s ]
INFO: [ app_begin ] --END-- [ RunTime:0.001779s ]
INFO: [ view_template ] --START--
INFO: Run LocationTemplate Behavior [ RunTime:0.001178s ]
INFO: [ view_template ] --END-- [ RunTime:0.001448s ]
INFO: [ view_parse ] --START--
INFO: Run ParseTemplate Behavior [ RunTime:0.011978s ]
INFO: [ view_parse ] --END-- [ RunTime:0.012325s ]
INFO: [ view_filter ] --START--
INFO: Run ContentReplace Behavior [ RunTime:0.000576s ]
INFO: Run TokenBuild Behavior [ RunTime:0.000593s ]
INFO: Run WriteHtmlCache Behavior [ RunTime:0.000443s ]
INFO: Run ShowRuntime Behavior [ RunTime:0.000658s ]
INFO: [ view_filter ] --END-- [ RunTime:0.002592s ]
INFO: [ view_end ] --START--
INFO: Run ShowPageTrace Behavior [ RunTime:0.000652s ]
INFO: [ view_end ] --END-- [ RunTime:0.000775s ]

[ 2014-10-26T00:21:38+08:00 ] ERR: (ThinkException) 无法加载模块:Public
[ 2014-10-26T00:21:38+08:00 ] ERR: (ThinkException) 无法加载模块:Public
[ 2014-10-26T00:21:39+08:00 ] 127.0.0.1 /TP001/Editor.php/Login/login
INFO: [ route_check ] --START--
INFO: Run CheckRoute Behavior [ RunTime:0.000995s ]
INFO: [ route_check ] --END-- [ RunTime:0.001119s ]
INFO: [ app_begin ] --START--
INFO: Run ReadHtmlCache Behavior [ RunTime:0.000648s ]
INFO: [ app_begin ] --END-- [ RunTime:0.000829s ]
INFO: [ view_template ] --START--
INFO: Run LocationTemplate Behavior [ RunTime:0.000904s ]
INFO: [ view_template ] --END-- [ RunTime:0.001012s ]
INFO: [ view_parse ] --START--
INFO: Run ParseTemplate Behavior [ RunTime:0.008743s ]
INFO: [ view_parse ] --END-- [ RunTime:0.008932s ]
INFO: [ view_filter ] --START--
INFO: Run ContentReplace Behavior [ RunTime:0.000484s ]
INFO: Run TokenBuild Behavior [ RunTime:0.000582s ]
INFO: Run WriteHtmlCache Behavior [ RunTime:0.000324s ]
INFO: Run ShowRuntime Behavior [ RunTime:0.000619s ]
INFO: [ view_filter ] --END-- [ RunTime:0.002312s ]
INFO: [ view_end ] --START--
INFO: Run ShowPageTrace Behavior [ RunTime:0.000672s ]
INFO: [ view_end ] --END-- [ RunTime:0.000771s ]

[ 2014-10-26T00:21:39+08:00 ] ERR: (ThinkException) 无法加载模块:Public
[ 2014-10-26T00:21:39+08:00 ] ERR: (ThinkException) 无法加载模块:Public
[ 2014-10-26T00:21:40+08:00 ] 127.0.0.1 /TP001/Editor.php/Login/login
INFO: [ route_check ] --START--
INFO: Run CheckRoute Behavior [ RunTime:0.001190s ]
INFO: [ route_check ] --END-- [ RunTime:0.001348s ]
INFO: [ app_begin ] --START--
INFO: Run ReadHtmlCache Behavior [ RunTime:0.000585s ]
INFO: [ app_begin ] --END-- [ RunTime:0.000691s ]
INFO: [ view_template ] --START--
INFO: Run LocationTemplate Behavior [ RunTime:0.000497s ]
INFO: [ view_template ] --END-- [ RunTime:0.000603s ]
INFO: [ view_parse ] --START--
INFO: Run ParseTemplate Behavior [ RunTime:0.010297s ]
INFO: [ view_parse ] --END-- [ RunTime:0.010465s ]
INFO: [ view_filter ] --START--
INFO: Run ContentReplace Behavior [ RunTime:0.000728s ]
INFO: Run TokenBuild Behavior [ RunTime:0.000765s ]
INFO: Run WriteHtmlCache Behavior [ RunTime:0.000498s ]
INFO: Run ShowRuntime Behavior [ RunTime:0.000869s ]
INFO: [ view_filter ] --END-- [ RunTime:0.003299s ]
INFO: [ view_end ] --START--
INFO: Run ShowPageTrace Behavior [ RunTime:0.000949s ]
INFO: [ view_end ] --END-- [ RunTime:0.001112s ]

[ 2014-10-26T00:21:40+08:00 ] ERR: (ThinkException) 无法加载模块:Public
[ 2014-10-26T00:21:40+08:00 ] ERR: (ThinkException) 无法加载模块:Public
[ 2014-10-26T00:21:48+08:00 ] ERR: (ThinkException) 无法加载模块:Public
[ 2014-10-26T00:22:37+08:00 ] 127.0.0.1 /TP001/Editor.php/Login/login
INFO: [ route_check ] --START--
INFO: Run CheckRoute Behavior [ RunTime:0.001284s ]
INFO: [ route_check ] --END-- [ RunTime:0.001492s ]
INFO: [ app_begin ] --START--
INFO: Run ReadHtmlCache Behavior [ RunTime:0.000957s ]
INFO: [ app_begin ] --END-- [ RunTime:0.001108s ]
INFO: [ view_template ] --START--
INFO: Run LocationTemplate Behavior [ RunTime:0.001949s ]
INFO: [ view_template ] --END-- [ RunTime:0.002132s ]
INFO: [ view_parse ] --START--
INFO: Run ParseTemplate Behavior [ RunTime:0.018972s ]
INFO: [ view_parse ] --END-- [ RunTime:0.019148s ]
INFO: [ view_filter ] --START--
INFO: Run ContentReplace Behavior [ RunTime:0.001085s ]
INFO: Run TokenBuild Behavior [ RunTime:0.000973s ]
INFO: Run WriteHtmlCache Behavior [ RunTime:0.000771s ]
INFO: Run ShowRuntime Behavior [ RunTime:0.001240s ]
INFO: [ view_filter ] --END-- [ RunTime:0.004491s ]
INFO: [ view_end ] --START--
INFO: Run ShowPageTrace Behavior [ RunTime:0.000975s ]
INFO: [ view_end ] --END-- [ RunTime:0.001093s ]

[ 2014-10-26T00:22:38+08:00 ] ERR: (ThinkException) 无法加载模块:Public
[ 2014-10-26T00:23:19+08:00 ] 127.0.0.1 /TP001/Editor.php/Login/login
INFO: [ route_check ] --START--
INFO: Run CheckRoute Behavior [ RunTime:0.001141s ]
INFO: [ route_check ] --END-- [ RunTime:0.001281s ]
INFO: [ app_begin ] --START--
INFO: Run ReadHtmlCache Behavior [ RunTime:0.000996s ]
INFO: [ app_begin ] --END-- [ RunTime:0.001160s ]
INFO: [ view_template ] --START--
INFO: Run LocationTemplate Behavior [ RunTime:0.001472s ]
INFO: [ view_template ] --END-- [ RunTime:0.001593s ]
INFO: [ view_parse ] --START--
INFO: Run ParseTemplate Behavior [ RunTime:0.016519s ]
INFO: [ view_parse ] --END-- [ RunTime:0.016677s ]
INFO: [ view_filter ] --START--
INFO: Run ContentReplace Behavior [ RunTime:0.001065s ]
INFO: Run TokenBuild Behavior [ RunTime:0.001200s ]
INFO: Run WriteHtmlCache Behavior [ RunTime:0.000740s ]
INFO: Run ShowRuntime Behavior [ RunTime:0.000994s ]
INFO: [ view_filter ] --END-- [ RunTime:0.004559s ]
INFO: [ view_end ] --START--
INFO: Run ShowPageTrace Behavior [ RunTime:0.001277s ]
INFO: [ view_end ] --END-- [ RunTime:0.001430s ]

[ 2014-10-26T00:23:19+08:00 ] ERR: (ThinkException) 无法加载模块:Public
[ 2014-10-26T00:23:19+08:00 ] ERR: (ThinkException) 无法加载模块:Public
[ 2014-10-26T00:42:12+08:00 ] 127.0.0.1 /TP001/Editor.php/Login/login
INFO: [ route_check ] --START--
INFO: Run CheckRoute Behavior [ RunTime:0.001363s ]
INFO: [ route_check ] --END-- [ RunTime:0.001489s ]
INFO: [ app_begin ] --START--
INFO: Run ReadHtmlCache Behavior [ RunTime:0.000856s ]
INFO: [ app_begin ] --END-- [ RunTime:0.000964s ]
INFO: [ view_template ] --START--
INFO: Run LocationTemplate Behavior [ RunTime:0.001594s ]
INFO: [ view_template ] --END-- [ RunTime:0.001743s ]
INFO: [ view_parse ] --START--
INFO: Run ParseTemplate Behavior [ RunTime:0.012347s ]
INFO: [ view_parse ] --END-- [ RunTime:0.012543s ]
INFO: [ view_filter ] --START--
INFO: Run ContentReplace Behavior [ RunTime:0.000675s ]
INFO: Run TokenBuild Behavior [ RunTime:0.000702s ]
INFO: Run WriteHtmlCache Behavior [ RunTime:0.000673s ]
INFO: Run ShowRuntime Behavior [ RunTime:0.000882s ]
INFO: [ view_filter ] --END-- [ RunTime:0.003272s ]
INFO: [ view_end ] --START--
INFO: Run ShowPageTrace Behavior [ RunTime:0.000959s ]
INFO: [ view_end ] --END-- [ RunTime:0.001068s ]

[ 2014-10-26T00:42:14+08:00 ] 127.0.0.1 /TP001/Editor.php/Login/login
INFO: [ route_check ] --START--
INFO: Run CheckRoute Behavior [ RunTime:0.001112s ]
INFO: [ route_check ] --END-- [ RunTime:0.001250s ]
INFO: [ app_begin ] --START--
INFO: Run ReadHtmlCache Behavior [ RunTime:0.001039s ]
INFO: [ app_begin ] --END-- [ RunTime:0.001205s ]
INFO: [ view_template ] --START--
INFO: Run LocationTemplate Behavior [ RunTime:0.001221s ]
INFO: [ view_template ] --END-- [ RunTime:0.001353s ]
INFO: [ view_parse ] --START--
INFO: Run ParseTemplate Behavior [ RunTime:0.012115s ]
INFO: [ view_parse ] --END-- [ RunTime:0.012314s ]
INFO: [ view_filter ] --START--
INFO: Run ContentReplace Behavior [ RunTime:0.001115s ]
INFO: Run TokenBuild Behavior [ RunTime:0.000879s ]
INFO: Run WriteHtmlCache Behavior [ RunTime:0.000578s ]
INFO: Run ShowRuntime Behavior [ RunTime:0.000782s ]
INFO: [ view_filter ] --END-- [ RunTime:0.003758s ]
INFO: [ view_end ] --START--
INFO: Run ShowPageTrace Behavior [ RunTime:0.000929s ]
INFO: [ view_end ] --END-- [ RunTime:0.001040s ]

[ 2014-10-26T00:42:49+08:00 ] 127.0.0.1 /TP001/Editor.php/Login/login
INFO: [ route_check ] --START--
INFO: Run CheckRoute Behavior [ RunTime:0.001349s ]
INFO: [ route_check ] --END-- [ RunTime:0.001507s ]
INFO: [ app_begin ] --START--
INFO: Run ReadHtmlCache Behavior [ RunTime:0.000903s ]
INFO: [ app_begin ] --END-- [ RunTime:0.001053s ]
INFO: [ view_template ] --START--
INFO: Run LocationTemplate Behavior [ RunTime:0.001224s ]
INFO: [ view_template ] --END-- [ RunTime:0.001346s ]
INFO: [ view_parse ] --START--
INFO: Run ParseTemplate Behavior [ RunTime:0.010766s ]
INFO: [ view_parse ] --END-- [ RunTime:0.010901s ]
INFO: [ view_filter ] --START--
INFO: Run ContentReplace Behavior [ RunTime:0.000707s ]
INFO: Run TokenBuild Behavior [ RunTime:0.000817s ]
INFO: Run WriteHtmlCache Behavior [ RunTime:0.000804s ]
INFO: Run ShowRuntime Behavior [ RunTime:0.000871s ]
INFO: [ view_filter ] --END-- [ RunTime:0.003596s ]
INFO: [ view_end ] --START--
INFO: Run ShowPageTrace Behavior [ RunTime:0.000971s ]
INFO: [ view_end ] --END-- [ RunTime:0.001096s ]

[ 2014-10-26T00:42:55+08:00 ] 127.0.0.1 /TP001/Editor.php/Login/login
INFO: [ route_check ] --START--
INFO: Run CheckRoute Behavior [ RunTime:0.001099s ]
INFO: [ route_check ] --END-- [ RunTime:0.001222s ]
INFO: [ app_begin ] --START--
INFO: Run ReadHtmlCache Behavior [ RunTime:0.000937s ]
INFO: [ app_begin ] --END-- [ RunTime:0.001078s ]
INFO: [ view_template ] --START--
INFO: Run LocationTemplate Behavior [ RunTime:0.001161s ]
INFO: [ view_template ] --END-- [ RunTime:0.001283s ]
INFO: [ view_parse ] --START--
INFO: Run ParseTemplate Behavior [ RunTime:0.011476s ]
INFO: [ view_parse ] --END-- [ RunTime:0.011658s ]
INFO: [ view_filter ] --START--
INFO: Run ContentReplace Behavior [ RunTime:0.001133s ]
INFO: Run TokenBuild Behavior [ RunTime:0.001049s ]
INFO: Run WriteHtmlCache Behavior [ RunTime:0.000828s ]
INFO: Run ShowRuntime Behavior [ RunTime:0.001013s ]
INFO: [ view_filter ] --END-- [ RunTime:0.004455s ]
INFO: [ view_end ] --START--
INFO: Run ShowPageTrace Behavior [ RunTime:0.001092s ]
INFO: [ view_end ] --END-- [ RunTime:0.001267s ]

[ 2014-10-26T15:05:08+08:00 ] 127.0.0.1 /TP001/Editor.php/Login/login
INFO: [ route_check ] --START--
INFO: Run CheckRoute Behavior [ RunTime:0.008266s ]
INFO: [ route_check ] --END-- [ RunTime:0.008466s ]
INFO: [ app_begin ] --START--
INFO: Run ReadHtmlCache Behavior [ RunTime:0.007058s ]
INFO: [ app_begin ] --END-- [ RunTime:0.007326s ]
INFO: [ view_template ] --START--
INFO: Run LocationTemplate Behavior [ RunTime:0.007024s ]
INFO: [ view_template ] --END-- [ RunTime:0.007224s ]
INFO: [ view_parse ] --START--
INFO: Run ParseTemplate Behavior [ RunTime:0.078303s ]
INFO: [ view_parse ] --END-- [ RunTime:0.078530s ]
INFO: [ view_filter ] --START--
INFO: Run ContentReplace Behavior [ RunTime:0.006336s ]
INFO: Run TokenBuild Behavior [ RunTime:0.005848s ]
INFO: Run WriteHtmlCache Behavior [ RunTime:0.004572s ]
INFO: Run ShowRuntime Behavior [ RunTime:0.005520s ]
INFO: [ view_filter ] --END-- [ RunTime:0.022691s ]
INFO: [ view_end ] --START--
INFO: Run ShowPageTrace Behavior [ RunTime:0.005317s ]
INFO: [ view_end ] --END-- [ RunTime:0.005481s ]

[ 2014-10-26T15:07:01+08:00 ] 127.0.0.1 /TP001/Editor.php/Login/login
INFO: [ route_check ] --START--
INFO: Run CheckRoute Behavior [ RunTime:0.001222s ]
INFO: [ route_check ] --END-- [ RunTime:0.001407s ]
INFO: [ app_begin ] --START--
INFO: Run ReadHtmlCache Behavior [ RunTime:0.000809s ]
INFO: [ app_begin ] --END-- [ RunTime:0.000952s ]
INFO: [ view_template ] --START--
INFO: Run LocationTemplate Behavior [ RunTime:0.001328s ]
INFO: [ view_template ] --END-- [ RunTime:0.001478s ]
INFO: [ view_parse ] --START--
INFO: Run ParseTemplate Behavior [ RunTime:0.012458s ]
INFO: [ view_parse ] --END-- [ RunTime:0.012621s ]
INFO: [ view_filter ] --START--
INFO: Run ContentReplace Behavior [ RunTime:0.000940s ]
INFO: Run TokenBuild Behavior [ RunTime:0.000742s ]
INFO: Run WriteHtmlCache Behavior [ RunTime:0.000598s ]
INFO: Run ShowRuntime Behavior [ RunTime:0.000755s ]
INFO: [ view_filter ] --END-- [ RunTime:0.003468s ]
INFO: [ view_end ] --START--
INFO: Run ShowPageTrace Behavior [ RunTime:0.000944s ]
INFO: [ view_end ] --END-- [ RunTime:0.001058s ]

[ 2014-10-26T15:07:02+08:00 ] 127.0.0.1 /TP001/Editor.php/Public/code
INFO: [ route_check ] --START--
INFO: Run CheckRoute Behavior [ RunTime:0.001056s ]
INFO: [ route_check ] --END-- [ RunTime:0.001226s ]
INFO: [ app_begin ] --START--
INFO: Run ReadHtmlCache Behavior [ RunTime:0.000837s ]
INFO: [ app_begin ] --END-- [ RunTime:0.001027s ]

[ 2014-10-26T15:07:17+08:00 ] 127.0.0.1 /TP001/Editor.php/Login/login
INFO: [ route_check ] --START--
INFO: Run CheckRoute Behavior [ RunTime:0.001802s ]
INFO: [ route_check ] --END-- [ RunTime:0.002084s ]
INFO: [ app_begin ] --START--
INFO: Run ReadHtmlCache Behavior [ RunTime:0.001212s ]
INFO: [ app_begin ] --END-- [ RunTime:0.001393s ]
INFO: [ view_template ] --START--
INFO: Run LocationTemplate Behavior [ RunTime:0.000934s ]
INFO: [ view_template ] --END-- [ RunTime:0.001119s ]
INFO: [ view_parse ] --START--
INFO: Run ParseTemplate Behavior [ RunTime:0.011924s ]
INFO: [ view_parse ] --END-- [ RunTime:0.012127s ]
INFO: [ view_filter ] --START--
INFO: Run ContentReplace Behavior [ RunTime:0.000701s ]
INFO: Run TokenBuild Behavior [ RunTime:0.001507s ]
INFO: Run WriteHtmlCache Behavior [ RunTime:0.000539s ]
INFO: Run ShowRuntime Behavior [ RunTime:0.000877s ]
INFO: [ view_filter ] --END-- [ RunTime:0.004072s ]
INFO: [ view_end ] --START--
INFO: Run ShowPageTrace Behavior [ RunTime:0.000958s ]
INFO: [ view_end ] --END-- [ RunTime:0.001114s ]

[ 2014-10-26T15:07:17+08:00 ] 127.0.0.1 /TP001/Editor.php/Public/code
INFO: [ route_check ] --START--
INFO: Run CheckRoute Behavior [ RunTime:0.001209s ]
INFO: [ route_check ] --END-- [ RunTime:0.001393s ]
INFO: [ app_begin ] --START--
INFO: Run ReadHtmlCache Behavior [ RunTime:0.000899s ]
INFO: [ app_begin ] --END-- [ RunTime:0.001064s ]

[ 2014-10-26T15:08:36+08:00 ] 127.0.0.1 /TP001/Editor.php/Public/code?0.07095985906691527
INFO: [ route_check ] --START--
INFO: Run CheckRoute Behavior [ RunTime:0.000809s ]
INFO: [ route_check ] --END-- [ RunTime:0.000927s ]
INFO: [ app_begin ] --START--
INFO: Run ReadHtmlCache Behavior [ RunTime:0.000739s ]
INFO: [ app_begin ] --END-- [ RunTime:0.000863s ]

[ 2014-10-26T15:08:37+08:00 ] 127.0.0.1 /TP001/Editor.php/Public/code?0.07095985906691527?0.34534303672030897
INFO: [ route_check ] --START--
INFO: Run CheckRoute Behavior [ RunTime:0.000889s ]
INFO: [ route_check ] --END-- [ RunTime:0.001006s ]
INFO: [ app_begin ] --START--
INFO: Run ReadHtmlCache Behavior [ RunTime:0.000729s ]
INFO: [ app_begin ] --END-- [ RunTime:0.000843s ]

[ 2014-10-26T15:08:37+08:00 ] 127.0.0.1 /TP001/Editor.php/Public/code?0.07095985906691527?0.34534303672030897?0.7733254611319286
INFO: [ route_check ] --START--
INFO: Run CheckRoute Behavior [ RunTime:0.000956s ]
INFO: [ route_check ] --END-- [ RunTime:0.001109s ]
INFO: [ app_begin ] --START--
INFO: Run ReadHtmlCache Behavior [ RunTime:0.000823s ]
INFO: [ app_begin ] --END-- [ RunTime:0.000944s ]

[ 2014-10-26T15:11:50+08:00 ] 127.0.0.1 /TP001/Editor.php/Login/login
INFO: [ route_check ] --START--
INFO: Run CheckRoute Behavior [ RunTime:0.002298s ]
INFO: [ route_check ] --END-- [ RunTime:0.002572s ]
INFO: [ app_begin ] --START--
INFO: Run ReadHtmlCache Behavior [ RunTime:0.001404s ]
INFO: [ app_begin ] --END-- [ RunTime:0.001682s ]
INFO: [ view_template ] --START--
INFO: Run LocationTemplate Behavior [ RunTime:0.001520s ]
INFO: [ view_template ] --END-- [ RunTime:0.001739s ]
INFO: [ view_parse ] --START--
INFO: Run ParseTemplate Behavior [ RunTime:0.015699s ]
INFO: [ view_parse ] --END-- [ RunTime:0.016042s ]
INFO: [ view_filter ] --START--
INFO: Run ContentReplace Behavior [ RunTime:0.000842s ]
INFO: Run TokenBuild Behavior [ RunTime:0.001009s ]
INFO: Run WriteHtmlCache Behavior [ RunTime:0.000539s ]
INFO: Run ShowRuntime Behavior [ RunTime:0.001182s ]
INFO: [ view_filter ] --END-- [ RunTime:0.004026s ]
INFO: [ view_end ] --START--
INFO: Run ShowPageTrace Behavior [ RunTime:0.000972s ]
INFO: [ view_end ] --END-- [ RunTime:0.001086s ]

[ 2014-10-26T15:11:51+08:00 ] 127.0.0.1 /TP001/Editor.php/Public/code
INFO: [ route_check ] --START--
INFO: Run CheckRoute Behavior [ RunTime:0.001010s ]
INFO: [ route_check ] --END-- [ RunTime:0.001148s ]
INFO: [ app_begin ] --START--
INFO: Run ReadHtmlCache Behavior [ RunTime:0.000769s ]
INFO: [ app_begin ] --END-- [ RunTime:0.000948s ]

[ 2014-10-26T15:12:28+08:00 ] 127.0.0.1 /TP001/Editor.php/Login/login
INFO: [ route_check ] --START--
INFO: Run CheckRoute Behavior [ RunTime:0.001907s ]
INFO: [ route_check ] --END-- [ RunTime:0.002111s ]
INFO: [ app_begin ] --START--
INFO: Run ReadHtmlCache Behavior [ RunTime:0.001109s ]
INFO: [ app_begin ] --END-- [ RunTime:0.001256s ]
INFO: [ view_template ] --START--
INFO: Run LocationTemplate Behavior [ RunTime:0.001459s ]
INFO: [ view_template ] --END-- [ RunTime:0.001588s ]
INFO: [ view_parse ] --START--
INFO: Run ParseTemplate Behavior [ RunTime:0.012416s ]
INFO: [ view_parse ] --END-- [ RunTime:0.012703s ]
INFO: [ view_filter ] --START--
INFO: Run ContentReplace Behavior [ RunTime:0.000962s ]
INFO: Run TokenBuild Behavior [ RunTime:0.000918s ]
INFO: Run WriteHtmlCache Behavior [ RunTime:0.000774s ]
INFO: Run ShowRuntime Behavior [ RunTime:0.000987s ]
INFO: [ view_filter ] --END-- [ RunTime:0.004054s ]
INFO: [ view_end ] --START--
INFO: Run ShowPageTrace Behavior [ RunTime:0.000999s ]
INFO: [ view_end ] --END-- [ RunTime:0.001111s ]

[ 2014-10-26T15:12:28+08:00 ] 127.0.0.1 /TP001/Editor.php/Public/code
INFO: [ route_check ] --START--
INFO: Run CheckRoute Behavior [ RunTime:0.001538s ]
INFO: [ route_check ] --END-- [ RunTime:0.001726s ]
INFO: [ app_begin ] --START--
INFO: Run ReadHtmlCache Behavior [ RunTime:0.001206s ]
INFO: [ app_begin ] --END-- [ RunTime:0.001379s ]

[ 2014-10-26T15:12:30+08:00 ] 127.0.0.1 /TP001/Editor.php/Login/login
INFO: [ route_check ] --START--
INFO: Run CheckRoute Behavior [ RunTime:0.001229s ]
INFO: [ route_check ] --END-- [ RunTime:0.001352s ]
INFO: [ app_begin ] --START--
INFO: Run ReadHtmlCache Behavior [ RunTime:0.000869s ]
INFO: [ app_begin ] --END-- [ RunTime:0.000976s ]
INFO: [ view_template ] --START--
INFO: Run LocationTemplate Behavior [ RunTime:0.001148s ]
INFO: [ view_template ] --END-- [ RunTime:0.001268s ]
INFO: [ view_parse ] --START--
INFO: Run ParseTemplate Behavior [ RunTime:0.011283s ]
INFO: [ view_parse ] --END-- [ RunTime:0.011438s ]
INFO: [ view_filter ] --START--
INFO: Run ContentReplace Behavior [ RunTime:0.000645s ]
INFO: Run TokenBuild Behavior [ RunTime:0.000845s ]
INFO: Run WriteHtmlCache Behavior [ RunTime:0.000616s ]
INFO: Run ShowRuntime Behavior [ RunTime:0.000756s ]
INFO: [ view_filter ] --END-- [ RunTime:0.003184s ]
INFO: [ view_end ] --START--
INFO: Run ShowPageTrace Behavior [ RunTime:0.000913s ]
INFO: [ view_end ] --END-- [ RunTime:0.001022s ]

[ 2014-10-26T15:12:30+08:00 ] 127.0.0.1 /TP001/Editor.php/Public/code
INFO: [ route_check ] --START--
INFO: Run CheckRoute Behavior [ RunTime:0.001517s ]
INFO: [ route_check ] --END-- [ RunTime:0.001699s ]
INFO: [ app_begin ] --START--
INFO: Run ReadHtmlCache Behavior [ RunTime:0.001300s ]
INFO: [ app_begin ] --END-- [ RunTime:0.001470s ]

[ 2014-10-26T15:13:50+08:00 ] 127.0.0.1 /TP001/Editor.php/Login/login
INFO: [ route_check ] --START--
INFO: Run CheckRoute Behavior [ RunTime:0.001162s ]
INFO: [ route_check ] --END-- [ RunTime:0.001289s ]
INFO: [ app_begin ] --START--
INFO: Run ReadHtmlCache Behavior [ RunTime:0.000816s ]
INFO: [ app_begin ] --END-- [ RunTime:0.000924s ]
INFO: [ view_template ] --START--
INFO: Run LocationTemplate Behavior [ RunTime:0.001559s ]
INFO: [ view_template ] --END-- [ RunTime:0.001731s ]
INFO: [ view_parse ] --START--
INFO: Run ParseTemplate Behavior [ RunTime:0.016767s ]
INFO: [ view_parse ] --END-- [ RunTime:0.016981s ]
INFO: [ view_filter ] --START--
INFO: Run ContentReplace Behavior [ RunTime:0.000810s ]
INFO: Run TokenBuild Behavior [ RunTime:0.000728s ]
INFO: Run WriteHtmlCache Behavior [ RunTime:0.000657s ]
INFO: Run ShowRuntime Behavior [ RunTime:0.000945s ]
INFO: [ view_filter ] --END-- [ RunTime:0.003500s ]
INFO: [ view_end ] --START--
INFO: Run ShowPageTrace Behavior [ RunTime:0.001289s ]
INFO: [ view_end ] --END-- [ RunTime:0.001415s ]

[ 2014-10-26T15:13:50+08:00 ] 127.0.0.1 /TP001/Editor.php/Public/code
INFO: [ route_check ] --START--
INFO: Run CheckRoute Behavior [ RunTime:0.001552s ]
INFO: [ route_check ] --END-- [ RunTime:0.001741s ]
INFO: [ app_begin ] --START--
INFO: Run ReadHtmlCache Behavior [ RunTime:0.001248s ]
INFO: [ app_begin ] --END-- [ RunTime:0.001425s ]

[ 2014-10-26T15:16:09+08:00 ] 127.0.0.1 /TP001/Editor.php/Login/login
INFO: [ route_check ] --START--
INFO: Run CheckRoute Behavior [ RunTime:0.001944s ]
INFO: [ route_check ] --END-- [ RunTime:0.002154s ]
INFO: [ app_begin ] --START--
INFO: Run ReadHtmlCache Behavior [ RunTime:0.001198s ]
INFO: [ app_begin ] --END-- [ RunTime:0.001519s ]
INFO: [ view_template ] --START--
INFO: Run LocationTemplate Behavior [ RunTime:0.001212s ]
INFO: [ view_template ] --END-- [ RunTime:0.001333s ]
INFO: [ view_parse ] --START--
INFO: Run ParseTemplate Behavior [ RunTime:0.016877s ]
INFO: [ view_parse ] --END-- [ RunTime:0.017034s ]
INFO: [ view_filter ] --START--
INFO: Run ContentReplace Behavior [ RunTime:0.000967s ]
INFO: Run TokenBuild Behavior [ RunTime:0.000797s ]
INFO: Run WriteHtmlCache Behavior [ RunTime:0.000707s ]
INFO: Run ShowRuntime Behavior [ RunTime:0.000931s ]
INFO: [ view_filter ] --END-- [ RunTime:0.003762s ]
INFO: [ view_end ] --START--
INFO: Run ShowPageTrace Behavior [ RunTime:0.001200s ]
INFO: [ view_end ] --END-- [ RunTime:0.001328s ]

[ 2014-10-26T15:16:09+08:00 ] 127.0.0.1 /TP001/Editor.php/Public/code
INFO: [ route_check ] --START--
INFO: Run CheckRoute Behavior [ RunTime:0.001561s ]
INFO: [ route_check ] --END-- [ RunTime:0.001748s ]
INFO: [ app_begin ] --START--
INFO: Run ReadHtmlCache Behavior [ RunTime:0.001300s ]
INFO: [ app_begin ] --END-- [ RunTime:0.001473s ]

[ 2014-10-26T15:16:12+08:00 ] ERR: (ThinkException) 非法操作:doLogin
[ 2014-10-26T15:16:26+08:00 ] 127.0.0.1 /TP001/Editor.php/Public/code
INFO: [ route_check ] --START--
INFO: Run CheckRoute Behavior [ RunTime:0.001541s ]
INFO: [ route_check ] --END-- [ RunTime:0.002972s ]
INFO: [ app_begin ] --START--
INFO: Run ReadHtmlCache Behavior [ RunTime:0.001260s ]
INFO: [ app_begin ] --END-- [ RunTime:0.001436s ]

[ 2014-10-26T15:23:19+08:00 ] 127.0.0.1 /TP001/Editor.php/Login/login
INFO: [ route_check ] --START--
INFO: Run CheckRoute Behavior [ RunTime:0.001408s ]
INFO: [ route_check ] --END-- [ RunTime:0.001563s ]
INFO: [ app_begin ] --START--
INFO: Run ReadHtmlCache Behavior [ RunTime:0.001037s ]
INFO: [ app_begin ] --END-- [ RunTime:0.001163s ]
INFO: [ view_template ] --START--
INFO: Run LocationTemplate Behavior [ RunTime:0.001469s ]
INFO: [ view_template ] --END-- [ RunTime:0.001643s ]
INFO: [ view_parse ] --START--
INFO: Run ParseTemplate Behavior [ RunTime:0.016456s ]
INFO: [ view_parse ] --END-- [ RunTime:0.016630s ]
INFO: [ view_filter ] --START--
INFO: Run ContentReplace Behavior [ RunTime:0.000850s ]
INFO: Run TokenBuild Behavior [ RunTime:0.001125s ]
INFO: Run WriteHtmlCache Behavior [ RunTime:0.000550s ]
INFO: Run ShowRuntime Behavior [ RunTime:0.000849s ]
INFO: [ view_filter ] --END-- [ RunTime:0.003731s ]
INFO: [ view_end ] --START--
INFO: Run ShowPageTrace Behavior [ RunTime:0.000882s ]
INFO: [ view_end ] --END-- [ RunTime:0.001127s ]

[ 2014-10-26T15:23:19+08:00 ] 127.0.0.1 /TP001/Editor.php/Public/code
INFO: [ route_check ] --START--
INFO: Run CheckRoute Behavior [ RunTime:0.001583s ]
INFO: [ route_check ] --END-- [ RunTime:0.001770s ]
INFO: [ app_begin ] --START--
INFO: Run ReadHtmlCache Behavior [ RunTime:0.001257s ]
INFO: [ app_begin ] --END-- [ RunTime:0.001430s ]

[ 2014-10-26T15:24:56+08:00 ] 127.0.0.1 /TP001/Editor.php/Login/login
INFO: [ route_check ] --START--
INFO: Run CheckRoute Behavior [ RunTime:0.001325s ]
INFO: [ route_check ] --END-- [ RunTime:0.001461s ]
INFO: [ app_begin ] --START--
INFO: Run ReadHtmlCache Behavior [ RunTime:0.001002s ]
INFO: [ app_begin ] --END-- [ RunTime:0.001118s ]
INFO: [ view_template ] --START--
INFO: Run LocationTemplate Behavior [ RunTime:0.001129s ]
INFO: [ view_template ] --END-- [ RunTime:0.001251s ]
INFO: [ view_parse ] --START--
INFO: Run ParseTemplate Behavior [ RunTime:0.016388s ]
INFO: [ view_parse ] --END-- [ RunTime:0.016542s ]
INFO: [ view_filter ] --START--
INFO: Run ContentReplace Behavior [ RunTime:0.000768s ]
INFO: Run TokenBuild Behavior [ RunTime:0.000714s ]
INFO: Run WriteHtmlCache Behavior [ RunTime:0.000535s ]
INFO: Run ShowRuntime Behavior [ RunTime:0.000797s ]
INFO: [ view_filter ] --END-- [ RunTime:0.003134s ]
INFO: [ view_end ] --START--
INFO: Run ShowPageTrace Behavior [ RunTime:0.000834s ]
INFO: [ view_end ] --END-- [ RunTime:0.000943s ]

[ 2014-10-26T15:24:56+08:00 ] 127.0.0.1 /TP001/Editor.php/Public/code
INFO: [ route_check ] --START--
INFO: Run CheckRoute Behavior [ RunTime:0.001624s ]
INFO: [ route_check ] --END-- [ RunTime:0.001817s ]
INFO: [ app_begin ] --START--
INFO: Run ReadHtmlCache Behavior [ RunTime:0.001291s ]
INFO: [ app_begin ] --END-- [ RunTime:0.001461s ]

[ 2014-10-26T15:26:08+08:00 ] 127.0.0.1 /TP001/Editor.php/Login/login
INFO: [ route_check ] --START--
INFO: Run CheckRoute Behavior [ RunTime:0.001334s ]
INFO: [ route_check ] --END-- [ RunTime:0.001491s ]
INFO: [ app_begin ] --START--
INFO: Run ReadHtmlCache Behavior [ RunTime:0.000903s ]
INFO: [ app_begin ] --END-- [ RunTime:0.001127s ]
INFO: [ view_template ] --START--
INFO: Run LocationTemplate Behavior [ RunTime:0.001576s ]
INFO: [ view_template ] --END-- [ RunTime:0.001716s ]
INFO: [ view_parse ] --START--
INFO: Run ParseTemplate Behavior [ RunTime:0.018566s ]
INFO: [ view_parse ] --END-- [ RunTime:0.018731s ]
INFO: [ view_filter ] --START--
INFO: Run ContentReplace Behavior [ RunTime:0.001047s ]
INFO: Run TokenBuild Behavior [ RunTime:0.001122s ]
INFO: Run WriteHtmlCache Behavior [ RunTime:0.000735s ]
INFO: Run ShowRuntime Behavior [ RunTime:0.001106s ]
INFO: [ view_filter ] --END-- [ RunTime:0.004424s ]
INFO: [ view_end ] --START--
INFO: Run ShowPageTrace Behavior [ RunTime:0.001081s ]
INFO: [ view_end ] --END-- [ RunTime:0.001254s ]

[ 2014-10-26T15:26:08+08:00 ] 127.0.0.1 /TP001/Editor.php/Public/code
INFO: [ route_check ] --START--
INFO: Run CheckRoute Behavior [ RunTime:0.001619s ]
INFO: [ route_check ] --END-- [ RunTime:0.001809s ]
INFO: [ app_begin ] --START--
INFO: Run ReadHtmlCache Behavior [ RunTime:0.001343s ]
INFO: [ app_begin ] --END-- [ RunTime:0.001515s ]

[ 2014-10-26T15:26:50+08:00 ] 127.0.0.1 /TP001/Editor.php/Login/login
INFO: [ route_check ] --START--
INFO: Run CheckRoute Behavior [ RunTime:0.001142s ]
INFO: [ route_check ] --END-- [ RunTime:0.001267s ]
INFO: [ app_begin ] --START--
INFO: Run ReadHtmlCache Behavior [ RunTime:0.000999s ]
INFO: [ app_begin ] --END-- [ RunTime:0.001117s ]
INFO: [ view_template ] --START--
INFO: Run LocationTemplate Behavior [ RunTime:0.001630s ]
INFO: [ view_template ] --END-- [ RunTime:0.001938s ]
INFO: [ view_parse ] --START--
INFO: Run ParseTemplate Behavior [ RunTime:0.012847s ]
INFO: [ view_parse ] --END-- [ RunTime:0.013041s ]
INFO: [ view_filter ] --START--
INFO: Run ContentReplace Behavior [ RunTime:0.000922s ]
INFO: Run TokenBuild Behavior [ RunTime:0.000855s ]
INFO: Run WriteHtmlCache Behavior [ RunTime:0.000796s ]
INFO: Run ShowRuntime Behavior [ RunTime:0.001039s ]
INFO: [ view_filter ] --END-- [ RunTime:0.003985s ]
INFO: [ view_end ] --START--
INFO: Run ShowPageTrace Behavior [ RunTime:0.000863s ]
INFO: [ view_end ] --END-- [ RunTime:0.000973s ]

[ 2014-10-26T15:26:50+08:00 ] 127.0.0.1 /TP001/Editor.php/Public/code
INFO: [ route_check ] --START--
INFO: Run CheckRoute Behavior [ RunTime:0.002088s ]
INFO: [ route_check ] --END-- [ RunTime:0.002281s ]
INFO: [ app_begin ] --START--
INFO: Run ReadHtmlCache Behavior [ RunTime:0.001344s ]
INFO: [ app_begin ] --END-- [ RunTime:0.001526s ]

[ 2014-10-26T15:26:58+08:00 ] 127.0.0.1 /TP001/Editor.php/Login/login
INFO: [ route_check ] --START--
INFO: Run CheckRoute Behavior [ RunTime:0.001662s ]
INFO: [ route_check ] --END-- [ RunTime:0.001832s ]
INFO: [ app_begin ] --START--
INFO: Run ReadHtmlCache Behavior [ RunTime:0.001237s ]
INFO: [ app_begin ] --END-- [ RunTime:0.001403s ]
INFO: [ view_template ] --START--
INFO: Run LocationTemplate Behavior [ RunTime:0.001635s ]
INFO: [ view_template ] --END-- [ RunTime:0.001811s ]
INFO: [ view_parse ] --START--
INFO: Run ParseTemplate Behavior [ RunTime:0.015394s ]
INFO: [ view_parse ] --END-- [ RunTime:0.015621s ]
INFO: [ view_filter ] --START--
INFO: Run ContentReplace Behavior [ RunTime:0.001036s ]
INFO: Run TokenBuild Behavior [ RunTime:0.001029s ]
INFO: Run WriteHtmlCache Behavior [ RunTime:0.001120s ]
INFO: Run ShowRuntime Behavior [ RunTime:0.001453s ]
INFO: [ view_filter ] --END-- [ RunTime:0.005208s ]
INFO: [ view_end ] --START--
INFO: Run ShowPageTrace Behavior [ RunTime:0.001342s ]
INFO: [ view_end ] --END-- [ RunTime:0.001494s ]

[ 2014-10-26T15:26:58+08:00 ] 127.0.0.1 /TP001/Editor.php/Public/code
INFO: [ route_check ] --START--
INFO: Run CheckRoute Behavior [ RunTime:0.001590s ]
INFO: [ route_check ] --END-- [ RunTime:0.001778s ]
INFO: [ app_begin ] --START--
INFO: Run ReadHtmlCache Behavior [ RunTime:0.001347s ]
INFO: [ app_begin ] --END-- [ RunTime:0.001522s ]

[ 2014-10-26T15:28:36+08:00 ] 127.0.0.1 /TP001/Editor.php/Login/login
INFO: [ route_check ] --START--
INFO: Run CheckRoute Behavior [ RunTime:0.001361s ]
INFO: [ route_check ] --END-- [ RunTime:0.001487s ]
INFO: [ app_begin ] --START--
INFO: Run ReadHtmlCache Behavior [ RunTime:0.000997s ]
INFO: [ app_begin ] --END-- [ RunTime:0.001214s ]
INFO: [ view_template ] --START--
INFO: Run LocationTemplate Behavior [ RunTime:0.001839s ]
INFO: [ view_template ] --END-- [ RunTime:0.002003s ]
INFO: [ view_parse ] --START--
INFO: Run ParseTemplate Behavior [ RunTime:0.012405s ]
INFO: [ view_parse ] --END-- [ RunTime:0.012695s ]
INFO: [ view_filter ] --START--
INFO: Run ContentReplace Behavior [ RunTime:0.000980s ]
INFO: Run TokenBuild Behavior [ RunTime:0.001039s ]
INFO: Run WriteHtmlCache Behavior [ RunTime:0.000790s ]
INFO: Run ShowRuntime Behavior [ RunTime:0.000944s ]
INFO: [ view_filter ] --END-- [ RunTime:0.004208s ]
INFO: [ view_end ] --START--
INFO: Run ShowPageTrace Behavior [ RunTime:0.001045s ]
INFO: [ view_end ] --END-- [ RunTime:0.001172s ]

[ 2014-10-26T15:28:36+08:00 ] 127.0.0.1 /TP001/Editor.php/Public/code
INFO: [ route_check ] --START--
INFO: Run CheckRoute Behavior [ RunTime:0.001535s ]
INFO: [ route_check ] --END-- [ RunTime:0.001723s ]
INFO: [ app_begin ] --START--
INFO: Run ReadHtmlCache Behavior [ RunTime:0.001220s ]
INFO: [ app_begin ] --END-- [ RunTime:0.001392s ]

[ 2014-10-26T15:30:28+08:00 ] 127.0.0.1 /TP001/Editor.php/Login/login
INFO: [ route_check ] --START--
INFO: Run CheckRoute Behavior [ RunTime:0.001510s ]
INFO: [ route_check ] --END-- [ RunTime:0.001723s ]
INFO: [ app_begin ] --START--
INFO: Run ReadHtmlCache Behavior [ RunTime:0.000821s ]
INFO: [ app_begin ] --END-- [ RunTime:0.000930s ]
INFO: [ view_template ] --START--
INFO: Run LocationTemplate Behavior [ RunTime:0.001358s ]
INFO: [ view_template ] --END-- [ RunTime:0.001511s ]
INFO: [ view_parse ] --START--
INFO: Run ParseTemplate Behavior [ RunTime:0.011249s ]
INFO: [ view_parse ] --END-- [ RunTime:0.011391s ]
INFO: [ view_filter ] --START--
INFO: Run ContentReplace Behavior [ RunTime:0.000683s ]
INFO: Run TokenBuild Behavior [ RunTime:0.000784s ]
INFO: Run WriteHtmlCache Behavior [ RunTime:0.000537s ]
INFO: Run ShowRuntime Behavior [ RunTime:0.000832s ]
INFO: [ view_filter ] --END-- [ RunTime:0.003150s ]
INFO: [ view_end ] --START--
INFO: Run ShowPageTrace Behavior [ RunTime:0.001233s ]
INFO: [ view_end ] --END-- [ RunTime:0.001410s ]

[ 2014-10-26T15:30:29+08:00 ] 127.0.0.1 /TP001/Editor.php/Public/code
INFO: [ route_check ] --START--
INFO: Run CheckRoute Behavior [ RunTime:0.001524s ]
INFO: [ route_check ] --END-- [ RunTime:0.001709s ]
INFO: [ app_begin ] --START--
INFO: Run ReadHtmlCache Behavior [ RunTime:0.001281s ]
INFO: [ app_begin ] --END-- [ RunTime:0.001459s ]

[ 2014-10-26T15:30:38+08:00 ] 127.0.0.1 /TP001/Editor.php/Login/login
INFO: [ route_check ] --START--
INFO: Run CheckRoute Behavior [ RunTime:0.001598s ]
INFO: [ route_check ] --END-- [ RunTime:0.001755s ]
INFO: [ app_begin ] --START--
INFO: Run ReadHtmlCache Behavior [ RunTime:0.001121s ]
INFO: [ app_begin ] --END-- [ RunTime:0.001316s ]
INFO: [ view_template ] --START--
INFO: Run LocationTemplate Behavior [ RunTime:0.001811s ]
INFO: [ view_template ] --END-- [ RunTime:0.001982s ]
INFO: [ view_parse ] --START--
INFO: Run ParseTemplate Behavior [ RunTime:0.013130s ]
INFO: [ view_parse ] --END-- [ RunTime:0.013392s ]
INFO: [ view_filter ] --START--
INFO: Run ContentReplace Behavior [ RunTime:0.000826s ]
INFO: Run TokenBuild Behavior [ RunTime:0.000826s ]
INFO: Run WriteHtmlCache Behavior [ RunTime:0.000604s ]
INFO: Run ShowRuntime Behavior [ RunTime:0.001196s ]
INFO: [ view_filter ] --END-- [ RunTime:0.003842s ]
INFO: [ view_end ] --START--
INFO: Run ShowPageTrace Behavior [ RunTime:0.001097s ]
INFO: [ view_end ] --END-- [ RunTime:0.001206s ]

[ 2014-10-26T15:30:39+08:00 ] 127.0.0.1 /TP001/Editor.php/Public/code
INFO: [ route_check ] --START--
INFO: Run CheckRoute Behavior [ RunTime:0.001657s ]
INFO: [ route_check ] --END-- [ RunTime:0.001844s ]
INFO: [ app_begin ] --START--
INFO: Run ReadHtmlCache Behavior [ RunTime:0.001215s ]
INFO: [ app_begin ] --END-- [ RunTime:0.001386s ]

[ 2014-10-26T15:30:58+08:00 ] 127.0.0.1 /TP001/Editor.php/Login/login
INFO: [ route_check ] --START--
INFO: Run CheckRoute Behavior [ RunTime:0.001069s ]
INFO: [ route_check ] --END-- [ RunTime:0.001192s ]
INFO: [ app_begin ] --START--
INFO: Run ReadHtmlCache Behavior [ RunTime:0.000846s ]
INFO: [ app_begin ] --END-- [ RunTime:0.000954s ]
INFO: [ view_template ] --START--
INFO: Run LocationTemplate Behavior [ RunTime:0.001269s ]
INFO: [ view_template ] --END-- [ RunTime:0.001390s ]
INFO: [ view_parse ] --START--
INFO: Run ParseTemplate Behavior [ RunTime:0.015410s ]
INFO: [ view_parse ] --END-- [ RunTime:0.015569s ]
INFO: [ view_filter ] --START--
INFO: Run ContentReplace Behavior [ RunTime:0.000815s ]
INFO: Run TokenBuild Behavior [ RunTime:0.000980s ]
INFO: Run WriteHtmlCache Behavior [ RunTime:0.000847s ]
INFO: Run ShowRuntime Behavior [ RunTime:0.001178s ]
INFO: [ view_filter ] --END-- [ RunTime:0.004263s ]
INFO: [ view_end ] --START--
INFO: Run ShowPageTrace Behavior [ RunTime:0.001256s ]
INFO: [ view_end ] --END-- [ RunTime:0.001431s ]

[ 2014-10-26T15:30:58+08:00 ] 127.0.0.1 /TP001/Editor.php/Public/code
INFO: [ route_check ] --START--
INFO: Run CheckRoute Behavior [ RunTime:0.001688s ]
INFO: [ route_check ] --END-- [ RunTime:0.001924s ]
INFO: [ app_begin ] --START--
INFO: Run ReadHtmlCache Behavior [ RunTime:0.001307s ]
INFO: [ app_begin ] --END-- [ RunTime:0.001488s ]

[ 2014-10-26T15:30:59+08:00 ] 127.0.0.1 /TP001/Editor.php/Login/login
INFO: [ route_check ] --START--
INFO: Run CheckRoute Behavior [ RunTime:0.001435s ]
INFO: [ route_check ] --END-- [ RunTime:0.001577s ]
INFO: [ app_begin ] --START--
INFO: Run ReadHtmlCache Behavior [ RunTime:0.001289s ]
INFO: [ app_begin ] --END-- [ RunTime:0.001462s ]
INFO: [ view_template ] --START--
INFO: Run LocationTemplate Behavior [ RunTime:0.002123s ]
INFO: [ view_template ] --END-- [ RunTime:0.002327s ]
INFO: [ view_parse ] --START--
INFO: Run ParseTemplate Behavior [ RunTime:0.015271s ]
INFO: [ view_parse ] --END-- [ RunTime:0.015480s ]
INFO: [ view_filter ] --START--
INFO: Run ContentReplace Behavior [ RunTime:0.001080s ]
INFO: Run TokenBuild Behavior [ RunTime:0.001326s ]
INFO: Run WriteHtmlCache Behavior [ RunTime:0.000891s ]
INFO: Run ShowRuntime Behavior [ RunTime:0.001275s ]
INFO: [ view_filter ] --END-- [ RunTime:0.005071s ]
INFO: [ view_end ] --START--
INFO: Run ShowPageTrace Behavior [ RunTime:0.001548s ]
INFO: [ view_end ] --END-- [ RunTime:0.001724s ]

[ 2014-10-26T15:30:59+08:00 ] 127.0.0.1 /TP001/Editor.php/Public/code
INFO: [ route_check ] --START--
INFO: Run CheckRoute Behavior [ RunTime:0.001616s ]
INFO: [ route_check ] --END-- [ RunTime:0.001801s ]
INFO: [ app_begin ] --START--
INFO: Run ReadHtmlCache Behavior [ RunTime:0.001200s ]
INFO: [ app_begin ] --END-- [ RunTime:0.001371s ]

[ 2014-10-26T15:31:27+08:00 ] 127.0.0.1 /TP001/Editor.php/Login/login
INFO: [ route_check ] --START--
INFO: Run CheckRoute Behavior [ RunTime:0.001695s ]
INFO: [ route_check ] --END-- [ RunTime:0.001897s ]
INFO: [ app_begin ] --START--
INFO: Run ReadHtmlCache Behavior [ RunTime:0.001381s ]
INFO: [ app_begin ] --END-- [ RunTime:0.001567s ]
INFO: [ view_template ] --START--
INFO: Run LocationTemplate Behavior [ RunTime:0.001890s ]
INFO: [ view_template ] --END-- [ RunTime:0.002097s ]
INFO: [ view_parse ] --START--
INFO: Run ParseTemplate Behavior [ RunTime:0.011661s ]
INFO: [ view_parse ] --END-- [ RunTime:0.011848s ]
INFO: [ view_filter ] --START--
INFO: Run ContentReplace Behavior [ RunTime:0.000654s ]
INFO: Run TokenBuild Behavior [ RunTime:0.000697s ]
INFO: Run WriteHtmlCache Behavior [ RunTime:0.000624s ]
INFO: Run ShowRuntime Behavior [ RunTime:0.000759s ]
INFO: [ view_filter ] --END-- [ RunTime:0.003051s ]
INFO: [ view_end ] --START--
INFO: Run ShowPageTrace Behavior [ RunTime:0.000901s ]
INFO: [ view_end ] --END-- [ RunTime:0.001010s ]

[ 2014-10-26T15:31:27+08:00 ] 127.0.0.1 /TP001/Editor.php/Public/code
INFO: [ route_check ] --START--
INFO: Run CheckRoute Behavior [ RunTime:0.001578s ]
INFO: [ route_check ] --END-- [ RunTime:0.001762s ]
INFO: [ app_begin ] --START--
INFO: Run ReadHtmlCache Behavior [ RunTime:0.001212s ]
INFO: [ app_begin ] --END-- [ RunTime:0.001382s ]

[ 2014-10-26T15:32:18+08:00 ] 127.0.0.1 /TP001/Editor.php/Login/login
INFO: [ route_check ] --START--
INFO: Run CheckRoute Behavior [ RunTime:0.001449s ]
INFO: [ route_check ] --END-- [ RunTime:0.001592s ]
INFO: [ app_begin ] --START--
INFO: Run ReadHtmlCache Behavior [ RunTime:0.001038s ]
INFO: [ app_begin ] --END-- [ RunTime:0.001162s ]
INFO: [ view_template ] --START--
INFO: Run LocationTemplate Behavior [ RunTime:0.001291s ]
INFO: [ view_template ] --END-- [ RunTime:0.001412s ]
INFO: [ view_parse ] --START--
INFO: Run ParseTemplate Behavior [ RunTime:0.011159s ]
INFO: [ view_parse ] --END-- [ RunTime:0.011355s ]
INFO: [ view_filter ] --START--
INFO: Run ContentReplace Behavior [ RunTime:0.000900s ]
INFO: Run TokenBuild Behavior [ RunTime:0.000893s ]
INFO: Run WriteHtmlCache Behavior [ RunTime:0.000857s ]
INFO: Run ShowRuntime Behavior [ RunTime:0.000941s ]
INFO: [ view_filter ] --END-- [ RunTime:0.003972s ]
INFO: [ view_end ] --START--
INFO: Run ShowPageTrace Behavior [ RunTime:0.001064s ]
INFO: [ view_end ] --END-- [ RunTime:0.001174s ]

[ 2014-10-26T15:32:18+08:00 ] 127.0.0.1 /TP001/Editor.php/Public/code
INFO: [ route_check ] --START--
INFO: Run CheckRoute Behavior [ RunTime:0.001658s ]
INFO: [ route_check ] --END-- [ RunTime:0.001844s ]
INFO: [ app_begin ] --START--
INFO: Run ReadHtmlCache Behavior [ RunTime:0.001289s ]
INFO: [ app_begin ] --END-- [ RunTime:0.001461s ]

[ 2014-10-26T15:32:27+08:00 ] 127.0.0.1 /TP001/Editor.php/Login/login
INFO: [ route_check ] --START--
INFO: Run CheckRoute Behavior [ RunTime:0.001216s ]
INFO: [ route_check ] --END-- [ RunTime:0.001379s ]
INFO: [ app_begin ] --START--
INFO: Run ReadHtmlCache Behavior [ RunTime:0.001040s ]
INFO: [ app_begin ] --END-- [ RunTime:0.001185s ]
INFO: [ view_template ] --START--
INFO: Run LocationTemplate Behavior [ RunTime:0.001375s ]
INFO: [ view_template ] --END-- [ RunTime:0.001567s ]
INFO: [ view_parse ] --START--
INFO: Run ParseTemplate Behavior [ RunTime:0.010407s ]
INFO: [ view_parse ] --END-- [ RunTime:0.010550s ]
INFO: [ view_filter ] --START--
INFO: Run ContentReplace Behavior [ RunTime:0.000687s ]
INFO: Run TokenBuild Behavior [ RunTime:0.000761s ]
INFO: Run WriteHtmlCache Behavior [ RunTime:0.000560s ]
INFO: Run ShowRuntime Behavior [ RunTime:0.000808s ]
INFO: [ view_filter ] --END-- [ RunTime:0.003150s ]
INFO: [ view_end ] --START--
INFO: Run ShowPageTrace Behavior [ RunTime:0.000845s ]
INFO: [ view_end ] --END-- [ RunTime:0.000989s ]

[ 2014-10-26T15:32:27+08:00 ] 127.0.0.1 /TP001/Editor.php/Public/code
INFO: [ route_check ] --START--
INFO: Run CheckRoute Behavior [ RunTime:0.001769s ]
INFO: [ route_check ] --END-- [ RunTime:0.001960s ]
INFO: [ app_begin ] --START--
INFO: Run ReadHtmlCache Behavior [ RunTime:0.001340s ]
INFO: [ app_begin ] --END-- [ RunTime:0.001510s ]

[ 2014-10-26T15:32:41+08:00 ] 127.0.0.1 /TP001/Editor.php/Login/login
INFO: [ route_check ] --START--
INFO: Run CheckRoute Behavior [ RunTime:0.001623s ]
INFO: [ route_check ] --END-- [ RunTime:0.001765s ]
INFO: [ app_begin ] --START--
INFO: Run ReadHtmlCache Behavior [ RunTime:0.000874s ]
INFO: [ app_begin ] --END-- [ RunTime:0.001007s ]
INFO: [ view_template ] --START--
INFO: Run LocationTemplate Behavior [ RunTime:0.001217s ]
INFO: [ view_template ] --END-- [ RunTime:0.001384s ]
INFO: [ view_parse ] --START--
INFO: Run ParseTemplate Behavior [ RunTime:0.014005s ]
INFO: [ view_parse ] --END-- [ RunTime:0.014159s ]
INFO: [ view_filter ] --START--
INFO: Run ContentReplace Behavior [ RunTime:0.000886s ]
INFO: Run TokenBuild Behavior [ RunTime:0.000786s ]
INFO: Run WriteHtmlCache Behavior [ RunTime:0.000551s ]
INFO: Run ShowRuntime Behavior [ RunTime:0.000847s ]
INFO: [ view_filter ] --END-- [ RunTime:0.003393s ]
INFO: [ view_end ] --START--
INFO: Run ShowPageTrace Behavior [ RunTime:0.000878s ]
INFO: [ view_end ] --END-- [ RunTime:0.001024s ]

[ 2014-10-26T15:32:41+08:00 ] 127.0.0.1 /TP001/Editor.php/Public/code
INFO: [ route_check ] --START--
INFO: Run CheckRoute Behavior [ RunTime:0.001659s ]
INFO: [ route_check ] --END-- [ RunTime:0.001852s ]
INFO: [ app_begin ] --START--
INFO: Run ReadHtmlCache Behavior [ RunTime:0.001401s ]
INFO: [ app_begin ] --END-- [ RunTime:0.001577s ]

[ 2014-10-26T15:32:42+08:00 ] 127.0.0.1 /TP001/Editor.php/Login/login
INFO: [ route_check ] --START--
INFO: Run CheckRoute Behavior [ RunTime:0.001294s ]
INFO: [ route_check ] --END-- [ RunTime:0.001462s ]
INFO: [ app_begin ] --START--
INFO: Run ReadHtmlCache Behavior [ RunTime:0.001101s ]
INFO: [ app_begin ] --END-- [ RunTime:0.001268s ]
INFO: [ view_template ] --START--
INFO: Run LocationTemplate Behavior [ RunTime:0.001175s ]
INFO: [ view_template ] --END-- [ RunTime:0.001318s ]
INFO: [ view_parse ] --START--
INFO: Run ParseTemplate Behavior [ RunTime:0.011241s ]
INFO: [ view_parse ] --END-- [ RunTime:0.011402s ]
INFO: [ view_filter ] --START--
INFO: Run ContentReplace Behavior [ RunTime:0.000790s ]
INFO: Run TokenBuild Behavior [ RunTime:0.000825s ]
INFO: Run WriteHtmlCache Behavior [ RunTime:0.000636s ]
INFO: Run ShowRuntime Behavior [ RunTime:0.000897s ]
INFO: [ view_filter ] --END-- [ RunTime:0.003514s ]
INFO: [ view_end ] --START--
INFO: Run ShowPageTrace Behavior [ RunTime:0.001061s ]
INFO: [ view_end ] --END-- [ RunTime:0.001198s ]

[ 2014-10-26T15:32:42+08:00 ] 127.0.0.1 /TP001/Editor.php/Public/code
INFO: [ route_check ] --START--
INFO: Run CheckRoute Behavior [ RunTime:0.001599s ]
INFO: [ route_check ] --END-- [ RunTime:0.001785s ]
INFO: [ app_begin ] --START--
INFO: Run ReadHtmlCache Behavior [ RunTime:0.001217s ]
INFO: [ app_begin ] --END-- [ RunTime:0.001389s ]

[ 2014-10-26T15:32:59+08:00 ] 127.0.0.1 /TP001/Editor.php/Login/login
INFO: [ route_check ] --START--
INFO: Run CheckRoute Behavior [ RunTime:0.001217s ]
INFO: [ route_check ] --END-- [ RunTime:0.001359s ]
INFO: [ app_begin ] --START--
INFO: Run ReadHtmlCache Behavior [ RunTime:0.000915s ]
INFO: [ app_begin ] --END-- [ RunTime:0.001041s ]
INFO: [ view_template ] --START--
INFO: Run LocationTemplate Behavior [ RunTime:0.001678s ]
INFO: [ view_template ] --END-- [ RunTime:0.001820s ]
INFO: [ view_parse ] --START--
INFO: Run ParseTemplate Behavior [ RunTime:0.014471s ]
INFO: [ view_parse ] --END-- [ RunTime:0.014649s ]
INFO: [ view_filter ] --START--
INFO: Run ContentReplace Behavior [ RunTime:0.000781s ]
INFO: Run TokenBuild Behavior [ RunTime:0.000788s ]
INFO: Run WriteHtmlCache Behavior [ RunTime:0.000632s ]
INFO: Run ShowRuntime Behavior [ RunTime:0.000758s ]
INFO: [ view_filter ] --END-- [ RunTime:0.003342s ]
INFO: [ view_end ] --START--
INFO: Run ShowPageTrace Behavior [ RunTime:0.000918s ]
INFO: [ view_end ] --END-- [ RunTime:0.001091s ]

[ 2014-10-26T15:32:59+08:00 ] 127.0.0.1 /TP001/Editor.php/Public/code
INFO: [ route_check ] --START--
INFO: Run CheckRoute Behavior [ RunTime:0.001543s ]
INFO: [ route_check ] --END-- [ RunTime:0.001730s ]
INFO: [ app_begin ] --START--
INFO: Run ReadHtmlCache Behavior [ RunTime:0.001344s ]
INFO: [ app_begin ] --END-- [ RunTime:0.001523s ]

[ 2014-10-26T15:34:08+08:00 ] 127.0.0.1 /TP001/Editor.php/Login/login
INFO: [ route_check ] --START--
INFO: Run CheckRoute Behavior [ RunTime:0.001091s ]
INFO: [ route_check ] --END-- [ RunTime:0.001230s ]
INFO: [ app_begin ] --START--
INFO: Run ReadHtmlCache Behavior [ RunTime:0.000873s ]
INFO: [ app_begin ] --END-- [ RunTime:0.000981s ]
INFO: [ view_template ] --START--
INFO: Run LocationTemplate Behavior [ RunTime:0.001169s ]
INFO: [ view_template ] --END-- [ RunTime:0.001290s ]
INFO: [ view_parse ] --START--
INFO: Run ParseTemplate Behavior [ RunTime:0.018306s ]
INFO: [ view_parse ] --END-- [ RunTime:0.018495s ]
INFO: [ view_filter ] --START--
INFO: Run ContentReplace Behavior [ RunTime:0.001029s ]
INFO: Run TokenBuild Behavior [ RunTime:0.001008s ]
INFO: Run WriteHtmlCache Behavior [ RunTime:0.000976s ]
INFO: Run ShowRuntime Behavior [ RunTime:0.001208s ]
INFO: [ view_filter ] --END-- [ RunTime:0.004718s ]
INFO: [ view_end ] --START--
INFO: Run ShowPageTrace Behavior [ RunTime:0.001340s ]
INFO: [ view_end ] --END-- [ RunTime:0.001514s ]

[ 2014-10-26T15:34:08+08:00 ] 127.0.0.1 /TP001/Editor.php/Public/code
INFO: [ route_check ] --START--
INFO: Run CheckRoute Behavior [ RunTime:0.001582s ]
INFO: [ route_check ] --END-- [ RunTime:0.001768s ]
INFO: [ app_begin ] --START--
INFO: Run ReadHtmlCache Behavior [ RunTime:0.001351s ]
INFO: [ app_begin ] --END-- [ RunTime:0.001528s ]

[ 2014-10-26T15:34:27+08:00 ] 127.0.0.1 /TP001/Editor.php/Login/login
INFO: [ route_check ] --START--
INFO: Run CheckRoute Behavior [ RunTime:0.001081s ]
INFO: [ route_check ] --END-- [ RunTime:0.001215s ]
INFO: [ app_begin ] --START--
INFO: Run ReadHtmlCache Behavior [ RunTime:0.001096s ]
INFO: [ app_begin ] --END-- [ RunTime:0.001224s ]
INFO: [ view_template ] --START--
INFO: Run LocationTemplate Behavior [ RunTime:0.001150s ]
INFO: [ view_template ] --END-- [ RunTime:0.001271s ]
INFO: [ view_parse ] --START--
INFO: Run ParseTemplate Behavior [ RunTime:0.017142s ]
INFO: [ view_parse ] --END-- [ RunTime:0.017313s ]
INFO: [ view_filter ] --START--
INFO: Run ContentReplace Behavior [ RunTime:0.000792s ]
INFO: Run TokenBuild Behavior [ RunTime:0.000784s ]
INFO: Run WriteHtmlCache Behavior [ RunTime:0.000601s ]
INFO: Run ShowRuntime Behavior [ RunTime:0.000898s ]
INFO: [ view_filter ] --END-- [ RunTime:0.003437s ]
INFO: [ view_end ] --START--
INFO: Run ShowPageTrace Behavior [ RunTime:0.000996s ]
INFO: [ view_end ] --END-- [ RunTime:0.001168s ]

[ 2014-10-26T15:34:28+08:00 ] 127.0.0.1 /TP001/Editor.php/Public/code
INFO: [ route_check ] --START--
INFO: Run CheckRoute Behavior [ RunTime:0.001511s ]
INFO: [ route_check ] --END-- [ RunTime:0.001727s ]
INFO: [ app_begin ] --START--
INFO: Run ReadHtmlCache Behavior [ RunTime:0.001567s ]
INFO: [ app_begin ] --END-- [ RunTime:0.001744s ]

[ 2014-10-26T15:35:07+08:00 ] 127.0.0.1 /TP001/Editor.php/Login/login
INFO: [ route_check ] --START--
INFO: Run CheckRoute Behavior [ RunTime:0.001215s ]
INFO: [ route_check ] --END-- [ RunTime:0.001338s ]
INFO: [ app_begin ] --START--
INFO: Run ReadHtmlCache Behavior [ RunTime:0.000834s ]
INFO: [ app_begin ] --END-- [ RunTime:0.000942s ]
INFO: [ view_template ] --START--
INFO: Run LocationTemplate Behavior [ RunTime:0.001636s ]
INFO: [ view_template ] --END-- [ RunTime:0.001795s ]
INFO: [ view_parse ] --START--
INFO: Run ParseTemplate Behavior [ RunTime:0.014036s ]
INFO: [ view_parse ] --END-- [ RunTime:0.014221s ]
INFO: [ view_filter ] --START--
INFO: Run ContentReplace Behavior [ RunTime:0.000861s ]
INFO: Run TokenBuild Behavior [ RunTime:0.000846s ]
INFO: Run WriteHtmlCache Behavior [ RunTime:0.000693s ]
INFO: Run ShowRuntime Behavior [ RunTime:0.000973s ]
INFO: [ view_filter ] --END-- [ RunTime:0.003734s ]
INFO: [ view_end ] --START--
INFO: Run ShowPageTrace Behavior [ RunTime:0.001022s ]
INFO: [ view_end ] --END-- [ RunTime:0.001150s ]

[ 2014-10-26T15:35:07+08:00 ] 127.0.0.1 /TP001/Editor.php/Public/code
INFO: [ route_check ] --START--
INFO: Run CheckRoute Behavior [ RunTime:0.001521s ]
INFO: [ route_check ] --END-- [ RunTime:0.001705s ]
INFO: [ app_begin ] --START--
INFO: Run ReadHtmlCache Behavior [ RunTime:0.001215s ]
INFO: [ app_begin ] --END-- [ RunTime:0.001392s ]

[ 2014-10-26T15:35:09+08:00 ] 127.0.0.1 /TP001/Editor.php/Login/login
INFO: [ route_check ] --START--
INFO: Run CheckRoute Behavior [ RunTime:0.001328s ]
INFO: [ route_check ] --END-- [ RunTime:0.001487s ]
INFO: [ app_begin ] --START--
INFO: Run ReadHtmlCache Behavior [ RunTime:0.000953s ]
INFO: [ app_begin ] --END-- [ RunTime:0.001069s ]
INFO: [ view_template ] --START--
INFO: Run LocationTemplate Behavior [ RunTime:0.001137s ]
INFO: [ view_template ] --END-- [ RunTime:0.001266s ]
INFO: [ view_parse ] --START--
INFO: Run ParseTemplate Behavior [ RunTime:0.012139s ]
INFO: [ view_parse ] --END-- [ RunTime:0.012296s ]
INFO: [ view_filter ] --START--
INFO: Run ContentReplace Behavior [ RunTime:0.000895s ]
INFO: Run TokenBuild Behavior [ RunTime:0.000859s ]
INFO: Run WriteHtmlCache Behavior [ RunTime:0.000770s ]
INFO: Run ShowRuntime Behavior [ RunTime:0.001047s ]
INFO: [ view_filter ] --END-- [ RunTime:0.003972s ]
INFO: [ view_end ] --START--
INFO: Run ShowPageTrace Behavior [ RunTime:0.001066s ]
INFO: [ view_end ] --END-- [ RunTime:0.001231s ]

[ 2014-10-26T15:35:10+08:00 ] 127.0.0.1 /TP001/Editor.php/Public/code
INFO: [ route_check ] --START--
INFO: Run CheckRoute Behavior [ RunTime:0.001498s ]
INFO: [ route_check ] --END-- [ RunTime:0.001682s ]
INFO: [ app_begin ] --START--
INFO: Run ReadHtmlCache Behavior [ RunTime:0.001193s ]
INFO: [ app_begin ] --END-- [ RunTime:0.001361s ]

[ 2014-10-26T15:44:02+08:00 ] 127.0.0.1 /TP001/Editor.php/Public/code
INFO: [ route_check ] --START--
INFO: Run CheckRoute Behavior [ RunTime:0.001697s ]
INFO: [ route_check ] --END-- [ RunTime:0.001867s ]
INFO: [ app_begin ] --START--
INFO: Run ReadHtmlCache Behavior [ RunTime:0.001208s ]
INFO: [ app_begin ] --END-- [ RunTime:0.001378s ]

[ 2014-10-26T15:48:35+08:00 ] 127.0.0.1 /TP001/Editor.php/Login/login
INFO: [ route_check ] --START--
INFO: Run CheckRoute Behavior [ RunTime:0.001821s ]
INFO: [ route_check ] --END-- [ RunTime:0.002017s ]
INFO: [ app_begin ] --START--
INFO: Run ReadHtmlCache Behavior [ RunTime:0.001095s ]
INFO: [ app_begin ] --END-- [ RunTime:0.001257s ]
INFO: [ view_template ] --START--
INFO: Run LocationTemplate Behavior [ RunTime:0.001492s ]
INFO: [ view_template ] --END-- [ RunTime:0.001620s ]
INFO: [ view_parse ] --START--
INFO: Run ParseTemplate Behavior [ RunTime:0.018252s ]
INFO: [ view_parse ] --END-- [ RunTime:0.018436s ]
INFO: [ view_filter ] --START--
INFO: Run ContentReplace Behavior [ RunTime:0.001036s ]
INFO: Run TokenBuild Behavior [ RunTime:0.000952s ]
INFO: Run WriteHtmlCache Behavior [ RunTime:0.000845s ]
INFO: Run ShowRuntime Behavior [ RunTime:0.000983s ]
INFO: [ view_filter ] --END-- [ RunTime:0.004234s ]
INFO: [ view_end ] --START--
INFO: Run ShowPageTrace Behavior [ RunTime:0.001063s ]
INFO: [ view_end ] --END-- [ RunTime:0.001191s ]

[ 2014-10-26T15:48:35+08:00 ] 127.0.0.1 /TP001/Editor.php/Public/code
INFO: [ route_check ] --START--
INFO: Run CheckRoute Behavior [ RunTime:0.001528s ]
INFO: [ route_check ] --END-- [ RunTime:0.001714s ]
INFO: [ app_begin ] --START--
INFO: Run ReadHtmlCache Behavior [ RunTime:0.001214s ]
INFO: [ app_begin ] --END-- [ RunTime:0.001386s ]

[ 2014-10-26T15:48:51+08:00 ] 127.0.0.1 /TP001/Editor.php/Public/code
INFO: [ route_check ] --START--
INFO: Run CheckRoute Behavior [ RunTime:0.001385s ]
INFO: [ route_check ] --END-- [ RunTime:0.001550s ]
INFO: [ app_begin ] --START--
INFO: Run ReadHtmlCache Behavior [ RunTime:0.000947s ]
INFO: [ app_begin ] --END-- [ RunTime:0.001142s ]

[ 2014-10-26T15:49:25+08:00 ] 127.0.0.1 /TP001/Editor.php/Login/login
INFO: [ route_check ] --START--
INFO: Run CheckRoute Behavior [ RunTime:0.001053s ]
INFO: [ route_check ] --END-- [ RunTime:0.001239s ]
INFO: [ app_begin ] --START--
INFO: Run ReadHtmlCache Behavior [ RunTime:0.001006s ]
INFO: [ app_begin ] --END-- [ RunTime:0.001173s ]
INFO: [ view_template ] --START--
INFO: Run LocationTemplate Behavior [ RunTime:0.001228s ]
INFO: [ view_template ] --END-- [ RunTime:0.001398s ]
INFO: [ view_parse ] --START--
INFO: Run ParseTemplate Behavior [ RunTime:0.014760s ]
INFO: [ view_parse ] --END-- [ RunTime:0.014917s ]
INFO: [ view_filter ] --START--
INFO: Run ContentReplace Behavior [ RunTime:0.000558s ]
INFO: Run TokenBuild Behavior [ RunTime:0.000718s ]
INFO: Run WriteHtmlCache Behavior [ RunTime:0.000544s ]
INFO: Run ShowRuntime Behavior [ RunTime:0.000669s ]
INFO: [ view_filter ] --END-- [ RunTime:0.002976s ]
INFO: [ view_end ] --START--
INFO: Run ShowPageTrace Behavior [ RunTime:0.000768s ]
INFO: [ view_end ] --END-- [ RunTime:0.000868s ]

[ 2014-10-26T15:49:25+08:00 ] 127.0.0.1 /TP001/Editor.php/Public/code
INFO: [ route_check ] --START--
INFO: Run CheckRoute Behavior [ RunTime:0.000972s ]
INFO: [ route_check ] --END-- [ RunTime:0.001108s ]
INFO: [ app_begin ] --START--
INFO: Run ReadHtmlCache Behavior [ RunTime:0.000823s ]
INFO: [ app_begin ] --END-- [ RunTime:0.000988s ]

[ 2014-10-26T15:51:11+08:00 ] 127.0.0.1 /TP001/Editor.php/Login/login
INFO: [ route_check ] --START--
INFO: Run CheckRoute Behavior [ RunTime:0.001613s ]
INFO: [ route_check ] --END-- [ RunTime:0.001774s ]
INFO: [ app_begin ] --START--
INFO: Run ReadHtmlCache Behavior [ RunTime:0.000995s ]
INFO: [ app_begin ] --END-- [ RunTime:0.001144s ]
INFO: [ view_template ] --START--
INFO: Run LocationTemplate Behavior [ RunTime:0.000563s ]
INFO: [ view_template ] --END-- [ RunTime:0.000691s ]
INFO: [ view_parse ] --START--
INFO: Run ParseTemplate Behavior [ RunTime:0.013360s ]
INFO: [ view_parse ] --END-- [ RunTime:0.013542s ]
INFO: [ view_filter ] --START--
INFO: Run ContentReplace Behavior [ RunTime:0.001375s ]
INFO: Run TokenBuild Behavior [ RunTime:0.000756s ]
INFO: Run WriteHtmlCache Behavior [ RunTime:0.000560s ]
INFO: Run ShowRuntime Behavior [ RunTime:0.000952s ]
INFO: [ view_filter ] --END-- [ RunTime:0.004069s ]
INFO: [ view_end ] --START--
INFO: Run ShowPageTrace Behavior [ RunTime:0.000709s ]
INFO: [ view_end ] --END-- [ RunTime:0.000845s ]

[ 2014-10-26T15:51:11+08:00 ] 127.0.0.1 /TP001/Editor.php/Public/code
INFO: [ route_check ] --START--
INFO: Run CheckRoute Behavior [ RunTime:0.001279s ]
INFO: [ route_check ] --END-- [ RunTime:0.001462s ]
INFO: [ app_begin ] --START--
INFO: Run ReadHtmlCache Behavior [ RunTime:0.000970s ]
INFO: [ app_begin ] --END-- [ RunTime:0.001136s ]

[ 2014-10-26T15:55:36+08:00 ] 127.0.0.1 /TP001/Editor.php/Login/login
INFO: [ route_check ] --START--
INFO: Run CheckRoute Behavior [ RunTime:0.001241s ]
INFO: [ route_check ] --END-- [ RunTime:0.001374s ]
INFO: [ app_begin ] --START--
INFO: Run ReadHtmlCache Behavior [ RunTime:0.000772s ]
INFO: [ app_begin ] --END-- [ RunTime:0.000877s ]
INFO: [ view_template ] --START--
INFO: Run LocationTemplate Behavior [ RunTime:0.001070s ]
INFO: [ view_template ] --END-- [ RunTime:0.001181s ]
INFO: [ view_parse ] --START--
INFO: Run ParseTemplate Behavior [ RunTime:0.015573s ]
INFO: [ view_parse ] --END-- [ RunTime:0.015739s ]
INFO: [ view_filter ] --START--
INFO: Run ContentReplace Behavior [ RunTime:0.000799s ]
INFO: Run TokenBuild Behavior [ RunTime:0.000788s ]
INFO: Run WriteHtmlCache Behavior [ RunTime:0.000639s ]
INFO: Run ShowRuntime Behavior [ RunTime:0.000909s ]
INFO: [ view_filter ] --END-- [ RunTime:0.003460s ]
INFO: [ view_end ] --START--
INFO: Run ShowPageTrace Behavior [ RunTime:0.001039s ]
INFO: [ view_end ] --END-- [ RunTime:0.001166s ]

[ 2014-10-26T15:55:36+08:00 ] 127.0.0.1 /TP001/Editor.php/Public/code
INFO: [ route_check ] --START--
INFO: Run CheckRoute Behavior [ RunTime:0.001210s ]
INFO: [ route_check ] --END-- [ RunTime:0.001393s ]
INFO: [ app_begin ] --START--
INFO: Run ReadHtmlCache Behavior [ RunTime:0.000899s ]
INFO: [ app_begin ] --END-- [ RunTime:0.001064s ]

[ 2014-10-26T15:57:17+08:00 ] 127.0.0.1 /TP001/Editor.php/Login/login
INFO: [ route_check ] --START--
INFO: Run CheckRoute Behavior [ RunTime:0.001317s ]
INFO: [ route_check ] --END-- [ RunTime:0.001517s ]
INFO: [ app_begin ] --START--
INFO: Run ReadHtmlCache Behavior [ RunTime:0.000998s ]
INFO: [ app_begin ] --END-- [ RunTime:0.001178s ]
INFO: [ view_template ] --START--
INFO: Run LocationTemplate Behavior [ RunTime:0.000863s ]
INFO: [ view_template ] --END-- [ RunTime:0.001049s ]
INFO: [ view_parse ] --START--
INFO: Run ParseTemplate Behavior [ RunTime:0.017046s ]
INFO: [ view_parse ] --END-- [ RunTime:0.017262s ]
INFO: [ view_filter ] --START--
INFO: Run ContentReplace Behavior [ RunTime:0.000758s ]
INFO: Run TokenBuild Behavior [ RunTime:0.000589s ]
INFO: Run WriteHtmlCache Behavior [ RunTime:0.000419s ]
INFO: Run ShowRuntime Behavior [ RunTime:0.000719s ]
INFO: [ view_filter ] --END-- [ RunTime:0.002882s ]
INFO: [ view_end ] --START--
INFO: Run ShowPageTrace Behavior [ RunTime:0.001014s ]
INFO: [ view_end ] --END-- [ RunTime:0.001153s ]

[ 2014-10-26T15:57:18+08:00 ] 127.0.0.1 /TP001/Editor.php/Public/code
INFO: [ route_check ] --START--
INFO: Run CheckRoute Behavior [ RunTime:0.001293s ]
INFO: [ route_check ] --END-- [ RunTime:0.001475s ]
INFO: [ app_begin ] --START--
INFO: Run ReadHtmlCache Behavior [ RunTime:0.000980s ]
INFO: [ app_begin ] --END-- [ RunTime:0.001145s ]

[ 2014-10-26T15:57:51+08:00 ] 127.0.0.1 /TP001/Editor.php/Login/login
INFO: [ route_check ] --START--
INFO: Run CheckRoute Behavior [ RunTime:0.001689s ]
INFO: [ route_check ] --END-- [ RunTime:0.001878s ]
INFO: [ app_begin ] --START--
INFO: Run ReadHtmlCache Behavior [ RunTime:0.000957s ]
INFO: [ app_begin ] --END-- [ RunTime:0.001100s ]
INFO: [ view_template ] --START--
INFO: Run LocationTemplate Behavior [ RunTime:0.001143s ]
INFO: [ view_template ] --END-- [ RunTime:0.001270s ]
INFO: [ view_parse ] --START--
INFO: Run ParseTemplate Behavior [ RunTime:0.015451s ]
INFO: [ view_parse ] --END-- [ RunTime:0.015631s ]
INFO: [ view_filter ] --START--
INFO: Run ContentReplace Behavior [ RunTime:0.000718s ]
INFO: Run TokenBuild Behavior [ RunTime:0.000719s ]
INFO: Run WriteHtmlCache Behavior [ RunTime:0.000540s ]
INFO: Run ShowRuntime Behavior [ RunTime:0.000864s ]
INFO: [ view_filter ] --END-- [ RunTime:0.003165s ]
INFO: [ view_end ] --START--
INFO: Run ShowPageTrace Behavior [ RunTime:0.000932s ]
INFO: [ view_end ] --END-- [ RunTime:0.001046s ]

[ 2014-10-26T15:57:51+08:00 ] 127.0.0.1 /TP001/Editor.php/Public/code
INFO: [ route_check ] --START--
INFO: Run CheckRoute Behavior [ RunTime:0.001224s ]
INFO: [ route_check ] --END-- [ RunTime:0.001420s ]
INFO: [ app_begin ] --START--
INFO: Run ReadHtmlCache Behavior [ RunTime:0.000936s ]
INFO: [ app_begin ] --END-- [ RunTime:0.001104s ]

[ 2014-10-26T15:58:11+08:00 ] 127.0.0.1 /TP001/Editor.php/Login/login
INFO: [ route_check ] --START--
INFO: Run CheckRoute Behavior [ RunTime:0.001353s ]
INFO: [ route_check ] --END-- [ RunTime:0.001551s ]
INFO: [ app_begin ] --START--
INFO: Run ReadHtmlCache Behavior [ RunTime:0.001008s ]
INFO: [ app_begin ] --END-- [ RunTime:0.001186s ]
INFO: [ view_template ] --START--
INFO: Run LocationTemplate Behavior [ RunTime:0.000794s ]
INFO: [ view_template ] --END-- [ RunTime:0.000982s ]
INFO: [ view_parse ] --START--
INFO: Run ParseTemplate Behavior [ RunTime:0.017433s ]
INFO: [ view_parse ] --END-- [ RunTime:0.017629s ]
INFO: [ view_filter ] --START--
INFO: Run ContentReplace Behavior [ RunTime:0.000607s ]
INFO: Run TokenBuild Behavior [ RunTime:0.000720s ]
INFO: Run WriteHtmlCache Behavior [ RunTime:0.000540s ]
INFO: Run ShowRuntime Behavior [ RunTime:0.000790s ]
INFO: [ view_filter ] --END-- [ RunTime:0.003109s ]
INFO: [ view_end ] --START--
INFO: Run ShowPageTrace Behavior [ RunTime:0.000678s ]
INFO: [ view_end ] --END-- [ RunTime:0.000867s ]

[ 2014-10-26T15:58:11+08:00 ] 127.0.0.1 /TP001/Editor.php/Public/code
INFO: [ route_check ] --START--
INFO: Run CheckRoute Behavior [ RunTime:0.001226s ]
INFO: [ route_check ] --END-- [ RunTime:0.001408s ]
INFO: [ app_begin ] --START--
INFO: Run ReadHtmlCache Behavior [ RunTime:0.000916s ]
INFO: [ app_begin ] --END-- [ RunTime:0.001083s ]

[ 2014-10-26T15:58:20+08:00 ] 127.0.0.1 /TP001/Editor.php/Login/doLogin
INFO: [ route_check ] --START--
INFO: Run CheckRoute Behavior [ RunTime:0.001329s ]
INFO: [ route_check ] --END-- [ RunTime:0.001580s ]
INFO: [ app_begin ] --START--
INFO: Run ReadHtmlCache Behavior [ RunTime:0.001107s ]
INFO: [ app_begin ] --END-- [ RunTime:0.001317s ]

[ 2014-10-26T15:58:27+08:00 ] 127.0.0.1 /TP001/Editor.php/Public/code
INFO: [ route_check ] --START--
INFO: Run CheckRoute Behavior [ RunTime:0.001253s ]
INFO: [ route_check ] --END-- [ RunTime:0.001436s ]
INFO: [ app_begin ] --START--
INFO: Run ReadHtmlCache Behavior [ RunTime:0.000934s ]
INFO: [ app_begin ] --END-- [ RunTime:0.001098s ]

[ 2014-10-26T15:58:33+08:00 ] 127.0.0.1 /TP001/Editor.php/Public/code?0.1887625284624047
INFO: [ route_check ] --START--
INFO: Run CheckRoute Behavior [ RunTime:0.000855s ]
INFO: [ route_check ] --END-- [ RunTime:0.000974s ]
INFO: [ app_begin ] --START--
INFO: Run ReadHtmlCache Behavior [ RunTime:0.000576s ]
INFO: [ app_begin ] --END-- [ RunTime:0.000756s ]

[ 2014-10-26T15:58:43+08:00 ] 127.0.0.1 /TP001/Editor.php/Login/doLogin
INFO: [ route_check ] --START--
INFO: Run CheckRoute Behavior [ RunTime:0.001057s ]
INFO: [ route_check ] --END-- [ RunTime:0.001194s ]
INFO: [ app_begin ] --START--
INFO: Run ReadHtmlCache Behavior [ RunTime:0.000813s ]
INFO: [ app_begin ] --END-- [ RunTime:0.000935s ]

[ 2014-10-26T15:58:46+08:00 ] 127.0.0.1 /TP001/Editor.php/Public/code
INFO: [ route_check ] --START--
INFO: Run CheckRoute Behavior [ RunTime:0.001290s ]
INFO: [ route_check ] --END-- [ RunTime:0.001472s ]
INFO: [ app_begin ] --START--
INFO: Run ReadHtmlCache Behavior [ RunTime:0.000956s ]
INFO: [ app_begin ] --END-- [ RunTime:0.001121s ]

[ 2014-10-26T16:04:57+08:00 ] 127.0.0.1 /TP001/Editor.php/Login/login
INFO: [ route_check ] --START--
INFO: Run CheckRoute Behavior [ RunTime:0.001554s ]
INFO: [ route_check ] --END-- [ RunTime:0.001722s ]
INFO: [ app_begin ] --START--
INFO: Run ReadHtmlCache Behavior [ RunTime:0.000765s ]
INFO: [ app_begin ] --END-- [ RunTime:0.000870s ]
INFO: [ view_template ] --START--
INFO: Run LocationTemplate Behavior [ RunTime:0.001137s ]
INFO: [ view_template ] --END-- [ RunTime:0.001285s ]
INFO: [ view_parse ] --START--
INFO: Run ParseTemplate Behavior [ RunTime:0.011647s ]
INFO: [ view_parse ] --END-- [ RunTime:0.011815s ]
INFO: [ view_filter ] --START--
INFO: Run ContentReplace Behavior [ RunTime:0.000700s ]
INFO: Run TokenBuild Behavior [ RunTime:0.000743s ]
INFO: Run WriteHtmlCache Behavior [ RunTime:0.000539s ]
INFO: Run ShowRuntime Behavior [ RunTime:0.000866s ]
INFO: [ view_filter ] --END-- [ RunTime:0.003173s ]
INFO: [ view_end ] --START--
INFO: Run ShowPageTrace Behavior [ RunTime:0.001188s ]
INFO: [ view_end ] --END-- [ RunTime:0.001347s ]

[ 2014-10-26T16:04:57+08:00 ] 127.0.0.1 /TP001/Editor.php/Public/code
INFO: [ route_check ] --START--
INFO: Run CheckRoute Behavior [ RunTime:0.001234s ]
INFO: [ route_check ] --END-- [ RunTime:0.001416s ]
INFO: [ app_begin ] --START--
INFO: Run ReadHtmlCache Behavior [ RunTime:0.000939s ]
INFO: [ app_begin ] --END-- [ RunTime:0.001119s ]

[ 2014-10-26T16:05:03+08:00 ] 127.0.0.1 /TP001/Editor.php/Public/code
INFO: [ route_check ] --START--
INFO: Run CheckRoute Behavior [ RunTime:0.001200s ]
INFO: [ route_check ] --END-- [ RunTime:0.001379s ]
INFO: [ app_begin ] --START--
INFO: Run ReadHtmlCache Behavior [ RunTime:0.000961s ]
INFO: [ app_begin ] --END-- [ RunTime:0.001129s ]

[ 2014-10-26T16:12:24+08:00 ] 127.0.0.1 /TP001/Editor.php/Login/doLogin
INFO: [ route_check ] --START--
INFO: Run CheckRoute Behavior [ RunTime:0.001191s ]
INFO: [ route_check ] --END-- [ RunTime:0.001350s ]
INFO: [ app_begin ] --START--
INFO: Run ReadHtmlCache Behavior [ RunTime:0.000924s ]
INFO: [ app_begin ] --END-- [ RunTime:0.001088s ]
SQL: SHOW COLUMNS FROM `emenu_user` [ RunTime:0.315492s ]
SQL: SELECT COUNT(*) AS tp_count FROM `emenu_user` LIMIT 1   [ RunTime:0.017959s ]
NOTIC: [8] Undefined index:  C:\wamp\www\TP001\Editor\Lib\Action\LoginAction.class.php 第 27 行.
INFO: [ view_template ] --START--
INFO: Run LocationTemplate Behavior [ RunTime:0.001069s ]
INFO: [ view_template ] --END-- [ RunTime:0.001175s ]
INFO: [ view_parse ] --START--
INFO: Run ParseTemplate Behavior [ RunTime:0.014957s ]
INFO: [ view_parse ] --END-- [ RunTime:0.015080s ]
INFO: [ view_filter ] --START--
INFO: Run ContentReplace Behavior [ RunTime:0.000616s ]
INFO: Run TokenBuild Behavior [ RunTime:0.000776s ]
INFO: Run WriteHtmlCache Behavior [ RunTime:0.000595s ]
INFO: Run ShowRuntime Behavior [ RunTime:0.001063s ]
INFO: [ view_filter ] --END-- [ RunTime:0.003372s ]
INFO: [ view_end ] --START--
INFO: Run ShowPageTrace Behavior [ RunTime:0.001070s ]
INFO: [ view_end ] --END-- [ RunTime:0.001227s ]

[ 2014-10-26T16:12:26+08:00 ] 127.0.0.1 /TP001/Editor.php/Login/login
INFO: [ route_check ] --START--
INFO: Run CheckRoute Behavior [ RunTime:0.001070s ]
INFO: [ route_check ] --END-- [ RunTime:0.001213s ]
INFO: [ app_begin ] --START--
INFO: Run ReadHtmlCache Behavior [ RunTime:0.000771s ]
INFO: [ app_begin ] --END-- [ RunTime:0.000895s ]
INFO: [ view_template ] --START--
INFO: Run LocationTemplate Behavior [ RunTime:0.001060s ]
INFO: [ view_template ] --END-- [ RunTime:0.001213s ]
INFO: [ view_parse ] --START--
INFO: Run ParseTemplate Behavior [ RunTime:0.010430s ]
INFO: [ view_parse ] --END-- [ RunTime:0.010578s ]
INFO: [ view_filter ] --START--
INFO: Run ContentReplace Behavior [ RunTime:0.000503s ]
INFO: Run TokenBuild Behavior [ RunTime:0.000449s ]
INFO: Run WriteHtmlCache Behavior [ RunTime:0.000402s ]
INFO: Run ShowRuntime Behavior [ RunTime:0.000605s ]
INFO: [ view_filter ] --END-- [ RunTime:0.002258s ]
INFO: [ view_end ] --START--
INFO: Run ShowPageTrace Behavior [ RunTime:0.000724s ]
INFO: [ view_end ] --END-- [ RunTime:0.000871s ]

[ 2014-10-26T16:12:26+08:00 ] 127.0.0.1 /TP001/Editor.php/Public/code
INFO: [ route_check ] --START--
INFO: Run CheckRoute Behavior [ RunTime:0.001306s ]
INFO: [ route_check ] --END-- [ RunTime:0.001488s ]
INFO: [ app_begin ] --START--
INFO: Run ReadHtmlCache Behavior [ RunTime:0.000908s ]
INFO: [ app_begin ] --END-- [ RunTime:0.001074s ]

[ 2014-10-26T16:13:00+08:00 ] 127.0.0.1 /TP001/Editor.php/Login/doLogin
INFO: [ route_check ] --START--
INFO: Run CheckRoute Behavior [ RunTime:0.001510s ]
INFO: [ route_check ] --END-- [ RunTime:0.001708s ]
INFO: [ app_begin ] --START--
INFO: Run ReadHtmlCache Behavior [ RunTime:0.001081s ]
INFO: [ app_begin ] --END-- [ RunTime:0.001261s ]
SQL: SHOW COLUMNS FROM `emenu_user` [ RunTime:0.026079s ]
SQL: SELECT COUNT(*) AS tp_count FROM `emenu_user` LIMIT 1   [ RunTime:0.000386s ]
NOTIC: [8] Undefined index:  C:\wamp\www\TP001\Editor\Lib\Action\LoginAction.class.php 第 27 行.
INFO: [ view_template ] --START--
INFO: Run LocationTemplate Behavior [ RunTime:0.000762s ]
INFO: [ view_template ] --END-- [ RunTime:0.000926s ]
INFO: [ view_parse ] --START--
INFO: Run ParseTemplate Behavior [ RunTime:0.011035s ]
INFO: [ view_parse ] --END-- [ RunTime:0.011180s ]
INFO: [ view_filter ] --START--
INFO: Run ContentReplace Behavior [ RunTime:0.000634s ]
INFO: Run TokenBuild Behavior [ RunTime:0.000620s ]
INFO: Run WriteHtmlCache Behavior [ RunTime:0.000532s ]
INFO: Run ShowRuntime Behavior [ RunTime:0.000724s ]
INFO: [ view_filter ] --END-- [ RunTime:0.002852s ]
INFO: [ view_end ] --START--
INFO: Run ShowPageTrace Behavior [ RunTime:0.000707s ]
INFO: [ view_end ] --END-- [ RunTime:0.000807s ]

[ 2014-10-26T16:13:01+08:00 ] 127.0.0.1 /TP001/Editor.php/Login/login
INFO: [ route_check ] --START--
INFO: Run CheckRoute Behavior [ RunTime:0.001003s ]
INFO: [ route_check ] --END-- [ RunTime:0.001144s ]
INFO: [ app_begin ] --START--
INFO: Run ReadHtmlCache Behavior [ RunTime:0.000784s ]
INFO: [ app_begin ] --END-- [ RunTime:0.000948s ]
INFO: [ view_template ] --START--
INFO: Run LocationTemplate Behavior [ RunTime:0.000762s ]
INFO: [ view_template ] --END-- [ RunTime:0.000923s ]
INFO: [ view_parse ] --START--
INFO: Run ParseTemplate Behavior [ RunTime:0.009971s ]
INFO: [ view_parse ] --END-- [ RunTime:0.010102s ]
INFO: [ view_filter ] --START--
INFO: Run ContentReplace Behavior [ RunTime:0.000487s ]
INFO: Run TokenBuild Behavior [ RunTime:0.000480s ]
INFO: Run WriteHtmlCache Behavior [ RunTime:0.000371s ]
INFO: Run ShowRuntime Behavior [ RunTime:0.000557s ]
INFO: [ view_filter ] --END-- [ RunTime:0.002175s ]
INFO: [ view_end ] --START--
INFO: Run ShowPageTrace Behavior [ RunTime:0.000969s ]
INFO: [ view_end ] --END-- [ RunTime:0.001102s ]

[ 2014-10-26T16:13:02+08:00 ] 127.0.0.1 /TP001/Editor.php/Public/code
INFO: [ route_check ] --START--
INFO: Run CheckRoute Behavior [ RunTime:0.001250s ]
INFO: [ route_check ] --END-- [ RunTime:0.001472s ]
INFO: [ app_begin ] --START--
INFO: Run ReadHtmlCache Behavior [ RunTime:0.000937s ]
INFO: [ app_begin ] --END-- [ RunTime:0.001100s ]

[ 2014-10-26T16:14:20+08:00 ] 127.0.0.1 /TP001/Editor.php/Login/login
INFO: [ route_check ] --START--
INFO: Run CheckRoute Behavior [ RunTime:0.001724s ]
INFO: [ route_check ] --END-- [ RunTime:0.001910s ]
INFO: [ app_begin ] --START--
INFO: Run ReadHtmlCache Behavior [ RunTime:0.001109s ]
INFO: [ app_begin ] --END-- [ RunTime:0.001281s ]
INFO: [ view_template ] --START--
INFO: Run LocationTemplate Behavior [ RunTime:0.000764s ]
INFO: [ view_template ] --END-- [ RunTime:0.000985s ]
INFO: [ view_parse ] --START--
INFO: Run ParseTemplate Behavior [ RunTime:0.010863s ]
INFO: [ view_parse ] --END-- [ RunTime:0.011039s ]
INFO: [ view_filter ] --START--
INFO: Run ContentReplace Behavior [ RunTime:0.000624s ]
INFO: Run TokenBuild Behavior [ RunTime:0.000640s ]
INFO: Run WriteHtmlCache Behavior [ RunTime:0.000492s ]
INFO: Run ShowRuntime Behavior [ RunTime:0.000741s ]
INFO: [ view_filter ] --END-- [ RunTime:0.002898s ]
INFO: [ view_end ] --START--
INFO: Run ShowPageTrace Behavior [ RunTime:0.000973s ]
INFO: [ view_end ] --END-- [ RunTime:0.001129s ]

[ 2014-10-26T16:14:20+08:00 ] 127.0.0.1 /TP001/Editor.php/Public/code
INFO: [ route_check ] --START--
INFO: Run CheckRoute Behavior [ RunTime:0.001260s ]
INFO: [ route_check ] --END-- [ RunTime:0.001444s ]
INFO: [ app_begin ] --START--
INFO: Run ReadHtmlCache Behavior [ RunTime:0.000921s ]
INFO: [ app_begin ] --END-- [ RunTime:0.001085s ]

[ 2014-10-26T16:14:31+08:00 ] 127.0.0.1 /TP001/Editor.php/Public/code
INFO: [ route_check ] --START--
INFO: Run CheckRoute Behavior [ RunTime:0.001214s ]
INFO: [ route_check ] --END-- [ RunTime:0.001394s ]
INFO: [ app_begin ] --START--
INFO: Run ReadHtmlCache Behavior [ RunTime:0.000929s ]
INFO: [ app_begin ] --END-- [ RunTime:0.001093s ]

[ 2014-10-26T16:15:02+08:00 ] 127.0.0.1 /TP001/Editor.php/Login/doLogin
INFO: [ route_check ] --START--
INFO: Run CheckRoute Behavior [ RunTime:0.001225s ]
INFO: [ route_check ] --END-- [ RunTime:0.001412s ]
INFO: [ app_begin ] --START--
INFO: Run ReadHtmlCache Behavior [ RunTime:0.000912s ]
INFO: [ app_begin ] --END-- [ RunTime:0.001079s ]
SQL: SHOW COLUMNS FROM `emenu_user` [ RunTime:0.027253s ]
SQL: SELECT COUNT(*) AS tp_count FROM `emenu_user` WHERE ( `UserName` = 'Editor' ) AND ( `Password` = '123456' ) LIMIT 1   [ RunTime:0.000364s ]
NOTIC: [8] Undefined index:  C:\wamp\www\TP001\Editor\Lib\Action\LoginAction.class.php 第 27 行.
INFO: [ view_template ] --START--
INFO: Run LocationTemplate Behavior [ RunTime:0.000824s ]
INFO: [ view_template ] --END-- [ RunTime:0.000991s ]
INFO: [ view_parse ] --START--
INFO: Run ParseTemplate Behavior [ RunTime:0.011519s ]
INFO: [ view_parse ] --END-- [ RunTime:0.011693s ]
INFO: [ view_filter ] --START--
INFO: Run ContentReplace Behavior [ RunTime:0.000523s ]
INFO: Run TokenBuild Behavior [ RunTime:0.000635s ]
INFO: Run WriteHtmlCache Behavior [ RunTime:0.000557s ]
INFO: Run ShowRuntime Behavior [ RunTime:0.000808s ]
INFO: [ view_filter ] --END-- [ RunTime:0.002872s ]
INFO: [ view_end ] --START--
INFO: Run ShowPageTrace Behavior [ RunTime:0.000899s ]
INFO: [ view_end ] --END-- [ RunTime:0.001036s ]

[ 2014-10-26T16:15:04+08:00 ] 127.0.0.1 /TP001/Editor.php/Login/login
INFO: [ route_check ] --START--
INFO: Run CheckRoute Behavior [ RunTime:0.001092s ]
INFO: [ route_check ] --END-- [ RunTime:0.001236s ]
INFO: [ app_begin ] --START--
INFO: Run ReadHtmlCache Behavior [ RunTime:0.000876s ]
INFO: [ app_begin ] --END-- [ RunTime:0.001041s ]
INFO: [ view_template ] --START--
INFO: Run LocationTemplate Behavior [ RunTime:0.001083s ]
INFO: [ view_template ] --END-- [ RunTime:0.001218s ]
INFO: [ view_parse ] --START--
INFO: Run ParseTemplate Behavior [ RunTime:0.010699s ]
INFO: [ view_parse ] --END-- [ RunTime:0.010908s ]
INFO: [ view_filter ] --START--
INFO: Run ContentReplace Behavior [ RunTime:0.000441s ]
INFO: Run TokenBuild Behavior [ RunTime:0.000781s ]
INFO: Run WriteHtmlCache Behavior [ RunTime:0.000435s ]
INFO: Run ShowRuntime Behavior [ RunTime:0.000663s ]
INFO: [ view_filter ] --END-- [ RunTime:0.002676s ]
INFO: [ view_end ] --START--
INFO: Run ShowPageTrace Behavior [ RunTime:0.000613s ]
INFO: [ view_end ] --END-- [ RunTime:0.000712s ]

[ 2014-10-26T16:15:04+08:00 ] 127.0.0.1 /TP001/Editor.php/Public/code
INFO: [ route_check ] --START--
INFO: Run CheckRoute Behavior [ RunTime:0.001233s ]
INFO: [ route_check ] --END-- [ RunTime:0.001414s ]
INFO: [ app_begin ] --START--
INFO: Run ReadHtmlCache Behavior [ RunTime:0.000941s ]
INFO: [ app_begin ] --END-- [ RunTime:0.001106s ]

[ 2014-10-26T16:24:09+08:00 ] 127.0.0.1 /TP001/Editor.php/Login/login
INFO: [ route_check ] --START--
INFO: Run CheckRoute Behavior [ RunTime:0.001139s ]
INFO: [ route_check ] --END-- [ RunTime:0.001263s ]
INFO: [ app_begin ] --START--
INFO: Run ReadHtmlCache Behavior [ RunTime:0.000850s ]
INFO: [ app_begin ] --END-- [ RunTime:0.000972s ]
INFO: [ view_template ] --START--
INFO: Run LocationTemplate Behavior [ RunTime:0.001151s ]
INFO: [ view_template ] --END-- [ RunTime:0.001287s ]
INFO: [ view_parse ] --START--
INFO: Run ParseTemplate Behavior [ RunTime:0.011512s ]
INFO: [ view_parse ] --END-- [ RunTime:0.011676s ]
INFO: [ view_filter ] --START--
INFO: Run ContentReplace Behavior [ RunTime:0.000761s ]
INFO: Run TokenBuild Behavior [ RunTime:0.000683s ]
INFO: Run WriteHtmlCache Behavior [ RunTime:0.000502s ]
INFO: Run ShowRuntime Behavior [ RunTime:0.000850s ]
INFO: [ view_filter ] --END-- [ RunTime:0.003130s ]
INFO: [ view_end ] --START--
INFO: Run ShowPageTrace Behavior [ RunTime:0.000785s ]
INFO: [ view_end ] --END-- [ RunTime:0.000885s ]

[ 2014-10-26T16:24:09+08:00 ] 127.0.0.1 /TP001/Editor.php/Public/code
INFO: [ route_check ] --START--
INFO: Run CheckRoute Behavior [ RunTime:0.001214s ]
INFO: [ route_check ] --END-- [ RunTime:0.001436s ]
INFO: [ app_begin ] --START--
INFO: Run ReadHtmlCache Behavior [ RunTime:0.000936s ]
INFO: [ app_begin ] --END-- [ RunTime:0.001105s ]

[ 2014-10-26T16:24:24+08:00 ] 127.0.0.1 /TP001/Editor.php/Login/doLogin
INFO: [ route_check ] --START--
INFO: Run CheckRoute Behavior [ RunTime:0.001125s ]
INFO: [ route_check ] --END-- [ RunTime:0.001263s ]
INFO: [ app_begin ] --START--
INFO: Run ReadHtmlCache Behavior [ RunTime:0.000707s ]
INFO: [ app_begin ] --END-- [ RunTime:0.000932s ]
SQL: SHOW COLUMNS FROM `emenu_user` [ RunTime:0.026075s ]
SQL: SELECT COUNT(*) AS tp_count FROM `emenu_user` WHERE ( `UserName` = 'Editor' ) AND ( `Password` = '123456' ) LIMIT 1   [ RunTime:0.000403s ]
INFO: [ view_template ] --START--
INFO: Run LocationTemplate Behavior [ RunTime:0.000730s ]
INFO: [ view_template ] --END-- [ RunTime:0.000837s ]
INFO: [ view_parse ] --START--
INFO: Run ParseTemplate Behavior [ RunTime:0.015016s ]
INFO: [ view_parse ] --END-- [ RunTime:0.015181s ]
INFO: [ view_filter ] --START--
INFO: Run ContentReplace Behavior [ RunTime:0.000678s ]
INFO: Run TokenBuild Behavior [ RunTime:0.000741s ]
INFO: Run WriteHtmlCache Behavior [ RunTime:0.000546s ]
INFO: Run ShowRuntime Behavior [ RunTime:0.000958s ]
INFO: [ view_filter ] --END-- [ RunTime:0.003393s ]
INFO: [ view_end ] --START--
INFO: Run ShowPageTrace Behavior [ RunTime:0.000864s ]
INFO: [ view_end ] --END-- [ RunTime:0.000986s ]

[ 2014-10-26T16:24:25+08:00 ] 127.0.0.1 /TP001/Editor.php/Index/index
INFO: [ route_check ] --START--
INFO: Run CheckRoute Behavior [ RunTime:0.000965s ]
INFO: [ route_check ] --END-- [ RunTime:0.001101s ]
INFO: [ app_begin ] --START--
INFO: Run ReadHtmlCache Behavior [ RunTime:0.000791s ]
INFO: [ app_begin ] --END-- [ RunTime:0.000968s ]
NOTIC: [8] Use of undefined constant username - assumed 'username' C:\wamp\www\TP001\Editor\Lib\Action\IndexAction.class.php 第 6 行.
INFO: [ view_template ] --START--
INFO: Run LocationTemplate Behavior [ RunTime:0.001102s ]
INFO: [ view_template ] --END-- [ RunTime:0.001254s ]
INFO: [ view_parse ] --START--
INFO: Run ParseTemplate Behavior [ RunTime:0.013271s ]
INFO: [ view_parse ] --END-- [ RunTime:0.013466s ]
INFO: [ view_filter ] --START--
INFO: Run ContentReplace Behavior [ RunTime:0.000671s ]
INFO: Run TokenBuild Behavior [ RunTime:0.000690s ]
INFO: Run WriteHtmlCache Behavior [ RunTime:0.000496s ]
INFO: Run ShowRuntime Behavior [ RunTime:0.001246s ]
INFO: [ view_filter ] --END-- [ RunTime:0.003580s ]
INFO: [ view_end ] --START--
INFO: Run ShowPageTrace Behavior [ RunTime:0.001225s ]
INFO: [ view_end ] --END-- [ RunTime:0.001430s ]

