[ 2014-11-08T23:39:10+08:00 ] 127.0.0.1 /TP001/Editor.php
INFO: [ app_begin ] --START--
INFO: Run ReadHtmlCache Behavior [ RunTime:0.001378s ]
INFO: [ app_begin ] --END-- [ RunTime:0.001552s ]
NOTIC: [8] Use of undefined constant username - assumed 'username' C:\wamp\www\TP001\Editor\Lib\Action\IndexAction.class.php 第 6 行.
INFO: [ view_template ] --START--
INFO: Run LocationTemplate Behavior [ RunTime:0.005344s ]
INFO: [ view_template ] --END-- [ RunTime:0.005660s ]
INFO: [ view_parse ] --START--
INFO: Run ParseTemplate Behavior [ RunTime:0.044729s ]
INFO: [ view_parse ] --END-- [ RunTime:0.045007s ]
INFO: [ view_filter ] --START--
INFO: Run ContentReplace Behavior [ RunTime:0.002219s ]
INFO: Run TokenBuild Behavior [ RunTime:0.002198s ]
INFO: Run WriteHtmlCache Behavior [ RunTime:0.001897s ]
INFO: Run ShowRuntime Behavior [ RunTime:0.002340s ]
INFO: [ view_filter ] --END-- [ RunTime:0.009315s ]
INFO: [ view_end ] --START--
INFO: Run ShowPageTrace Behavior [ RunTime:0.002613s ]
INFO: [ view_end ] --END-- [ RunTime:0.002818s ]

[ 2014-11-08T23:40:09+08:00 ] 127.0.0.1 /TP001/Editor.php
INFO: [ app_begin ] --START--
INFO: Run ReadHtmlCache Behavior [ RunTime:0.001306s ]
INFO: [ app_begin ] --END-- [ RunTime:0.001436s ]
NOTIC: [8] Use of undefined constant username - assumed 'username' C:\wamp\www\TP001\Editor\Lib\Action\IndexAction.class.php 第 6 行.
INFO: [ view_template ] --START--
INFO: Run LocationTemplate Behavior [ RunTime:0.002230s ]
INFO: [ view_template ] --END-- [ RunTime:0.002343s ]
INFO: [ view_parse ] --START--
INFO: Run ParseTemplate Behavior [ RunTime:0.013244s ]
INFO: [ view_parse ] --END-- [ RunTime:0.013448s ]
INFO: [ view_filter ] --START--
INFO: Run ContentReplace Behavior [ RunTime:0.001104s ]
INFO: Run TokenBuild Behavior [ RunTime:0.001086s ]
INFO: Run WriteHtmlCache Behavior [ RunTime:0.000943s ]
INFO: Run ShowRuntime Behavior [ RunTime:0.001279s ]
INFO: [ view_filter ] --END-- [ RunTime:0.004760s ]
INFO: [ view_end ] --START--
INFO: Run ShowPageTrace Behavior [ RunTime:0.001403s ]
INFO: [ view_end ] --END-- [ RunTime:0.001529s ]

[ 2014-11-08T23:40:12+08:00 ] 127.0.0.1 /TP001/Editor.php
INFO: [ app_begin ] --START--
INFO: Run ReadHtmlCache Behavior [ RunTime:0.001438s ]
INFO: [ app_begin ] --END-- [ RunTime:0.001571s ]
NOTIC: [8] Use of undefined constant username - assumed 'username' C:\wamp\www\TP001\Editor\Lib\Action\IndexAction.class.php 第 6 行.
INFO: [ view_template ] --START--
INFO: Run LocationTemplate Behavior [ RunTime:0.002189s ]
INFO: [ view_template ] --END-- [ RunTime:0.002331s ]
INFO: [ view_parse ] --START--
INFO: Run ParseTemplate Behavior [ RunTime:0.013323s ]
INFO: [ view_parse ] --END-- [ RunTime:0.013551s ]
INFO: [ view_filter ] --START--
INFO: Run ContentReplace Behavior [ RunTime:0.001369s ]
INFO: Run TokenBuild Behavior [ RunTime:0.001500s ]
INFO: Run WriteHtmlCache Behavior [ RunTime:0.001386s ]
INFO: Run ShowRuntime Behavior [ RunTime:0.001351s ]
INFO: [ view_filter ] --END-- [ RunTime:0.005971s ]
INFO: [ view_end ] --START--
INFO: Run ShowPageTrace Behavior [ RunTime:0.001611s ]
INFO: [ view_end ] --END-- [ RunTime:0.001752s ]

[ 2014-11-08T23:42:20+08:00 ] 127.0.0.1 /TP001/Editor.php
INFO: [ app_begin ] --START--
INFO: Run ReadHtmlCache Behavior [ RunTime:0.001937s ]
INFO: [ app_begin ] --END-- [ RunTime:0.002187s ]
NOTIC: [8] Use of undefined constant username - assumed 'username' C:\wamp\www\TP001\Editor\Lib\Action\IndexAction.class.php 第 6 行.
INFO: [ view_template ] --START--
INFO: Run LocationTemplate Behavior [ RunTime:0.001542s ]
INFO: [ view_template ] --END-- [ RunTime:0.001654s ]
INFO: [ view_parse ] --START--
INFO: Run ParseTemplate Behavior [ RunTime:0.011118s ]
INFO: [ view_parse ] --END-- [ RunTime:0.011236s ]
INFO: [ view_filter ] --START--
INFO: Run ContentReplace Behavior [ RunTime:0.000766s ]
INFO: Run TokenBuild Behavior [ RunTime:0.000770s ]
INFO: Run WriteHtmlCache Behavior [ RunTime:0.000696s ]
INFO: Run ShowRuntime Behavior [ RunTime:0.000819s ]
INFO: [ view_filter ] --END-- [ RunTime:0.003368s ]
INFO: [ view_end ] --START--
INFO: Run ShowPageTrace Behavior [ RunTime:0.001025s ]
INFO: [ view_end ] --END-- [ RunTime:0.001124s ]

[ 2014-11-08T23:42:34+08:00 ] 127.0.0.1 /TP001/Editor.php
INFO: [ app_begin ] --START--
INFO: Run ReadHtmlCache Behavior [ RunTime:0.000891s ]
INFO: [ app_begin ] --END-- [ RunTime:0.001007s ]
NOTIC: [8] Use of undefined constant username - assumed 'username' C:\wamp\www\TP001\Editor\Lib\Action\IndexAction.class.php 第 6 行.
INFO: [ view_template ] --START--
INFO: Run LocationTemplate Behavior [ RunTime:0.001623s ]
INFO: [ view_template ] --END-- [ RunTime:0.001738s ]
INFO: [ view_parse ] --START--
INFO: Run ParseTemplate Behavior [ RunTime:0.010507s ]
INFO: [ view_parse ] --END-- [ RunTime:0.010632s ]
INFO: [ view_filter ] --START--
INFO: Run ContentReplace Behavior [ RunTime:0.000829s ]
INFO: Run TokenBuild Behavior [ RunTime:0.000787s ]
INFO: Run WriteHtmlCache Behavior [ RunTime:0.000648s ]
INFO: Run ShowRuntime Behavior [ RunTime:0.000788s ]
INFO: [ view_filter ] --END-- [ RunTime:0.003423s ]
INFO: [ view_end ] --START--
INFO: Run ShowPageTrace Behavior [ RunTime:0.000981s ]
INFO: [ view_end ] --END-- [ RunTime:0.001096s ]

[ 2014-11-08T23:42:35+08:00 ] 127.0.0.1 /TP001/Editor.php
INFO: [ app_begin ] --START--
INFO: Run ReadHtmlCache Behavior [ RunTime:0.000901s ]
INFO: [ app_begin ] --END-- [ RunTime:0.001067s ]
NOTIC: [8] Use of undefined constant username - assumed 'username' C:\wamp\www\TP001\Editor\Lib\Action\IndexAction.class.php 第 6 行.
INFO: [ view_template ] --START--
INFO: Run LocationTemplate Behavior [ RunTime:0.001144s ]
INFO: [ view_template ] --END-- [ RunTime:0.001253s ]
INFO: [ view_parse ] --START--
INFO: Run ParseTemplate Behavior [ RunTime:0.011699s ]
INFO: [ view_parse ] --END-- [ RunTime:0.011819s ]
INFO: [ view_filter ] --START--
INFO: Run ContentReplace Behavior [ RunTime:0.000980s ]
INFO: Run TokenBuild Behavior [ RunTime:0.000869s ]
INFO: Run WriteHtmlCache Behavior [ RunTime:0.000680s ]
INFO: Run ShowRuntime Behavior [ RunTime:0.000840s ]
INFO: [ view_filter ] --END-- [ RunTime:0.003705s ]
INFO: [ view_end ] --START--
INFO: Run ShowPageTrace Behavior [ RunTime:0.001131s ]
INFO: [ view_end ] --END-- [ RunTime:0.001344s ]

[ 2014-11-08T23:45:46+08:00 ] 127.0.0.1 /TP001/Editor.php
INFO: [ app_begin ] --START--
INFO: Run ReadHtmlCache Behavior [ RunTime:0.001800s ]
INFO: [ app_begin ] --END-- [ RunTime:0.001997s ]
NOTIC: [8] Use of undefined constant username - assumed 'username' C:\wamp\www\TP001\Editor\Lib\Action\IndexAction.class.php 第 6 行.
INFO: [ view_template ] --START--
INFO: Run LocationTemplate Behavior [ RunTime:0.002102s ]
INFO: [ view_template ] --END-- [ RunTime:0.002281s ]
INFO: [ view_parse ] --START--
INFO: Run ParseTemplate Behavior [ RunTime:0.019170s ]
INFO: [ view_parse ] --END-- [ RunTime:0.019434s ]
INFO: [ view_filter ] --START--
INFO: Run ContentReplace Behavior [ RunTime:0.001158s ]
INFO: Run TokenBuild Behavior [ RunTime:0.000906s ]
INFO: Run WriteHtmlCache Behavior [ RunTime:0.000728s ]
INFO: Run ShowRuntime Behavior [ RunTime:0.000895s ]
INFO: [ view_filter ] --END-- [ RunTime:0.004084s ]
INFO: [ view_end ] --START--
INFO: Run ShowPageTrace Behavior [ RunTime:0.000879s ]
INFO: [ view_end ] --END-- [ RunTime:0.000978s ]

[ 2014-11-08T23:46:56+08:00 ] 127.0.0.1 /TP001/Editor.php
INFO: [ app_begin ] --START--
INFO: Run ReadHtmlCache Behavior [ RunTime:0.000914s ]
INFO: [ app_begin ] --END-- [ RunTime:0.001035s ]
NOTIC: [8] Use of undefined constant username - assumed 'username' C:\wamp\www\TP001\Editor\Lib\Action\IndexAction.class.php 第 6 行.
INFO: [ view_template ] --START--
INFO: Run LocationTemplate Behavior [ RunTime:0.001144s ]
INFO: [ view_template ] --END-- [ RunTime:0.001248s ]
INFO: [ view_parse ] --START--
INFO: Run ParseTemplate Behavior [ RunTime:0.013317s ]
INFO: [ view_parse ] --END-- [ RunTime:0.013449s ]
INFO: [ view_filter ] --START--
INFO: Run ContentReplace Behavior [ RunTime:0.000775s ]
INFO: Run TokenBuild Behavior [ RunTime:0.000620s ]
INFO: Run WriteHtmlCache Behavior [ RunTime:0.000644s ]
INFO: Run ShowRuntime Behavior [ RunTime:0.000729s ]
INFO: [ view_filter ] --END-- [ RunTime:0.003044s ]
INFO: [ view_end ] --START--
INFO: Run ShowPageTrace Behavior [ RunTime:0.000950s ]
INFO: [ view_end ] --END-- [ RunTime:0.001048s ]

[ 2014-11-08T23:50:16+08:00 ] 127.0.0.1 /TP001/Editor.php
INFO: [ app_begin ] --START--
INFO: Run ReadHtmlCache Behavior [ RunTime:0.001176s ]
INFO: [ app_begin ] --END-- [ RunTime:0.001335s ]
NOTIC: [8] Use of undefined constant username - assumed 'username' C:\wamp\www\TP001\Editor\Lib\Action\IndexAction.class.php 第 6 行.
INFO: [ view_template ] --START--
INFO: Run LocationTemplate Behavior [ RunTime:0.001584s ]
INFO: [ view_template ] --END-- [ RunTime:0.001727s ]
INFO: [ view_parse ] --START--
INFO: Run ParseTemplate Behavior [ RunTime:0.013264s ]
INFO: [ view_parse ] --END-- [ RunTime:0.013385s ]
INFO: [ view_filter ] --START--
INFO: Run ContentReplace Behavior [ RunTime:0.000835s ]
INFO: Run TokenBuild Behavior [ RunTime:0.000836s ]
INFO: Run WriteHtmlCache Behavior [ RunTime:0.000667s ]
INFO: Run ShowRuntime Behavior [ RunTime:0.000786s ]
INFO: [ view_filter ] --END-- [ RunTime:0.003475s ]
INFO: [ view_end ] --START--
INFO: Run ShowPageTrace Behavior [ RunTime:0.000968s ]
INFO: [ view_end ] --END-- [ RunTime:0.001084s ]

[ 2014-11-08T23:50:53+08:00 ] 127.0.0.1 /TP001/Editor.php
INFO: [ app_begin ] --START--
INFO: Run ReadHtmlCache Behavior [ RunTime:0.001068s ]
INFO: [ app_begin ] --END-- [ RunTime:0.001186s ]
NOTIC: [8] Use of undefined constant username - assumed 'username' C:\wamp\www\TP001\Editor\Lib\Action\IndexAction.class.php 第 6 行.
INFO: [ view_template ] --START--
INFO: Run LocationTemplate Behavior [ RunTime:0.001059s ]
INFO: [ view_template ] --END-- [ RunTime:0.001161s ]
INFO: [ view_parse ] --START--
INFO: Run ParseTemplate Behavior [ RunTime:0.010742s ]
INFO: [ view_parse ] --END-- [ RunTime:0.010862s ]
INFO: [ view_filter ] --START--
INFO: Run ContentReplace Behavior [ RunTime:0.000881s ]
INFO: Run TokenBuild Behavior [ RunTime:0.000789s ]
INFO: Run WriteHtmlCache Behavior [ RunTime:0.000683s ]
INFO: Run ShowRuntime Behavior [ RunTime:0.000903s ]
INFO: [ view_filter ] --END-- [ RunTime:0.003574s ]
INFO: [ view_end ] --START--
INFO: Run ShowPageTrace Behavior [ RunTime:0.001083s ]
INFO: [ view_end ] --END-- [ RunTime:0.001222s ]

[ 2014-11-08T23:50:54+08:00 ] 127.0.0.1 /TP001/Editor.php
INFO: [ app_begin ] --START--
INFO: Run ReadHtmlCache Behavior [ RunTime:0.000960s ]
INFO: [ app_begin ] --END-- [ RunTime:0.001076s ]
NOTIC: [8] Use of undefined constant username - assumed 'username' C:\wamp\www\TP001\Editor\Lib\Action\IndexAction.class.php 第 6 行.
INFO: [ view_template ] --START--
INFO: Run LocationTemplate Behavior [ RunTime:0.001128s ]
INFO: [ view_template ] --END-- [ RunTime:0.001230s ]
INFO: [ view_parse ] --START--
INFO: Run ParseTemplate Behavior [ RunTime:0.011226s ]
INFO: [ view_parse ] --END-- [ RunTime:0.011347s ]
INFO: [ view_filter ] --START--
INFO: Run ContentReplace Behavior [ RunTime:0.000776s ]
INFO: Run TokenBuild Behavior [ RunTime:0.000726s ]
INFO: Run WriteHtmlCache Behavior [ RunTime:0.000736s ]
INFO: Run ShowRuntime Behavior [ RunTime:0.000737s ]
INFO: [ view_filter ] --END-- [ RunTime:0.003307s ]
INFO: [ view_end ] --START--
INFO: Run ShowPageTrace Behavior [ RunTime:0.001047s ]
INFO: [ view_end ] --END-- [ RunTime:0.001162s ]

[ 2014-11-08T23:51:03+08:00 ] 127.0.0.1 /TP001/Editor.php
INFO: [ app_begin ] --START--
INFO: Run ReadHtmlCache Behavior [ RunTime:0.001475s ]
INFO: [ app_begin ] --END-- [ RunTime:0.001761s ]
NOTIC: [8] Use of undefined constant username - assumed 'username' C:\wamp\www\TP001\Editor\Lib\Action\IndexAction.class.php 第 6 行.
INFO: [ view_template ] --START--
INFO: Run LocationTemplate Behavior [ RunTime:0.001138s ]
INFO: [ view_template ] --END-- [ RunTime:0.001241s ]
INFO: [ view_parse ] --START--
INFO: Run ParseTemplate Behavior [ RunTime:0.010931s ]
INFO: [ view_parse ] --END-- [ RunTime:0.011043s ]
INFO: [ view_filter ] --START--
INFO: Run ContentReplace Behavior [ RunTime:0.000748s ]
INFO: Run TokenBuild Behavior [ RunTime:0.000699s ]
INFO: Run WriteHtmlCache Behavior [ RunTime:0.000717s ]
INFO: Run ShowRuntime Behavior [ RunTime:0.000786s ]
INFO: [ view_filter ] --END-- [ RunTime:0.003290s ]
INFO: [ view_end ] --START--
INFO: Run ShowPageTrace Behavior [ RunTime:0.001084s ]
INFO: [ view_end ] --END-- [ RunTime:0.001219s ]

[ 2014-11-08T23:51:20+08:00 ] 127.0.0.1 /TP001/Editor.php
INFO: [ app_begin ] --START--
INFO: Run ReadHtmlCache Behavior [ RunTime:0.000829s ]
INFO: [ app_begin ] --END-- [ RunTime:0.000947s ]
NOTIC: [8] Use of undefined constant username - assumed 'username' C:\wamp\www\TP001\Editor\Lib\Action\IndexAction.class.php 第 6 行.
INFO: [ view_template ] --START--
INFO: Run LocationTemplate Behavior [ RunTime:0.001432s ]
INFO: [ view_template ] --END-- [ RunTime:0.001535s ]
INFO: [ view_parse ] --START--
INFO: Run ParseTemplate Behavior [ RunTime:0.010382s ]
INFO: [ view_parse ] --END-- [ RunTime:0.010493s ]
INFO: [ view_filter ] --START--
INFO: Run ContentReplace Behavior [ RunTime:0.000700s ]
INFO: Run TokenBuild Behavior [ RunTime:0.000649s ]
INFO: Run WriteHtmlCache Behavior [ RunTime:0.000568s ]
INFO: Run ShowRuntime Behavior [ RunTime:0.000685s ]
INFO: [ view_filter ] --END-- [ RunTime:0.002886s ]
INFO: [ view_end ] --START--
INFO: Run ShowPageTrace Behavior [ RunTime:0.000806s ]
INFO: [ view_end ] --END-- [ RunTime:0.000981s ]

[ 2014-11-08T23:51:54+08:00 ] 127.0.0.1 /TP001/Editor.php
INFO: [ app_begin ] --START--
INFO: Run ReadHtmlCache Behavior [ RunTime:0.000949s ]
INFO: [ app_begin ] --END-- [ RunTime:0.001103s ]
NOTIC: [8] Use of undefined constant username - assumed 'username' C:\wamp\www\TP001\Editor\Lib\Action\IndexAction.class.php 第 6 行.
INFO: [ view_template ] --START--
INFO: Run LocationTemplate Behavior [ RunTime:0.001491s ]
INFO: [ view_template ] --END-- [ RunTime:0.001633s ]
INFO: [ view_parse ] --START--
INFO: Run ParseTemplate Behavior [ RunTime:0.014906s ]
INFO: [ view_parse ] --END-- [ RunTime:0.015066s ]
INFO: [ view_filter ] --START--
INFO: Run ContentReplace Behavior [ RunTime:0.001036s ]
INFO: Run TokenBuild Behavior [ RunTime:0.000876s ]
INFO: Run WriteHtmlCache Behavior [ RunTime:0.000709s ]
INFO: Run ShowRuntime Behavior [ RunTime:0.000776s ]
INFO: [ view_filter ] --END-- [ RunTime:0.003767s ]
INFO: [ view_end ] --START--
INFO: Run ShowPageTrace Behavior [ RunTime:0.001033s ]
INFO: [ view_end ] --END-- [ RunTime:0.001146s ]

[ 2014-11-08T23:52:06+08:00 ] 127.0.0.1 /TP001/Editor.php
INFO: [ app_begin ] --START--
INFO: Run ReadHtmlCache Behavior [ RunTime:0.000917s ]
INFO: [ app_begin ] --END-- [ RunTime:0.001072s ]
NOTIC: [8] Use of undefined constant username - assumed 'username' C:\wamp\www\TP001\Editor\Lib\Action\IndexAction.class.php 第 6 行.
INFO: [ view_template ] --START--
INFO: Run LocationTemplate Behavior [ RunTime:0.001117s ]
INFO: [ view_template ] --END-- [ RunTime:0.001322s ]
INFO: [ view_parse ] --START--
INFO: Run ParseTemplate Behavior [ RunTime:0.011541s ]
INFO: [ view_parse ] --END-- [ RunTime:0.011738s ]
INFO: [ view_filter ] --START--
INFO: Run ContentReplace Behavior [ RunTime:0.000708s ]
INFO: Run TokenBuild Behavior [ RunTime:0.000753s ]
INFO: Run WriteHtmlCache Behavior [ RunTime:0.000752s ]
INFO: Run ShowRuntime Behavior [ RunTime:0.000798s ]
INFO: [ view_filter ] --END-- [ RunTime:0.003403s ]
INFO: [ view_end ] --START--
INFO: Run ShowPageTrace Behavior [ RunTime:0.001033s ]
INFO: [ view_end ] --END-- [ RunTime:0.001132s ]

[ 2014-11-08T23:52:53+08:00 ] 127.0.0.1 /TP001/Editor.php
INFO: [ app_begin ] --START--
INFO: Run ReadHtmlCache Behavior [ RunTime:0.001088s ]
INFO: [ app_begin ] --END-- [ RunTime:0.001240s ]
NOTIC: [8] Use of undefined constant username - assumed 'username' C:\wamp\www\TP001\Editor\Lib\Action\IndexAction.class.php 第 6 行.
INFO: [ view_template ] --START--
INFO: Run LocationTemplate Behavior [ RunTime:0.001605s ]
INFO: [ view_template ] --END-- [ RunTime:0.001720s ]
INFO: [ view_parse ] --START--
INFO: Run ParseTemplate Behavior [ RunTime:0.011326s ]
INFO: [ view_parse ] --END-- [ RunTime:0.011455s ]
INFO: [ view_filter ] --START--
INFO: Run ContentReplace Behavior [ RunTime:0.000633s ]
INFO: Run TokenBuild Behavior [ RunTime:0.000811s ]
INFO: Run WriteHtmlCache Behavior [ RunTime:0.000763s ]
INFO: Run ShowRuntime Behavior [ RunTime:0.000940s ]
INFO: [ view_filter ] --END-- [ RunTime:0.003424s ]
INFO: [ view_end ] --START--
INFO: Run ShowPageTrace Behavior [ RunTime:0.000970s ]
INFO: [ view_end ] --END-- [ RunTime:0.001070s ]

[ 2014-11-08T23:53:04+08:00 ] 127.0.0.1 /TP001/Editor.php
INFO: [ app_begin ] --START--
INFO: Run ReadHtmlCache Behavior [ RunTime:0.000952s ]
INFO: [ app_begin ] --END-- [ RunTime:0.001126s ]
NOTIC: [8] Use of undefined constant username - assumed 'username' C:\wamp\www\TP001\Editor\Lib\Action\IndexAction.class.php 第 6 行.
INFO: [ view_template ] --START--
INFO: Run LocationTemplate Behavior [ RunTime:0.001176s ]
INFO: [ view_template ] --END-- [ RunTime:0.001280s ]
INFO: [ view_parse ] --START--
INFO: Run ParseTemplate Behavior [ RunTime:0.011713s ]
INFO: [ view_parse ] --END-- [ RunTime:0.011863s ]
INFO: [ view_filter ] --START--
INFO: Run ContentReplace Behavior [ RunTime:0.000783s ]
INFO: Run TokenBuild Behavior [ RunTime:0.000715s ]
INFO: Run WriteHtmlCache Behavior [ RunTime:0.000750s ]
INFO: Run ShowRuntime Behavior [ RunTime:0.000782s ]
INFO: [ view_filter ] --END-- [ RunTime:0.003392s ]
INFO: [ view_end ] --START--
INFO: Run ShowPageTrace Behavior [ RunTime:0.001022s ]
INFO: [ view_end ] --END-- [ RunTime:0.001136s ]

[ 2014-11-08T23:53:06+08:00 ] 127.0.0.1 /TP001/Editor.php
INFO: [ app_begin ] --START--
INFO: Run ReadHtmlCache Behavior [ RunTime:0.001013s ]
INFO: [ app_begin ] --END-- [ RunTime:0.001130s ]
NOTIC: [8] Use of undefined constant username - assumed 'username' C:\wamp\www\TP001\Editor\Lib\Action\IndexAction.class.php 第 6 行.
INFO: [ view_template ] --START--
INFO: Run LocationTemplate Behavior [ RunTime:0.001230s ]
INFO: [ view_template ] --END-- [ RunTime:0.001367s ]
INFO: [ view_parse ] --START--
INFO: Run ParseTemplate Behavior [ RunTime:0.010919s ]
INFO: [ view_parse ] --END-- [ RunTime:0.011065s ]
INFO: [ view_filter ] --START--
INFO: Run ContentReplace Behavior [ RunTime:0.000958s ]
INFO: Run TokenBuild Behavior [ RunTime:0.000820s ]
INFO: Run WriteHtmlCache Behavior [ RunTime:0.000675s ]
INFO: Run ShowRuntime Behavior [ RunTime:0.000603s ]
INFO: [ view_filter ] --END-- [ RunTime:0.003391s ]
INFO: [ view_end ] --START--
INFO: Run ShowPageTrace Behavior [ RunTime:0.000839s ]
INFO: [ view_end ] --END-- [ RunTime:0.000939s ]

[ 2014-11-08T23:53:19+08:00 ] 127.0.0.1 /TP001/Editor.php
INFO: [ app_begin ] --START--
INFO: Run ReadHtmlCache Behavior [ RunTime:0.001271s ]
INFO: [ app_begin ] --END-- [ RunTime:0.001455s ]
NOTIC: [8] Use of undefined constant username - assumed 'username' C:\wamp\www\TP001\Editor\Lib\Action\IndexAction.class.php 第 6 行.
INFO: [ view_template ] --START--
INFO: Run LocationTemplate Behavior [ RunTime:0.001668s ]
INFO: [ view_template ] --END-- [ RunTime:0.001838s ]
INFO: [ view_parse ] --START--
INFO: Run ParseTemplate Behavior [ RunTime:0.015438s ]
INFO: [ view_parse ] --END-- [ RunTime:0.015631s ]
INFO: [ view_filter ] --START--
INFO: Run ContentReplace Behavior [ RunTime:0.001088s ]
INFO: Run TokenBuild Behavior [ RunTime:0.000820s ]
INFO: Run WriteHtmlCache Behavior [ RunTime:0.000762s ]
INFO: Run ShowRuntime Behavior [ RunTime:0.000875s ]
INFO: [ view_filter ] --END-- [ RunTime:0.003946s ]
INFO: [ view_end ] --START--
INFO: Run ShowPageTrace Behavior [ RunTime:0.000998s ]
INFO: [ view_end ] --END-- [ RunTime:0.001112s ]

[ 2014-11-08T23:55:39+08:00 ] 127.0.0.1 /TP001/Editor.php
INFO: [ app_begin ] --START--
INFO: Run ReadHtmlCache Behavior [ RunTime:0.001607s ]
INFO: [ app_begin ] --END-- [ RunTime:0.001802s ]
NOTIC: [8] Use of undefined constant username - assumed 'username' C:\wamp\www\TP001\Editor\Lib\Action\IndexAction.class.php 第 6 行.
INFO: [ view_template ] --START--
INFO: Run LocationTemplate Behavior [ RunTime:0.002354s ]
INFO: [ view_template ] --END-- [ RunTime:0.002532s ]
INFO: [ view_parse ] --START--
INFO: Run ParseTemplate Behavior [ RunTime:0.013140s ]
INFO: [ view_parse ] --END-- [ RunTime:0.013297s ]
INFO: [ view_filter ] --START--
INFO: Run ContentReplace Behavior [ RunTime:0.000706s ]
INFO: Run TokenBuild Behavior [ RunTime:0.000810s ]
INFO: Run WriteHtmlCache Behavior [ RunTime:0.000829s ]
INFO: Run ShowRuntime Behavior [ RunTime:0.000965s ]
INFO: [ view_filter ] --END-- [ RunTime:0.003614s ]
INFO: [ view_end ] --START--
INFO: Run ShowPageTrace Behavior [ RunTime:0.000934s ]
INFO: [ view_end ] --END-- [ RunTime:0.001033s ]

[ 2014-11-08T23:56:00+08:00 ] 127.0.0.1 /TP001/Editor.php
INFO: [ app_begin ] --START--
INFO: Run ReadHtmlCache Behavior [ RunTime:0.000819s ]
INFO: [ app_begin ] --END-- [ RunTime:0.000937s ]
NOTIC: [8] Use of undefined constant username - assumed 'username' C:\wamp\www\TP001\Editor\Lib\Action\IndexAction.class.php 第 6 行.
INFO: [ view_template ] --START--
INFO: Run LocationTemplate Behavior [ RunTime:0.001333s ]
INFO: [ view_template ] --END-- [ RunTime:0.001445s ]
INFO: [ view_parse ] --START--
INFO: Run ParseTemplate Behavior [ RunTime:0.011936s ]
INFO: [ view_parse ] --END-- [ RunTime:0.012067s ]
INFO: [ view_filter ] --START--
INFO: Run ContentReplace Behavior [ RunTime:0.000795s ]
INFO: Run TokenBuild Behavior [ RunTime:0.000702s ]
INFO: Run WriteHtmlCache Behavior [ RunTime:0.000691s ]
INFO: Run ShowRuntime Behavior [ RunTime:0.000750s ]
INFO: [ view_filter ] --END-- [ RunTime:0.003298s ]
INFO: [ view_end ] --START--
INFO: Run ShowPageTrace Behavior [ RunTime:0.001102s ]
INFO: [ view_end ] --END-- [ RunTime:0.001230s ]

[ 2014-11-08T23:59:52+08:00 ] 127.0.0.1 /TP001/Editor.php
INFO: [ app_begin ] --START--
INFO: Run ReadHtmlCache Behavior [ RunTime:0.001597s ]
INFO: [ app_begin ] --END-- [ RunTime:0.001773s ]
NOTIC: [8] Use of undefined constant username - assumed 'username' C:\wamp\www\TP001\Editor\Lib\Action\IndexAction.class.php 第 6 行.
INFO: [ view_template ] --START--
INFO: Run LocationTemplate Behavior [ RunTime:0.001215s ]
INFO: [ view_template ] --END-- [ RunTime:0.001319s ]
INFO: [ view_parse ] --START--
INFO: Run ParseTemplate Behavior [ RunTime:0.014054s ]
INFO: [ view_parse ] --END-- [ RunTime:0.014202s ]
INFO: [ view_filter ] --START--
INFO: Run ContentReplace Behavior [ RunTime:0.000787s ]
INFO: Run TokenBuild Behavior [ RunTime:0.000767s ]
INFO: Run WriteHtmlCache Behavior [ RunTime:0.000716s ]
INFO: Run ShowRuntime Behavior [ RunTime:0.000746s ]
INFO: [ view_filter ] --END-- [ RunTime:0.003327s ]
INFO: [ view_end ] --START--
INFO: Run ShowPageTrace Behavior [ RunTime:0.000990s ]
INFO: [ view_end ] --END-- [ RunTime:0.001089s ]

