[ 2014-10-13T11:44:28+08:00 ] ERR: (ThinkException) 无法加载模块:index
[ 2014-10-13T11:46:08+08:00 ] ERR: (ThinkException) 无法加载模块:index
[ 2014-10-13T11:46:10+08:00 ] ERR: (ThinkException) 无法加载模块:index
[ 2014-10-13T11:46:12+08:00 ] ERR: (ThinkException) 无法加载模块:index
[ 2014-10-13T11:47:10+08:00 ] ERR: (ThinkException) 无法加载模块:show
[ 2014-10-13T11:47:19+08:00 ] ERR: (ThinkException) 无法加载模块:index
[ 2014-10-13T11:47:33+08:00 ] 127.0.0.1 /TP001/index.php/Index/show/
INFO: [ route_check ] --START--
INFO: Run CheckRoute Behavior [ RunTime:0.001219s ]
INFO: [ route_check ] --END-- [ RunTime:0.001400s ]
INFO: [ app_begin ] --START--
INFO: Run ReadHtmlCache Behavior [ RunTime:0.000902s ]
INFO: [ app_begin ] --END-- [ RunTime:0.001065s ]
NOTIC: [2048] Declaration of IndexAction::show() should be compatible with that of Action::show() C:\wamp\www\TP001\Home\Lib\Action\IndexAction.class.php 第 13 行.
INFO: [ view_template ] --START--
INFO: Run LocationTemplate Behavior [ RunTime:0.057703s ]
INFO: [ view_template ] --END-- [ RunTime:0.057896s ]
INFO: [ view_parse ] --START--
INFO: Run ParseTemplate Behavior [ RunTime:0.081475s ]
INFO: [ view_parse ] --END-- [ RunTime:0.081656s ]
INFO: [ view_filter ] --START--
INFO: Run ContentReplace Behavior [ RunTime:0.018143s ]
INFO: Run TokenBuild Behavior [ RunTime:0.007955s ]
INFO: Run WriteHtmlCache Behavior [ RunTime:0.001577s ]
INFO: Run ShowRuntime Behavior [ RunTime:0.014526s ]
INFO: [ view_filter ] --END-- [ RunTime:0.042604s ]
INFO: [ view_end ] --START--
INFO: Run ShowPageTrace Behavior [ RunTime:0.014187s ]
INFO: [ view_end ] --END-- [ RunTime:0.014333s ]

[ 2014-10-13T12:07:36+08:00 ] 127.0.0.1 /TP001/index.php/Index/show/
INFO: [ route_check ] --START--
INFO: Run CheckRoute Behavior [ RunTime:0.003744s ]
INFO: [ route_check ] --END-- [ RunTime:0.003993s ]
INFO: [ app_begin ] --START--
INFO: Run ReadHtmlCache Behavior [ RunTime:0.001377s ]
INFO: [ app_begin ] --END-- [ RunTime:0.001594s ]
NOTIC: [2048] Declaration of IndexAction::show() should be compatible with that of Action::show() C:\wamp\www\TP001\Home\Lib\Action\IndexAction.class.php 第 13 行.
NOTIC: [8] Undefined variable: index C:\wamp\www\TP001\Home\Lib\Action\IndexAction.class.php 第 11 行.
INFO: [ view_template ] --START--
INFO: Run LocationTemplate Behavior [ RunTime:0.001439s ]
INFO: [ view_template ] --END-- [ RunTime:0.001625s ]
INFO: [ view_parse ] --START--
INFO: Run ParseTemplate Behavior [ RunTime:0.013698s ]
INFO: [ view_parse ] --END-- [ RunTime:0.013917s ]
INFO: [ view_filter ] --START--
INFO: Run ContentReplace Behavior [ RunTime:0.000948s ]
INFO: Run TokenBuild Behavior [ RunTime:0.000998s ]
INFO: Run WriteHtmlCache Behavior [ RunTime:0.000749s ]
INFO: Run ShowRuntime Behavior [ RunTime:0.001112s ]
INFO: [ view_filter ] --END-- [ RunTime:0.004295s ]
INFO: [ view_end ] --START--
INFO: Run ShowPageTrace Behavior [ RunTime:0.001239s ]
INFO: [ view_end ] --END-- [ RunTime:0.001412s ]

[ 2014-10-13T12:07:47+08:00 ] 127.0.0.1 /TP001/index.php/Index/show/
INFO: [ route_check ] --START--
INFO: Run CheckRoute Behavior [ RunTime:0.001217s ]
INFO: [ route_check ] --END-- [ RunTime:0.001468s ]
INFO: [ app_begin ] --START--
INFO: Run ReadHtmlCache Behavior [ RunTime:0.000904s ]
INFO: [ app_begin ] --END-- [ RunTime:0.001068s ]
NOTIC: [2048] Declaration of IndexAction::show() should be compatible with that of Action::show() C:\wamp\www\TP001\Home\Lib\Action\IndexAction.class.php 第 13 行.
NOTIC: [8] Use of undefined constant index - assumed 'index' C:\wamp\www\TP001\Home\Lib\Action\IndexAction.class.php 第 11 行.
INFO: [ view_template ] --START--
INFO: Run LocationTemplate Behavior [ RunTime:0.001052s ]
INFO: [ view_template ] --END-- [ RunTime:0.001211s ]
INFO: [ view_parse ] --START--
INFO: Run ParseTemplate Behavior [ RunTime:0.013738s ]
INFO: [ view_parse ] --END-- [ RunTime:0.013942s ]
INFO: [ view_filter ] --START--
INFO: Run ContentReplace Behavior [ RunTime:0.000714s ]
INFO: Run TokenBuild Behavior [ RunTime:0.000829s ]
INFO: Run WriteHtmlCache Behavior [ RunTime:0.000544s ]
INFO: Run ShowRuntime Behavior [ RunTime:0.000928s ]
INFO: [ view_filter ] --END-- [ RunTime:0.003586s ]
INFO: [ view_end ] --START--
INFO: Run ShowPageTrace Behavior [ RunTime:0.000949s ]
INFO: [ view_end ] --END-- [ RunTime:0.001110s ]

[ 2014-10-13T12:35:39+08:00 ] 127.0.0.1 /TP001/index.php/Index/index/
INFO: [ route_check ] --START--
INFO: Run CheckRoute Behavior [ RunTime:0.001241s ]
INFO: [ route_check ] --END-- [ RunTime:0.001427s ]
INFO: [ app_begin ] --START--
INFO: Run ReadHtmlCache Behavior [ RunTime:0.000919s ]
INFO: [ app_begin ] --END-- [ RunTime:0.001083s ]
NOTIC: [2048] Declaration of IndexAction::show() should be compatible with that of Action::show() C:\wamp\www\TP001\Home\Lib\Action\IndexAction.class.php 第 15 行.
INFO: [ view_template ] --START--
INFO: Run LocationTemplate Behavior [ RunTime:0.001284s ]
INFO: [ view_template ] --END-- [ RunTime:0.001447s ]
INFO: [ view_parse ] --START--
INFO: Run ParseTemplate Behavior [ RunTime:0.014327s ]
INFO: [ view_parse ] --END-- [ RunTime:0.014525s ]
INFO: [ view_filter ] --START--
INFO: Run ContentReplace Behavior [ RunTime:0.000670s ]
INFO: Run TokenBuild Behavior [ RunTime:0.000702s ]
INFO: Run WriteHtmlCache Behavior [ RunTime:0.000523s ]
INFO: Run ShowRuntime Behavior [ RunTime:0.000921s ]
INFO: [ view_filter ] --END-- [ RunTime:0.003174s ]
INFO: [ view_end ] --START--
INFO: Run ShowPageTrace Behavior [ RunTime:0.001004s ]
INFO: [ view_end ] --END-- [ RunTime:0.001145s ]

[ 2014-10-13T13:03:00+08:00 ] 127.0.0.1 /TP001/index.php/Index/index.html
INFO: [ route_check ] --START--
INFO: Run CheckRoute Behavior [ RunTime:0.001816s ]
INFO: [ route_check ] --END-- [ RunTime:0.002004s ]
INFO: [ app_begin ] --START--
INFO: Run ReadHtmlCache Behavior [ RunTime:0.001281s ]
INFO: [ app_begin ] --END-- [ RunTime:0.001514s ]
NOTIC: [2048] Declaration of IndexAction::show() should be compatible with that of Action::show() C:\wamp\www\TP001\Home\Lib\Action\IndexAction.class.php 第 15 行.
INFO: [ view_template ] --START--
INFO: Run LocationTemplate Behavior [ RunTime:0.001681s ]
INFO: [ view_template ] --END-- [ RunTime:0.001882s ]
INFO: [ view_parse ] --START--
INFO: Run ParseTemplate Behavior [ RunTime:0.011580s ]
INFO: [ view_parse ] --END-- [ RunTime:0.011774s ]
INFO: [ view_filter ] --START--
INFO: Run ContentReplace Behavior [ RunTime:0.000892s ]
INFO: Run TokenBuild Behavior [ RunTime:0.000899s ]
INFO: Run WriteHtmlCache Behavior [ RunTime:0.000668s ]
INFO: Run ShowRuntime Behavior [ RunTime:0.000974s ]
INFO: [ view_filter ] --END-- [ RunTime:0.003906s ]
INFO: [ view_end ] --START--
INFO: Run ShowPageTrace Behavior [ RunTime:0.000972s ]
INFO: [ view_end ] --END-- [ RunTime:0.001112s ]

[ 2014-10-13T13:03:10+08:00 ] 127.0.0.1 /TP001/index.php/Index/show.html
INFO: [ route_check ] --START--
INFO: Run CheckRoute Behavior [ RunTime:0.001262s ]
INFO: [ route_check ] --END-- [ RunTime:0.001445s ]
INFO: [ app_begin ] --START--
INFO: Run ReadHtmlCache Behavior [ RunTime:0.000952s ]
INFO: [ app_begin ] --END-- [ RunTime:0.001118s ]
NOTIC: [2048] Declaration of IndexAction::show() should be compatible with that of Action::show() C:\wamp\www\TP001\Home\Lib\Action\IndexAction.class.php 第 15 行.
NOTIC: [8] Use of undefined constant index - assumed 'index' C:\wamp\www\TP001\Home\Lib\Action\IndexAction.class.php 第 13 行.
INFO: [ view_template ] --START--
INFO: Run LocationTemplate Behavior [ RunTime:0.000742s ]
INFO: [ view_template ] --END-- [ RunTime:0.000883s ]
INFO: [ view_parse ] --START--
NOTIC: [8] Undefined variable: TplTestData C:\wamp\www\TP001\Home\Runtime\Cache\7e4848229090366086cc7eeb3bfc0798.php 第 7 行.
INFO: Run ParseTemplate Behavior [ RunTime:0.010019s ]
INFO: [ view_parse ] --END-- [ RunTime:0.010180s ]
INFO: [ view_filter ] --START--
INFO: Run ContentReplace Behavior [ RunTime:0.000670s ]
INFO: Run TokenBuild Behavior [ RunTime:0.000793s ]
INFO: Run WriteHtmlCache Behavior [ RunTime:0.000498s ]
INFO: Run ShowRuntime Behavior [ RunTime:0.000877s ]
INFO: [ view_filter ] --END-- [ RunTime:0.003281s ]
INFO: [ view_end ] --START--
INFO: Run ShowPageTrace Behavior [ RunTime:0.000921s ]
INFO: [ view_end ] --END-- [ RunTime:0.001045s ]

[ 2014-10-13T13:03:56+08:00 ] 127.0.0.1 /TP001/index.php/Index/show.html
INFO: [ route_check ] --START--
INFO: Run CheckRoute Behavior [ RunTime:0.001299s ]
INFO: [ route_check ] --END-- [ RunTime:0.001482s ]
INFO: [ app_begin ] --START--
INFO: Run ReadHtmlCache Behavior [ RunTime:0.000984s ]
INFO: [ app_begin ] --END-- [ RunTime:0.001127s ]
NOTIC: [2048] Declaration of IndexAction::show() should be compatible with that of Action::show() C:\wamp\www\TP001\Home\Lib\Action\IndexAction.class.php 第 17 行.
NOTIC: [8] Use of undefined constant index - assumed 'index' C:\wamp\www\TP001\Home\Lib\Action\IndexAction.class.php 第 15 行.
INFO: [ view_template ] --START--
INFO: Run LocationTemplate Behavior [ RunTime:0.000925s ]
INFO: [ view_template ] --END-- [ RunTime:0.001115s ]
INFO: [ view_parse ] --START--
INFO: Run ParseTemplate Behavior [ RunTime:0.009938s ]
INFO: [ view_parse ] --END-- [ RunTime:0.010125s ]
INFO: [ view_filter ] --START--
INFO: Run ContentReplace Behavior [ RunTime:0.000646s ]
INFO: Run TokenBuild Behavior [ RunTime:0.000710s ]
INFO: Run WriteHtmlCache Behavior [ RunTime:0.000532s ]
INFO: Run ShowRuntime Behavior [ RunTime:0.000873s ]
INFO: [ view_filter ] --END-- [ RunTime:0.003236s ]
INFO: [ view_end ] --START--
INFO: Run ShowPageTrace Behavior [ RunTime:0.000944s ]
INFO: [ view_end ] --END-- [ RunTime:0.001110s ]

[ 2014-10-13T14:29:11+08:00 ] 127.0.0.1 /TP001/index.php/Index/show.html
INFO: [ route_check ] --START--
INFO: Run CheckRoute Behavior [ RunTime:0.001653s ]
INFO: [ route_check ] --END-- [ RunTime:0.001842s ]
INFO: [ app_begin ] --START--
INFO: Run ReadHtmlCache Behavior [ RunTime:0.001065s ]
INFO: [ app_begin ] --END-- [ RunTime:0.001231s ]
NOTIC: [2048] Declaration of IndexAction::show() should be compatible with that of Action::show() C:\wamp\www\TP001\Home\Lib\Action\IndexAction.class.php 第 17 行.
NOTIC: [8] Use of undefined constant index - assumed 'index' C:\wamp\www\TP001\Home\Lib\Action\IndexAction.class.php 第 15 行.
INFO: [ view_template ] --START--
INFO: Run LocationTemplate Behavior [ RunTime:0.001524s ]
INFO: [ view_template ] --END-- [ RunTime:0.001721s ]
INFO: [ view_parse ] --START--
INFO: Run ParseTemplate Behavior [ RunTime:0.016008s ]
INFO: [ view_parse ] --END-- [ RunTime:0.016214s ]
INFO: [ view_filter ] --START--
INFO: Run ContentReplace Behavior [ RunTime:0.000867s ]
INFO: Run TokenBuild Behavior [ RunTime:0.000928s ]
INFO: Run WriteHtmlCache Behavior [ RunTime:0.000706s ]
INFO: Run ShowRuntime Behavior [ RunTime:0.000963s ]
INFO: [ view_filter ] --END-- [ RunTime:0.003919s ]
INFO: [ view_end ] --START--
INFO: Run ShowPageTrace Behavior [ RunTime:0.000893s ]
INFO: [ view_end ] --END-- [ RunTime:0.001021s ]

[ 2014-10-13T14:29:33+08:00 ] 127.0.0.1 /TP001/index.php/Index/show.html
INFO: [ route_check ] --START--
INFO: Run CheckRoute Behavior [ RunTime:0.001220s ]
INFO: [ route_check ] --END-- [ RunTime:0.001405s ]
INFO: [ app_begin ] --START--
INFO: Run ReadHtmlCache Behavior [ RunTime:0.001021s ]
INFO: [ app_begin ] --END-- [ RunTime:0.001195s ]
NOTIC: [2048] Declaration of IndexAction::show() should be compatible with that of Action::show() C:\wamp\www\TP001\Home\Lib\Action\IndexAction.class.php 第 17 行.
NOTIC: [8] Use of undefined constant index - assumed 'index' C:\wamp\www\TP001\Home\Lib\Action\IndexAction.class.php 第 15 行.
INFO: [ view_template ] --START--
INFO: Run LocationTemplate Behavior [ RunTime:0.000800s ]
INFO: [ view_template ] --END-- [ RunTime:0.000942s ]
INFO: [ view_parse ] --START--
INFO: Run ParseTemplate Behavior [ RunTime:0.010416s ]
INFO: [ view_parse ] --END-- [ RunTime:0.010590s ]
INFO: [ view_filter ] --START--
INFO: Run ContentReplace Behavior [ RunTime:0.000490s ]
INFO: Run TokenBuild Behavior [ RunTime:0.000594s ]
INFO: Run WriteHtmlCache Behavior [ RunTime:0.000527s ]
INFO: Run ShowRuntime Behavior [ RunTime:0.000647s ]
INFO: [ view_filter ] --END-- [ RunTime:0.002631s ]
INFO: [ view_end ] --START--
INFO: Run ShowPageTrace Behavior [ RunTime:0.000721s ]
INFO: [ view_end ] --END-- [ RunTime:0.000885s ]

[ 2014-10-13T14:29:42+08:00 ] 127.0.0.1 /TP001/index.php/Index/index.html
INFO: [ route_check ] --START--
INFO: Run CheckRoute Behavior [ RunTime:0.001340s ]
INFO: [ route_check ] --END-- [ RunTime:0.001523s ]
INFO: [ app_begin ] --START--
INFO: Run ReadHtmlCache Behavior [ RunTime:0.000931s ]
INFO: [ app_begin ] --END-- [ RunTime:0.001096s ]
NOTIC: [2048] Declaration of IndexAction::show() should be compatible with that of Action::show() C:\wamp\www\TP001\Home\Lib\Action\IndexAction.class.php 第 17 行.
INFO: [ view_template ] --START--
INFO: Run LocationTemplate Behavior [ RunTime:0.000800s ]
INFO: [ view_template ] --END-- [ RunTime:0.001012s ]
INFO: [ view_parse ] --START--
INFO: Run ParseTemplate Behavior [ RunTime:0.010657s ]
INFO: [ view_parse ] --END-- [ RunTime:0.010849s ]
INFO: [ view_filter ] --START--
INFO: Run ContentReplace Behavior [ RunTime:0.000493s ]
INFO: Run TokenBuild Behavior [ RunTime:0.000569s ]
INFO: Run WriteHtmlCache Behavior [ RunTime:0.000495s ]
INFO: Run ShowRuntime Behavior [ RunTime:0.000706s ]
INFO: [ view_filter ] --END-- [ RunTime:0.002704s ]
INFO: [ view_end ] --START--
INFO: Run ShowPageTrace Behavior [ RunTime:0.000823s ]
INFO: [ view_end ] --END-- [ RunTime:0.000966s ]

